#! /c/Source/iverilog-install/bin/vvp
:ivl_version "12.0 (devel)" "(s20150603-1110-g18392a46)";
:ivl_delay_selection "TYPICAL";
:vpi_time_precision - 12;
:vpi_module "C:\iverilog\lib\ivl\system.vpi";
:vpi_module "C:\iverilog\lib\ivl\vhdl_sys.vpi";
:vpi_module "C:\iverilog\lib\ivl\vhdl_textio.vpi";
:vpi_module "C:\iverilog\lib\ivl\v2005_math.vpi";
:vpi_module "C:\iverilog\lib\ivl\va_math.vpi";
S_00000194e5d72ba0 .scope module, "Mealy_Sequence_Detector" "Mealy_Sequence_Detector" 2 3;
 .timescale -9 -12;
    .port_info 0 /INPUT 1 "clk";
    .port_info 1 /INPUT 1 "rst_n";
    .port_info 2 /INPUT 1 "in";
    .port_info 3 /OUTPUT 1 "dec";
o00000194e5da7438 .functor BUFZ 1, C4<z>; HiZ drive
L_00000194e5defcc8 .functor BUFT 1, C4<1>, C4<0>, C4<0>, C4<0>;
L_00000194e5d73380 .functor XNOR 1, o00000194e5da7438, L_00000194e5defcc8, C4<0>, C4<0>;
L_00000194e5e38010 .functor AND 1, L_00000194e5da22f0, L_00000194e5d73380, C4<1>, C4<1>;
L_00000194e5defd58 .functor BUFT 1, C4<1>, C4<0>, C4<0>, C4<0>;
L_00000194e5e37fa0 .functor XNOR 1, o00000194e5da7438, L_00000194e5defd58, C4<0>, C4<0>;
L_00000194e5e38080 .functor AND 1, L_00000194e5da2930, L_00000194e5e37fa0, C4<1>, C4<1>;
L_00000194e5e37c90 .functor OR 1, L_00000194e5e38010, L_00000194e5e38080, C4<0>, C4<0>;
L_00000194e5defde8 .functor BUFT 1, C4<0>, C4<0>, C4<0>, C4<0>;
L_00000194e5e38240 .functor XNOR 1, o00000194e5da7438, L_00000194e5defde8, C4<0>, C4<0>;
L_00000194e5e380f0 .functor AND 1, L_00000194e5da12b0, L_00000194e5e38240, C4<1>, C4<1>;
L_00000194e5e38160 .functor OR 1, L_00000194e5e37c90, L_00000194e5e380f0, C4<0>, C4<0>;
L_00000194e5e381d0 .functor AND 1, L_00000194e5da1fd0, L_00000194e5e38160, C4<1>, C4<1>;
o00000194e5da7468 .functor BUFZ 1, C4<z>; HiZ drive
L_00000194e5e37e50 .functor AND 1, o00000194e5da7468, L_00000194e5e381d0, C4<1>, C4<1>;
L_00000194e5defc38 .functor BUFT 1, C4<11>, C4<0>, C4<0>, C4<0>;
v00000194e5d96880_0 .net/2u *"_ivl_0", 1 0, L_00000194e5defc38;  1 drivers
v00000194e5d96d80_0 .net *"_ivl_10", 0 0, L_00000194e5d73380;  1 drivers
v00000194e5d966a0_0 .net *"_ivl_13", 0 0, L_00000194e5e38010;  1 drivers
L_00000194e5defd10 .functor BUFT 1, C4<100>, C4<0>, C4<0>, C4<0>;
v00000194e5d96560_0 .net/2u *"_ivl_14", 2 0, L_00000194e5defd10;  1 drivers
v00000194e5d97320_0 .net *"_ivl_16", 0 0, L_00000194e5da2930;  1 drivers
v00000194e5d96f60_0 .net/2u *"_ivl_18", 0 0, L_00000194e5defd58;  1 drivers
v00000194e5d97000_0 .net *"_ivl_2", 0 0, L_00000194e5da1fd0;  1 drivers
v00000194e5d97280_0 .net *"_ivl_20", 0 0, L_00000194e5e37fa0;  1 drivers
v00000194e5d96600_0 .net *"_ivl_23", 0 0, L_00000194e5e38080;  1 drivers
v00000194e5d96740_0 .net *"_ivl_25", 0 0, L_00000194e5e37c90;  1 drivers
L_00000194e5defda0 .functor BUFT 1, C4<111>, C4<0>, C4<0>, C4<0>;
v00000194e5d96e20_0 .net/2u *"_ivl_26", 2 0, L_00000194e5defda0;  1 drivers
v00000194e5d969c0_0 .net *"_ivl_28", 0 0, L_00000194e5da12b0;  1 drivers
v00000194e5d96ec0_0 .net/2u *"_ivl_30", 0 0, L_00000194e5defde8;  1 drivers
v00000194e5d970a0_0 .net *"_ivl_32", 0 0, L_00000194e5e38240;  1 drivers
v00000194e5d96a60_0 .net *"_ivl_35", 0 0, L_00000194e5e380f0;  1 drivers
v00000194e5d967e0_0 .net *"_ivl_37", 0 0, L_00000194e5e38160;  1 drivers
v00000194e5d97140_0 .net *"_ivl_39", 0 0, L_00000194e5e381d0;  1 drivers
L_00000194e5defc80 .functor BUFT 1, C4<011>, C4<0>, C4<0>, C4<0>;
v00000194e5d96b00_0 .net/2u *"_ivl_4", 2 0, L_00000194e5defc80;  1 drivers
v00000194e5d96ba0_0 .net *"_ivl_6", 0 0, L_00000194e5da22f0;  1 drivers
v00000194e5d971e0_0 .net/2u *"_ivl_8", 0 0, L_00000194e5defcc8;  1 drivers
v00000194e5d973c0_0 .var "arr", 2 0;
o00000194e5da73a8 .functor BUFZ 1, C4<z>; HiZ drive
v00000194e5d96c40_0 .net "clk", 0 0, o00000194e5da73a8;  0 drivers
v00000194e5d96ce0_0 .var "counter", 1 0;
v00000194e5da29d0_0 .net "dec", 0 0, L_00000194e5e37e50;  1 drivers
v00000194e5da24d0_0 .net "in", 0 0, o00000194e5da7438;  0 drivers
v00000194e5da1d50_0 .net "rst_n", 0 0, o00000194e5da7468;  0 drivers
E_00000194e5eba560 .event posedge, v00000194e5d96c40_0;
L_00000194e5da1fd0 .cmp/eq 2, v00000194e5d96ce0_0, L_00000194e5defc38;
L_00000194e5da22f0 .cmp/eq 3, v00000194e5d973c0_0, L_00000194e5defc80;
L_00000194e5da2930 .cmp/eq 3, v00000194e5d973c0_0, L_00000194e5defd10;
L_00000194e5da12b0 .cmp/eq 3, v00000194e5d973c0_0, L_00000194e5defda0;
    .scope S_00000194e5d72ba0;
T_0 ;
    %wait E_00000194e5eba560;
    %load/vec4 v00000194e5da1d50_0;
    %nor/r;
    %flag_set/vec4 8;
    %jmp/0xz  T_0.0, 8;
    %pushi/vec4 0, 0, 2;
    %assign/vec4 v00000194e5d96ce0_0, 0;
    %pushi/vec4 0, 0, 3;
    %assign/vec4 v00000194e5d973c0_0, 0;
    %jmp T_0.1;
T_0.0 ;
    %load/vec4 v00000194e5d96ce0_0;
    %cmpi/e 3, 0, 2;
    %jmp/0xz  T_0.2, 4;
    %pushi/vec4 0, 0, 2;
    %assign/vec4 v00000194e5d96ce0_0, 0;
    %pushi/vec4 0, 0, 3;
    %assign/vec4 v00000194e5d973c0_0, 0;
    %jmp T_0.3;
T_0.2 ;
    %load/vec4 v00000194e5d96ce0_0;
    %addi 1, 0, 2;
    %assign/vec4 v00000194e5d96ce0_0, 0;
    %load/vec4 v00000194e5d973c0_0;
    %parti/s 2, 0, 2;
    %load/vec4 v00000194e5da24d0_0;
    %concat/vec4; draw_concat_vec4
    %assign/vec4 v00000194e5d973c0_0, 0;
T_0.3 ;
T_0.1 ;
    %jmp T_0;
    .thread T_0;
# The file index is used to find the file name in the following table.
:file_names 3;
    "N/A";
    "<interactive>";
    "Lab4_Team1_Mealy_Sequence_Detector.v";
