
*** Running vivado
    with args -log Top.vds -m64 -product Vivado -mode batch -messageDb vivado.pb -notrace -source Top.tcl


****** Vivado v2019.2 (64-bit)
  **** SW Build 2708876 on Wed Nov  6 21:40:23 MST 2019
  **** IP Build 2700528 on Thu Nov  7 00:09:20 MST 2019
    ** Copyright 1986-2019 Xilinx, Inc. All Rights Reserved.

source Top.tcl -notrace
Command: synth_design -top Top -part xc7a35tcpg236-1
Starting synth_design
Attempting to get a license for feature 'Synthesis' and/or device 'xc7a35t'
INFO: [Common 17-349] Got license for feature 'Synthesis' and/or device 'xc7a35t'
INFO: [Device 21-403] Loading part xc7a35tcpg236-1
INFO: Launching helper process for spawning children vivado processes
INFO: Helper process launched with PID 7804 
---------------------------------------------------------------------------------
Starting RTL Elaboration : Time (s): cpu = 00:00:02 ; elapsed = 00:00:03 . Memory (MB): peak = 769.586 ; gain = 235.328
---------------------------------------------------------------------------------
INFO: [Synth 8-6157] synthesizing module 'Top' [C:/Users/User/Desktop/HDL/Hardware-Design/johnny/Lab6/car_sample_code/car_sample_code/top.v:1]
INFO: [Synth 8-6157] synthesizing module 'debounce' [C:/Users/User/Desktop/HDL/Hardware-Design/johnny/Lab6/car_sample_code/car_sample_code/top.v:55]
INFO: [Synth 8-6155] done synthesizing module 'debounce' (1#1) [C:/Users/User/Desktop/HDL/Hardware-Design/johnny/Lab6/car_sample_code/car_sample_code/top.v:55]
INFO: [Synth 8-6157] synthesizing module 'onepulse' [C:/Users/User/Desktop/HDL/Hardware-Design/johnny/Lab6/car_sample_code/car_sample_code/top.v:68]
INFO: [Synth 8-6155] done synthesizing module 'onepulse' (2#1) [C:/Users/User/Desktop/HDL/Hardware-Design/johnny/Lab6/car_sample_code/car_sample_code/top.v:68]
INFO: [Synth 8-6157] synthesizing module 'motor' [C:/Users/User/Desktop/HDL/Hardware-Design/johnny/Lab6/car_sample_code/car_sample_code/motor.v:1]
INFO: [Synth 8-6157] synthesizing module 'motor_pwm' [C:/Users/User/Desktop/HDL/Hardware-Design/johnny/Lab6/car_sample_code/car_sample_code/motor.v:41]
INFO: [Synth 8-6157] synthesizing module 'PWM_gen' [C:/Users/User/Desktop/HDL/Hardware-Design/johnny/Lab6/car_sample_code/car_sample_code/motor.v:59]
INFO: [Synth 8-6155] done synthesizing module 'PWM_gen' (3#1) [C:/Users/User/Desktop/HDL/Hardware-Design/johnny/Lab6/car_sample_code/car_sample_code/motor.v:59]
INFO: [Synth 8-6155] done synthesizing module 'motor_pwm' (4#1) [C:/Users/User/Desktop/HDL/Hardware-Design/johnny/Lab6/car_sample_code/car_sample_code/motor.v:41]
INFO: [Synth 8-6155] done synthesizing module 'motor' (5#1) [C:/Users/User/Desktop/HDL/Hardware-Design/johnny/Lab6/car_sample_code/car_sample_code/motor.v:1]
INFO: [Synth 8-6157] synthesizing module 'sonic_top' [C:/Users/User/Desktop/HDL/Hardware-Design/johnny/Lab6/car_sample_code/car_sample_code/sonic.v:1]
INFO: [Synth 8-6157] synthesizing module 'div' [C:/Users/User/Desktop/HDL/Hardware-Design/johnny/Lab6/car_sample_code/car_sample_code/sonic.v:121]
INFO: [Synth 8-6155] done synthesizing module 'div' (6#1) [C:/Users/User/Desktop/HDL/Hardware-Design/johnny/Lab6/car_sample_code/car_sample_code/sonic.v:121]
INFO: [Synth 8-6157] synthesizing module 'TrigSignal' [C:/Users/User/Desktop/HDL/Hardware-Design/johnny/Lab6/car_sample_code/car_sample_code/sonic.v:91]
INFO: [Synth 8-6155] done synthesizing module 'TrigSignal' (7#1) [C:/Users/User/Desktop/HDL/Hardware-Design/johnny/Lab6/car_sample_code/car_sample_code/sonic.v:91]
INFO: [Synth 8-6157] synthesizing module 'PosCounter' [C:/Users/User/Desktop/HDL/Hardware-Design/johnny/Lab6/car_sample_code/car_sample_code/sonic.v:20]
	Parameter S0 bound to: 2'b00 
	Parameter S1 bound to: 2'b01 
	Parameter S2 bound to: 2'b10 
INFO: [Synth 8-6155] done synthesizing module 'PosCounter' (8#1) [C:/Users/User/Desktop/HDL/Hardware-Design/johnny/Lab6/car_sample_code/car_sample_code/sonic.v:20]
INFO: [Synth 8-6155] done synthesizing module 'sonic_top' (9#1) [C:/Users/User/Desktop/HDL/Hardware-Design/johnny/Lab6/car_sample_code/car_sample_code/sonic.v:1]
INFO: [Synth 8-6157] synthesizing module 'tracker_sensor' [C:/Users/User/Desktop/HDL/Hardware-Design/johnny/Lab6/car_sample_code/car_sample_code/tracker_sensor.v:2]
INFO: [Synth 8-6155] done synthesizing module 'tracker_sensor' (10#1) [C:/Users/User/Desktop/HDL/Hardware-Design/johnny/Lab6/car_sample_code/car_sample_code/tracker_sensor.v:2]
WARNING: [Synth 8-7023] instance 'C' of module 'tracker_sensor' has 6 connections declared, but only 4 given [C:/Users/User/Desktop/HDL/Hardware-Design/johnny/Lab6/car_sample_code/car_sample_code/top.v:35]
INFO: [Synth 8-6155] done synthesizing module 'Top' (11#1) [C:/Users/User/Desktop/HDL/Hardware-Design/johnny/Lab6/car_sample_code/car_sample_code/top.v:1]
---------------------------------------------------------------------------------
Finished RTL Elaboration : Time (s): cpu = 00:00:03 ; elapsed = 00:00:04 . Memory (MB): peak = 842.414 ; gain = 308.156
---------------------------------------------------------------------------------

Report Check Netlist: 
+------+------------------+-------+---------+-------+------------------+
|      |Item              |Errors |Warnings |Status |Description       |
+------+------------------+-------+---------+-------+------------------+
|1     |multi_driven_nets |      0|        0|Passed |Multi driven nets |
+------+------------------+-------+---------+-------+------------------+
---------------------------------------------------------------------------------
Start Handling Custom Attributes
---------------------------------------------------------------------------------
---------------------------------------------------------------------------------
Finished Handling Custom Attributes : Time (s): cpu = 00:00:04 ; elapsed = 00:00:04 . Memory (MB): peak = 842.414 ; gain = 308.156
---------------------------------------------------------------------------------
---------------------------------------------------------------------------------
Finished RTL Optimization Phase 1 : Time (s): cpu = 00:00:04 ; elapsed = 00:00:04 . Memory (MB): peak = 842.414 ; gain = 308.156
---------------------------------------------------------------------------------
Netlist sorting complete. Time (s): cpu = 00:00:00 ; elapsed = 00:00:00.006 . Memory (MB): peak = 842.414 ; gain = 0.000
INFO: [Project 1-570] Preparing netlist for logic optimization

Processing XDC Constraints
Initializing timing engine
Parsing XDC File [C:/Users/User/project_1/project_1.srcs/constrs_1/new/carcon.xdc]
Finished Parsing XDC File [C:/Users/User/project_1/project_1.srcs/constrs_1/new/carcon.xdc]
INFO: [Project 1-236] Implementation specific constraints were found while reading constraint file [C:/Users/User/project_1/project_1.srcs/constrs_1/new/carcon.xdc]. These constraints will be ignored for synthesis but will be used in implementation. Impacted constraints are listed in the file [.Xil/Top_propImpl.xdc].
Resolution: To avoid this warning, move constraints listed in [.Xil/Top_propImpl.xdc] to another XDC file and exclude this new file from synthesis with the used_in_synthesis property (File Properties dialog in GUI) and re-run elaboration/synthesis.
Completed Processing XDC Constraints

Netlist sorting complete. Time (s): cpu = 00:00:00 ; elapsed = 00:00:00 . Memory (MB): peak = 926.902 ; gain = 0.000
INFO: [Project 1-111] Unisim Transformation Summary:
No Unisim elements were transformed.

Constraint Validation Runtime : Time (s): cpu = 00:00:00 ; elapsed = 00:00:00.002 . Memory (MB): peak = 926.902 ; gain = 0.000
---------------------------------------------------------------------------------
Finished Constraint Validation : Time (s): cpu = 00:00:08 ; elapsed = 00:00:09 . Memory (MB): peak = 926.902 ; gain = 392.645
---------------------------------------------------------------------------------
---------------------------------------------------------------------------------
Start Loading Part and Timing Information
---------------------------------------------------------------------------------
Loading part: xc7a35tcpg236-1
---------------------------------------------------------------------------------
Finished Loading Part and Timing Information : Time (s): cpu = 00:00:08 ; elapsed = 00:00:09 . Memory (MB): peak = 926.902 ; gain = 392.645
---------------------------------------------------------------------------------
---------------------------------------------------------------------------------
Start Applying 'set_property' XDC Constraints
---------------------------------------------------------------------------------
---------------------------------------------------------------------------------
Finished applying 'set_property' XDC Constraints : Time (s): cpu = 00:00:08 ; elapsed = 00:00:09 . Memory (MB): peak = 926.902 ; gain = 392.645
---------------------------------------------------------------------------------
INFO: [Synth 8-5845] Not enough pipeline registers after wide multiplier. Recommended levels of pipeline registers is 2 [C:/Users/User/Desktop/HDL/Hardware-Design/johnny/Lab6/car_sample_code/car_sample_code/motor.v:67]
---------------------------------------------------------------------------------
Finished RTL Optimization Phase 2 : Time (s): cpu = 00:00:08 ; elapsed = 00:00:09 . Memory (MB): peak = 926.902 ; gain = 392.645
---------------------------------------------------------------------------------

Report RTL Partitions: 
+-+--------------+------------+----------+
| |RTL Partition |Replication |Instances |
+-+--------------+------------+----------+
+-+--------------+------------+----------+
---------------------------------------------------------------------------------
Start RTL Component Statistics 
---------------------------------------------------------------------------------
Detailed RTL Component Info : 
+---Adders : 
	   2 Input     24 Bit       Adders := 1     
	   2 Input     20 Bit       Adders := 1     
	   2 Input      7 Bit       Adders := 1     
+---Registers : 
	               24 Bit    Registers := 1     
	               20 Bit    Registers := 2     
	               10 Bit    Registers := 2     
	                7 Bit    Registers := 1     
	                5 Bit    Registers := 1     
	                3 Bit    Registers := 1     
	                2 Bit    Registers := 1     
	                1 Bit    Registers := 8     
+---Muxes : 
	   3 Input     24 Bit        Muxes := 1     
	   4 Input     20 Bit        Muxes := 2     
	   6 Input     10 Bit        Muxes := 2     
	   3 Input      3 Bit        Muxes := 1     
	   5 Input      2 Bit        Muxes := 1     
	   2 Input      2 Bit        Muxes := 1     
	   3 Input      1 Bit        Muxes := 1     
	   4 Input      1 Bit        Muxes := 1     
---------------------------------------------------------------------------------
Finished RTL Component Statistics 
---------------------------------------------------------------------------------
---------------------------------------------------------------------------------
Start RTL Hierarchical Component Statistics 
---------------------------------------------------------------------------------
Hierarchical RTL Component report 
Module Top 
Detailed RTL Component Info : 
+---Muxes : 
	   2 Input      2 Bit        Muxes := 1     
Module debounce 
Detailed RTL Component Info : 
+---Registers : 
	                5 Bit    Registers := 1     
Module onepulse 
Detailed RTL Component Info : 
+---Registers : 
	                1 Bit    Registers := 2     
Module PWM_gen 
Detailed RTL Component Info : 
+---Registers : 
	                1 Bit    Registers := 1     
Module motor 
Detailed RTL Component Info : 
+---Registers : 
	               10 Bit    Registers := 2     
+---Muxes : 
	   6 Input     10 Bit        Muxes := 2     
Module div 
Detailed RTL Component Info : 
+---Adders : 
	   2 Input      7 Bit       Adders := 1     
+---Registers : 
	                7 Bit    Registers := 1     
	                1 Bit    Registers := 1     
Module TrigSignal 
Detailed RTL Component Info : 
+---Adders : 
	   2 Input     24 Bit       Adders := 1     
+---Registers : 
	               24 Bit    Registers := 1     
	                1 Bit    Registers := 1     
+---Muxes : 
	   3 Input     24 Bit        Muxes := 1     
	   3 Input      1 Bit        Muxes := 1     
Module PosCounter 
Detailed RTL Component Info : 
+---Adders : 
	   2 Input     20 Bit       Adders := 1     
+---Registers : 
	               20 Bit    Registers := 2     
	                2 Bit    Registers := 1     
	                1 Bit    Registers := 2     
+---Muxes : 
	   4 Input     20 Bit        Muxes := 2     
	   5 Input      2 Bit        Muxes := 1     
	   4 Input      1 Bit        Muxes := 1     
Module tracker_sensor 
Detailed RTL Component Info : 
+---Registers : 
	                3 Bit    Registers := 1     
+---Muxes : 
	   3 Input      3 Bit        Muxes := 1     
---------------------------------------------------------------------------------
Finished RTL Hierarchical Component Statistics
---------------------------------------------------------------------------------
---------------------------------------------------------------------------------
Start Part Resource Summary
---------------------------------------------------------------------------------
Part Resources:
DSPs: 90 (col length:60)
BRAMs: 100 (col length: RAMB18 60 RAMB36 30)
---------------------------------------------------------------------------------
Finished Part Resource Summary
---------------------------------------------------------------------------------
---------------------------------------------------------------------------------
Start Cross Boundary and Area Optimization
---------------------------------------------------------------------------------
Warning: Parallel synthesis criteria is not met 
DSP Report: Generating DSP pwm_0/count_duty0, operation Mode is: A*B.
DSP Report: operator pwm_0/count_duty0 is absorbed into DSP pwm_0/count_duty0.
DSP Report: operator pwm_0/count_duty0 is absorbed into DSP pwm_0/count_duty0.
DSP Report: Generating DSP pwm_0/count_duty0, operation Mode is: (A:0xfa0)*B.
DSP Report: operator pwm_0/count_duty0 is absorbed into DSP pwm_0/count_duty0.
DSP Report: operator pwm_0/count_duty0 is absorbed into DSP pwm_0/count_duty0.
DSP Report: Generating DSP B/u2/distance_count0, operation Mode is: A2*(B:0x64).
DSP Report: register B/u2/distance_register_reg is absorbed into DSP B/u2/distance_count0.
DSP Report: operator B/u2/distance_count0 is absorbed into DSP B/u2/distance_count0.
INFO: [Synth 8-3886] merging instance 'A/right_motor_reg[0]' (FDR) to 'A/left_motor_reg[0]'
INFO: [Synth 8-3886] merging instance 'A/right_motor_reg[2]' (FDR) to 'A/right_motor_reg[4]'
INFO: [Synth 8-3886] merging instance 'A/right_motor_reg[3]' (FDR) to 'A/right_motor_reg[7]'
INFO: [Synth 8-3886] merging instance 'A/right_motor_reg[9]' (FDR) to 'A/left_motor_reg[9]'
INFO: [Synth 8-3333] propagating constant 0 across sequential element (\A/left_motor_reg[0] )
INFO: [Synth 8-3886] merging instance 'A/left_motor_reg[2]' (FDR) to 'A/left_motor_reg[4]'
INFO: [Synth 8-3886] merging instance 'A/left_motor_reg[3]' (FDR) to 'A/left_motor_reg[7]'
INFO: [Synth 8-3886] merging instance 'A/right_motor_reg[4]' (FDR) to 'A/left_motor_reg[4]'
INFO: [Synth 8-3886] merging instance 'i_1/A/m1/pwm_0/count_reg[29]' (FDC) to 'i_1/A/m1/pwm_0/count_reg[13]'
INFO: [Synth 8-3886] merging instance 'i_1/A/m1/pwm_0/count_reg[28]' (FDC) to 'i_1/A/m1/pwm_0/count_reg[13]'
INFO: [Synth 8-3886] merging instance 'i_1/A/m1/pwm_0/count_reg[23]' (FDC) to 'i_1/A/m1/pwm_0/count_reg[13]'
INFO: [Synth 8-3886] merging instance 'i_1/A/m1/pwm_0/count_reg[22]' (FDC) to 'i_1/A/m1/pwm_0/count_reg[13]'
INFO: [Synth 8-3886] merging instance 'i_1/A/m1/pwm_0/count_reg[27]' (FDC) to 'i_1/A/m1/pwm_0/count_reg[13]'
INFO: [Synth 8-3886] merging instance 'i_1/A/m1/pwm_0/count_reg[26]' (FDC) to 'i_1/A/m1/pwm_0/count_reg[13]'
INFO: [Synth 8-3886] merging instance 'i_1/A/m1/pwm_0/count_reg[25]' (FDC) to 'i_1/A/m1/pwm_0/count_reg[13]'
INFO: [Synth 8-3886] merging instance 'i_1/A/m1/pwm_0/count_reg[24]' (FDC) to 'i_1/A/m1/pwm_0/count_reg[13]'
INFO: [Synth 8-3886] merging instance 'i_1/A/m1/pwm_0/count_reg[18]' (FDC) to 'i_1/A/m1/pwm_0/count_reg[13]'
INFO: [Synth 8-3886] merging instance 'i_1/A/m1/pwm_0/count_reg[17]' (FDC) to 'i_1/A/m1/pwm_0/count_reg[13]'
INFO: [Synth 8-3886] merging instance 'i_1/A/m1/pwm_0/count_reg[16]' (FDC) to 'i_1/A/m1/pwm_0/count_reg[13]'
INFO: [Synth 8-3886] merging instance 'i_1/A/m1/pwm_0/count_reg[14]' (FDC) to 'i_1/A/m1/pwm_0/count_reg[13]'
INFO: [Synth 8-3886] merging instance 'i_1/A/m1/pwm_0/count_reg[21]' (FDC) to 'i_1/A/m1/pwm_0/count_reg[13]'
INFO: [Synth 8-3886] merging instance 'i_1/A/m1/pwm_0/count_reg[20]' (FDC) to 'i_1/A/m1/pwm_0/count_reg[13]'
INFO: [Synth 8-3886] merging instance 'i_1/A/m1/pwm_0/count_reg[19]' (FDC) to 'i_1/A/m1/pwm_0/count_reg[13]'
INFO: [Synth 8-3886] merging instance 'i_1/A/m1/pwm_0/count_reg[15]' (FDC) to 'i_1/A/m1/pwm_0/count_reg[13]'
INFO: [Synth 8-3886] merging instance 'i_1/A/m1/pwm_0/count_reg[31]' (FDC) to 'i_1/A/m1/pwm_0/count_reg[13]'
INFO: [Synth 8-3886] merging instance 'i_1/A/m1/pwm_0/count_reg[30]' (FDC) to 'i_1/A/m1/pwm_0/count_reg[13]'
INFO: [Synth 8-3886] merging instance 'i_1/A/m1/pwm_0/count_reg[13]' (FDC) to 'i_1/A/m0/pwm_0/count_reg[31]'
INFO: [Synth 8-3886] merging instance 'i_1/A/m0/pwm_0/count_reg[27]' (FDC) to 'i_1/A/m0/pwm_0/count_reg[31]'
INFO: [Synth 8-3886] merging instance 'i_1/A/m0/pwm_0/count_reg[26]' (FDC) to 'i_1/A/m0/pwm_0/count_reg[31]'
INFO: [Synth 8-3886] merging instance 'i_1/A/m0/pwm_0/count_reg[25]' (FDC) to 'i_1/A/m0/pwm_0/count_reg[31]'
INFO: [Synth 8-3886] merging instance 'i_1/A/m0/pwm_0/count_reg[24]' (FDC) to 'i_1/A/m0/pwm_0/count_reg[31]'
INFO: [Synth 8-3886] merging instance 'i_1/A/m0/pwm_0/count_reg[31]' (FDC) to 'i_1/A/m0/pwm_0/count_reg[30]'
INFO: [Synth 8-3886] merging instance 'i_1/A/m0/pwm_0/count_reg[30]' (FDC) to 'i_1/A/m0/pwm_0/count_reg[29]'
INFO: [Synth 8-3886] merging instance 'i_1/A/m0/pwm_0/count_reg[23]' (FDC) to 'i_1/A/m0/pwm_0/count_reg[29]'
INFO: [Synth 8-3886] merging instance 'i_1/A/m0/pwm_0/count_reg[22]' (FDC) to 'i_1/A/m0/pwm_0/count_reg[29]'
INFO: [Synth 8-3886] merging instance 'i_1/A/m0/pwm_0/count_reg[20]' (FDC) to 'i_1/A/m0/pwm_0/count_reg[29]'
INFO: [Synth 8-3886] merging instance 'i_1/A/m0/pwm_0/count_reg[18]' (FDC) to 'i_1/A/m0/pwm_0/count_reg[29]'
INFO: [Synth 8-3886] merging instance 'i_1/A/m0/pwm_0/count_reg[15]' (FDC) to 'i_1/A/m0/pwm_0/count_reg[29]'
INFO: [Synth 8-3886] merging instance 'i_1/A/m0/pwm_0/count_reg[21]' (FDC) to 'i_1/A/m0/pwm_0/count_reg[29]'
INFO: [Synth 8-3886] merging instance 'i_1/A/m0/pwm_0/count_reg[19]' (FDC) to 'i_1/A/m0/pwm_0/count_reg[29]'
INFO: [Synth 8-3886] merging instance 'i_1/A/m0/pwm_0/count_reg[16]' (FDC) to 'i_1/A/m0/pwm_0/count_reg[29]'
INFO: [Synth 8-3886] merging instance 'i_1/A/m0/pwm_0/count_reg[14]' (FDC) to 'i_1/A/m0/pwm_0/count_reg[29]'
INFO: [Synth 8-3886] merging instance 'i_1/A/m0/pwm_0/count_reg[29]' (FDC) to 'i_1/A/m0/pwm_0/count_reg[28]'
INFO: [Synth 8-3886] merging instance 'i_1/A/m0/pwm_0/count_reg[28]' (FDC) to 'i_1/A/m0/pwm_0/count_reg[17]'
INFO: [Synth 8-3886] merging instance 'i_1/A/m0/pwm_0/count_reg[17]' (FDC) to 'i_1/A/m0/pwm_0/count_reg[13]'
INFO: [Synth 8-3333] propagating constant 0 across sequential element (i_1/\A/m0/pwm_0/count_reg[13] )
---------------------------------------------------------------------------------
Finished Cross Boundary and Area Optimization : Time (s): cpu = 00:00:11 ; elapsed = 00:00:12 . Memory (MB): peak = 926.902 ; gain = 392.645
---------------------------------------------------------------------------------
---------------------------------------------------------------------------------
Start ROM, RAM, DSP and Shift Register Reporting
---------------------------------------------------------------------------------

DSP: Preliminary Mapping	Report (see note below)
+------------+-------------+--------+--------+--------+--------+--------+------+------+------+------+-------+------+------+
|Module Name | DSP Mapping | A Size | B Size | C Size | D Size | P Size | AREG | BREG | CREG | DREG | ADREG | MREG | PREG | 
+------------+-------------+--------+--------+--------+--------+--------+------+------+------+------+-------+------+------+
|PWM_gen     | A*B         | 14     | 11     | -      | -      | 48     | 0    | 0    | -    | -    | -     | 0    | 0    | 
|PWM_gen     | (A:0xfa0)*B | 11     | 13     | -      | -      | 32     | 0    | 0    | -    | -    | -     | 0    | 0    | 
|PosCounter  | A2*(B:0x64) | 20     | 7      | -      | -      | 27     | 1    | 0    | -    | -    | -     | 0    | 0    | 
+------------+-------------+--------+--------+--------+--------+--------+------+------+------+------+-------+------+------+

Note: The table above is a preliminary report that shows the DSPs inferred at the current stage of the synthesis flow. Some DSP may be reimplemented as non DSP primitives later in the synthesis flow. Multiple instantiated DSPs are reported only once.
---------------------------------------------------------------------------------
Finished ROM, RAM, DSP and Shift Register Reporting
---------------------------------------------------------------------------------

Report RTL Partitions: 
+-+--------------+------------+----------+
| |RTL Partition |Replication |Instances |
+-+--------------+------------+----------+
+-+--------------+------------+----------+
---------------------------------------------------------------------------------
Start Applying XDC Timing Constraints
---------------------------------------------------------------------------------
---------------------------------------------------------------------------------
Finished Applying XDC Timing Constraints : Time (s): cpu = 00:00:19 ; elapsed = 00:00:20 . Memory (MB): peak = 959.617 ; gain = 425.359
---------------------------------------------------------------------------------
---------------------------------------------------------------------------------
Start Timing Optimization
---------------------------------------------------------------------------------
---------------------------------------------------------------------------------
Finished Timing Optimization : Time (s): cpu = 00:00:19 ; elapsed = 00:00:20 . Memory (MB): peak = 959.988 ; gain = 425.730
---------------------------------------------------------------------------------

Report RTL Partitions: 
+-+--------------+------------+----------+
| |RTL Partition |Replication |Instances |
+-+--------------+------------+----------+
+-+--------------+------------+----------+
---------------------------------------------------------------------------------
Start Technology Mapping
---------------------------------------------------------------------------------
---------------------------------------------------------------------------------
Finished Technology Mapping : Time (s): cpu = 00:00:19 ; elapsed = 00:00:20 . Memory (MB): peak = 980.629 ; gain = 446.371
---------------------------------------------------------------------------------

Report RTL Partitions: 
+-+--------------+------------+----------+
| |RTL Partition |Replication |Instances |
+-+--------------+------------+----------+
+-+--------------+------------+----------+
---------------------------------------------------------------------------------
Start IO Insertion
---------------------------------------------------------------------------------
---------------------------------------------------------------------------------
Start Flattening Before IO Insertion
---------------------------------------------------------------------------------
---------------------------------------------------------------------------------
Finished Flattening Before IO Insertion
---------------------------------------------------------------------------------
---------------------------------------------------------------------------------
Start Final Netlist Cleanup
---------------------------------------------------------------------------------
---------------------------------------------------------------------------------
Finished Final Netlist Cleanup
---------------------------------------------------------------------------------
---------------------------------------------------------------------------------
Finished IO Insertion : Time (s): cpu = 00:00:22 ; elapsed = 00:00:23 . Memory (MB): peak = 986.402 ; gain = 452.145
---------------------------------------------------------------------------------
---------------------------------------------------------------------------------
Start Renaming Generated Instances
---------------------------------------------------------------------------------
---------------------------------------------------------------------------------
Finished Renaming Generated Instances : Time (s): cpu = 00:00:22 ; elapsed = 00:00:23 . Memory (MB): peak = 986.402 ; gain = 452.145
---------------------------------------------------------------------------------

Report RTL Partitions: 
+-+--------------+------------+----------+
| |RTL Partition |Replication |Instances |
+-+--------------+------------+----------+
+-+--------------+------------+----------+

Report Check Netlist: 
+------+------------------+-------+---------+-------+------------------+
|      |Item              |Errors |Warnings |Status |Description       |
+------+------------------+-------+---------+-------+------------------+
|1     |multi_driven_nets |      0|        0|Passed |Multi driven nets |
+------+------------------+-------+---------+-------+------------------+
---------------------------------------------------------------------------------
Start Rebuilding User Hierarchy
---------------------------------------------------------------------------------
---------------------------------------------------------------------------------
Finished Rebuilding User Hierarchy : Time (s): cpu = 00:00:22 ; elapsed = 00:00:23 . Memory (MB): peak = 986.402 ; gain = 452.145
---------------------------------------------------------------------------------
---------------------------------------------------------------------------------
Start Renaming Generated Ports
---------------------------------------------------------------------------------
---------------------------------------------------------------------------------
Finished Renaming Generated Ports : Time (s): cpu = 00:00:22 ; elapsed = 00:00:23 . Memory (MB): peak = 986.402 ; gain = 452.145
---------------------------------------------------------------------------------
---------------------------------------------------------------------------------
Start Handling Custom Attributes
---------------------------------------------------------------------------------
---------------------------------------------------------------------------------
Finished Handling Custom Attributes : Time (s): cpu = 00:00:22 ; elapsed = 00:00:23 . Memory (MB): peak = 986.402 ; gain = 452.145
---------------------------------------------------------------------------------
---------------------------------------------------------------------------------
Start Renaming Generated Nets
---------------------------------------------------------------------------------
---------------------------------------------------------------------------------
Finished Renaming Generated Nets : Time (s): cpu = 00:00:22 ; elapsed = 00:00:23 . Memory (MB): peak = 986.402 ; gain = 452.145
---------------------------------------------------------------------------------
---------------------------------------------------------------------------------
Start Writing Synthesis Report
---------------------------------------------------------------------------------

Report BlackBoxes: 
+-+--------------+----------+
| |BlackBox name |Instances |
+-+--------------+----------+
+-+--------------+----------+

Report Cell Usage: 
+------+--------+------+
|      |Cell    |Count |
+------+--------+------+
|1     |BUFG    |     1|
|2     |CARRY4  |    59|
|3     |DSP48E1 |     3|
|4     |LUT1    |     9|
|5     |LUT2    |   114|
|6     |LUT3    |    77|
|7     |LUT4    |    88|
|8     |LUT5    |    29|
|9     |LUT6    |    59|
|10    |FDCE    |    53|
|11    |FDRE    |    39|
|12    |IBUF    |     3|
|13    |OBUF    |     7|
+------+--------+------+

Report Instance Areas: 
+------+------------+------------+------+
|      |Instance    |Module      |Cells |
+------+------------+------------+------+
|1     |top         |            |   541|
|2     |  A         |motor       |   118|
|3     |    m0      |motor_pwm   |    59|
|4     |      pwm_0 |PWM_gen_1   |    59|
|5     |    m1      |motor_pwm_0 |    59|
|6     |      pwm_0 |PWM_gen     |    59|
|7     |  B         |sonic_top   |   403|
|8     |    clk1    |div         |    18|
|9     |    u1      |TrigSignal  |    65|
|10    |    u2      |PosCounter  |   320|
|11    |  d0        |debounce    |     7|
|12    |  d1        |onepulse    |     2|
+------+------------+------------+------+
---------------------------------------------------------------------------------
Finished Writing Synthesis Report : Time (s): cpu = 00:00:22 ; elapsed = 00:00:23 . Memory (MB): peak = 986.402 ; gain = 452.145
---------------------------------------------------------------------------------
Synthesis finished with 0 errors, 0 critical warnings and 0 warnings.
Synthesis Optimization Runtime : Time (s): cpu = 00:00:18 ; elapsed = 00:00:22 . Memory (MB): peak = 986.402 ; gain = 367.656
Synthesis Optimization Complete : Time (s): cpu = 00:00:23 ; elapsed = 00:00:24 . Memory (MB): peak = 986.402 ; gain = 452.145
INFO: [Project 1-571] Translating synthesized netlist
Netlist sorting complete. Time (s): cpu = 00:00:00 ; elapsed = 00:00:00.006 . Memory (MB): peak = 986.402 ; gain = 0.000
INFO: [Netlist 29-17] Analyzing 62 Unisim elements for replacement
INFO: [Netlist 29-28] Unisim Transformation completed in 0 CPU seconds
INFO: [Project 1-570] Preparing netlist for logic optimization
INFO: [Opt 31-138] Pushed 0 inverter(s) to 0 load pin(s).
Netlist sorting complete. Time (s): cpu = 00:00:00 ; elapsed = 00:00:00 . Memory (MB): peak = 986.402 ; gain = 0.000
INFO: [Project 1-111] Unisim Transformation Summary:
No Unisim elements were transformed.

INFO: [Common 17-83] Releasing license: Synthesis
81 Infos, 1 Warnings, 0 Critical Warnings and 0 Errors encountered.
synth_design completed successfully
synth_design: Time (s): cpu = 00:00:26 ; elapsed = 00:00:28 . Memory (MB): peak = 986.402 ; gain = 688.152
Netlist sorting complete. Time (s): cpu = 00:00:00 ; elapsed = 00:00:00 . Memory (MB): peak = 986.402 ; gain = 0.000
WARNING: [Constraints 18-5210] No constraints selected for write.
Resolution: This message can indicate that there are no constraints for the design, or it can indicate that the used_in flags are set such that the constraints are ignored. This later case is used when running synth_design to not write synthesis constraints to the resulting checkpoint. Instead, project constraints are read when the synthesized design is opened.
INFO: [Common 17-1381] The checkpoint 'C:/Users/User/project_1/project_1.runs/synth_1/Top.dcp' has been generated.
INFO: [runtcl-4] Executing : report_utilization -file Top_utilization_synth.rpt -pb Top_utilization_synth.pb
INFO: [Common 17-206] Exiting Vivado at Thu Nov 21 15:01:02 2024...
