#! /opt/homebrew/Cellar/icarus-verilog/12.0/bin/vvp
:ivl_version "12.0 (stable)";
:ivl_delay_selection "TYPICAL";
:vpi_time_precision + 0;
:vpi_module "/opt/homebrew/Cellar/icarus-verilog/12.0/lib/ivl/system.vpi";
:vpi_module "/opt/homebrew/Cellar/icarus-verilog/12.0/lib/ivl/vhdl_sys.vpi";
:vpi_module "/opt/homebrew/Cellar/icarus-verilog/12.0/lib/ivl/vhdl_textio.vpi";
:vpi_module "/opt/homebrew/Cellar/icarus-verilog/12.0/lib/ivl/v2005_math.vpi";
:vpi_module "/opt/homebrew/Cellar/icarus-verilog/12.0/lib/ivl/va_math.vpi";
S_0x12d104170 .scope module, "test_tb" "test_tb" 2 2;
 .timescale 0 0;
v0x12d114660_0 .var "count", 3 0;
v0x12d114710_0 .var "in", 0 0;
v0x12d1147d0_0 .net "out", 0 0, L_0x12d1148a0;  1 drivers
S_0x12d1042f0 .scope module, "t1" "test" 2 6, 3 1 0, S_0x12d104170;
 .timescale 0 0;
    .port_info 0 /INPUT 1 "in";
    .port_info 1 /OUTPUT 1 "out";
L_0x12d1148a0 .functor NOT 1, v0x12d114710_0, C4<0>, C4<0>, C4<0>;
v0x12d104500_0 .net "in", 0 0, v0x12d114710_0;  1 drivers
v0x12d1145b0_0 .net "out", 0 0, L_0x12d1148a0;  alias, 1 drivers
    .scope S_0x12d104170;
T_0 ;
    %vpi_call 2 8 "$dumpfile", "test_tb.vcd" {0 0 0};
    %vpi_call 2 9 "$dumpvars", 32'sb00000000000000000000000000000000, S_0x12d104170 {0 0 0};
    %pushi/vec4 0, 0, 1;
    %store/vec4 v0x12d114710_0, 0, 1;
    %pushi/vec4 0, 0, 4;
    %store/vec4 v0x12d114660_0, 0, 4;
T_0.0 ;
    %load/vec4 v0x12d114660_0;
    %pad/u 32;
    %cmpi/u 15, 0, 32;
    %jmp/0xz T_0.1, 5;
    %delay 10, 0;
    %load/vec4 v0x12d114710_0;
    %inv;
    %store/vec4 v0x12d114710_0, 0, 1;
    %load/vec4 v0x12d114660_0;
    %addi 1, 0, 4;
    %store/vec4 v0x12d114660_0, 0, 4;
    %jmp T_0.0;
T_0.1 ;
    %delay 10, 0;
    %vpi_call 2 14 "$finish" {0 0 0};
    %end;
    .thread T_0;
# The file index is used to find the file name in the following table.
:file_names 4;
    "N/A";
    "<interactive>";
    "tutorial_tb.v";
    "./tutorial.v";
