#! /c/Source/iverilog-install/bin/vvp
:ivl_version "12.0 (devel)" "(s20150603-1110-g18392a46)";
:ivl_delay_selection "TYPICAL";
:vpi_time_precision - 12;
:vpi_module "C:\iverilog\lib\ivl\system.vpi";
:vpi_module "C:\iverilog\lib\ivl\vhdl_sys.vpi";
:vpi_module "C:\iverilog\lib\ivl\vhdl_textio.vpi";
:vpi_module "C:\iverilog\lib\ivl\v2005_math.vpi";
:vpi_module "C:\iverilog\lib\ivl\va_math.vpi";
S_000001ffbe7bb8e0 .scope module, "Parameterized_Ping_Pong_Counter_t" "Parameterized_Ping_Pong_Counter_t" 2 4;
 .timescale -9 -12;
v000001ffbe80e500_0 .var "clk", 0 0;
v000001ffbe7d2ad0_0 .net "direction", 0 0, v000001ffbe7f8c50_0;  1 drivers
v000001ffbe7d2b70_0 .var "enable", 0 0;
v000001ffbe7d2c10_0 .var "flip", 0 0;
v000001ffbe7d2cb0_0 .var "max", 3 0;
v000001ffbe7d2d50_0 .var "min", 3 0;
v000001ffbe7d2df0_0 .net "out", 3 0, v000001ffbe80e3c0_0;  1 drivers
v000001ffbe7d2e90_0 .var "rst_n", 0 0;
S_000001ffbe7bba70 .scope module, "PPPC" "Parameterized_Ping_Pong_Counter" 2 9, 3 1 0, S_000001ffbe7bb8e0;
 .timescale 0 0;
    .port_info 0 /INPUT 1 "clk";
    .port_info 1 /INPUT 1 "rst_n";
    .port_info 2 /INPUT 1 "enable";
    .port_info 3 /INPUT 1 "flip";
    .port_info 4 /INPUT 4 "max";
    .port_info 5 /INPUT 4 "min";
    .port_info 6 /OUTPUT 1 "direction";
    .port_info 7 /OUTPUT 4 "out";
v000001ffbe7bbc00_0 .net "clk", 0 0, v000001ffbe80e500_0;  1 drivers
v000001ffbe7f8c50_0 .var "direction", 0 0;
v000001ffbe80e140_0 .net "enable", 0 0, v000001ffbe7d2b70_0;  1 drivers
v000001ffbe80e1e0_0 .net "flip", 0 0, v000001ffbe7d2c10_0;  1 drivers
v000001ffbe80e280_0 .net "max", 3 0, v000001ffbe7d2cb0_0;  1 drivers
v000001ffbe80e320_0 .net "min", 3 0, v000001ffbe7d2d50_0;  1 drivers
v000001ffbe80e3c0_0 .var "out", 3 0;
v000001ffbe80e460_0 .net "rst_n", 0 0, v000001ffbe7d2e90_0;  1 drivers
E_000001ffbe7f8050 .event posedge, v000001ffbe7bbc00_0;
    .scope S_000001ffbe7bba70;
T_0 ;
    %wait E_000001ffbe7f8050;
    %load/vec4 v000001ffbe80e460_0;
    %nor/r;
    %flag_set/vec4 8;
    %jmp/0xz  T_0.0, 8;
    %load/vec4 v000001ffbe80e320_0;
    %assign/vec4 v000001ffbe80e3c0_0, 0;
    %pushi/vec4 1, 0, 1;
    %assign/vec4 v000001ffbe7f8c50_0, 0;
    %jmp T_0.1;
T_0.0 ;
    %load/vec4 v000001ffbe80e140_0;
    %pad/u 32;
    %cmpi/e 1, 0, 32;
    %jmp/0xz  T_0.2, 4;
    %load/vec4 v000001ffbe80e280_0;
    %load/vec4 v000001ffbe80e320_0;
    %cmp/u;
    %jmp/0xz  T_0.4, 5;
    %load/vec4 v000001ffbe80e3c0_0;
    %assign/vec4 v000001ffbe80e3c0_0, 0;
    %load/vec4 v000001ffbe7f8c50_0;
    %assign/vec4 v000001ffbe7f8c50_0, 0;
    %jmp T_0.5;
T_0.4 ;
    %load/vec4 v000001ffbe80e3c0_0;
    %load/vec4 v000001ffbe80e280_0;
    %cmp/u;
    %flag_get/vec4 5;
    %load/vec4 v000001ffbe80e320_0;
    %load/vec4 v000001ffbe80e3c0_0;
    %cmp/u;
    %flag_get/vec4 5;
    %and;
    %flag_set/vec4 8;
    %jmp/0xz  T_0.6, 8;
    %load/vec4 v000001ffbe7f8c50_0;
    %pad/u 32;
    %cmpi/e 1, 0, 32;
    %jmp/0xz  T_0.8, 4;
    %load/vec4 v000001ffbe80e1e0_0;
    %pad/u 32;
    %cmpi/e 1, 0, 32;
    %jmp/0xz  T_0.10, 4;
    %load/vec4 v000001ffbe7f8c50_0;
    %nor/r;
    %assign/vec4 v000001ffbe7f8c50_0, 0;
    %load/vec4 v000001ffbe80e3c0_0;
    %subi 1, 0, 4;
    %assign/vec4 v000001ffbe80e3c0_0, 0;
    %jmp T_0.11;
T_0.10 ;
    %load/vec4 v000001ffbe80e3c0_0;
    %addi 1, 0, 4;
    %assign/vec4 v000001ffbe80e3c0_0, 0;
    %load/vec4 v000001ffbe7f8c50_0;
    %assign/vec4 v000001ffbe7f8c50_0, 0;
T_0.11 ;
    %jmp T_0.9;
T_0.8 ;
    %load/vec4 v000001ffbe80e1e0_0;
    %pad/u 32;
    %cmpi/e 1, 0, 32;
    %jmp/0xz  T_0.12, 4;
    %load/vec4 v000001ffbe7f8c50_0;
    %nor/r;
    %assign/vec4 v000001ffbe7f8c50_0, 0;
    %load/vec4 v000001ffbe80e3c0_0;
    %addi 1, 0, 4;
    %assign/vec4 v000001ffbe80e3c0_0, 0;
    %jmp T_0.13;
T_0.12 ;
    %load/vec4 v000001ffbe80e3c0_0;
    %subi 1, 0, 4;
    %assign/vec4 v000001ffbe80e3c0_0, 0;
    %load/vec4 v000001ffbe7f8c50_0;
    %assign/vec4 v000001ffbe7f8c50_0, 0;
T_0.13 ;
T_0.9 ;
    %jmp T_0.7;
T_0.6 ;
    %load/vec4 v000001ffbe80e280_0;
    %load/vec4 v000001ffbe80e3c0_0;
    %cmp/u;
    %flag_mov 8, 5;
    %load/vec4 v000001ffbe80e3c0_0;
    %load/vec4 v000001ffbe80e320_0;
    %cmp/u;
    %flag_or 5, 8;
    %jmp/0xz  T_0.14, 5;
    %load/vec4 v000001ffbe80e3c0_0;
    %assign/vec4 v000001ffbe80e3c0_0, 0;
    %load/vec4 v000001ffbe7f8c50_0;
    %assign/vec4 v000001ffbe7f8c50_0, 0;
    %jmp T_0.15;
T_0.14 ;
    %load/vec4 v000001ffbe80e3c0_0;
    %load/vec4 v000001ffbe80e320_0;
    %cmp/e;
    %flag_get/vec4 4;
    %load/vec4 v000001ffbe80e3c0_0;
    %load/vec4 v000001ffbe80e280_0;
    %cmp/ne;
    %flag_get/vec4 4;
    %and;
    %flag_set/vec4 8;
    %jmp/0xz  T_0.16, 8;
    %load/vec4 v000001ffbe80e3c0_0;
    %addi 1, 0, 4;
    %assign/vec4 v000001ffbe80e3c0_0, 0;
    %load/vec4 v000001ffbe7f8c50_0;
    %pad/u 32;
    %cmpi/e 0, 0, 32;
    %jmp/0xz  T_0.18, 4;
    %load/vec4 v000001ffbe7f8c50_0;
    %nor/r;
    %assign/vec4 v000001ffbe7f8c50_0, 0;
    %jmp T_0.19;
T_0.18 ;
    %load/vec4 v000001ffbe7f8c50_0;
    %assign/vec4 v000001ffbe7f8c50_0, 0;
T_0.19 ;
    %jmp T_0.17;
T_0.16 ;
    %load/vec4 v000001ffbe80e3c0_0;
    %load/vec4 v000001ffbe80e280_0;
    %cmp/e;
    %flag_get/vec4 4;
    %load/vec4 v000001ffbe80e3c0_0;
    %load/vec4 v000001ffbe80e320_0;
    %cmp/ne;
    %flag_get/vec4 4;
    %and;
    %flag_set/vec4 8;
    %jmp/0xz  T_0.20, 8;
    %load/vec4 v000001ffbe80e3c0_0;
    %subi 1, 0, 4;
    %assign/vec4 v000001ffbe80e3c0_0, 0;
    %load/vec4 v000001ffbe7f8c50_0;
    %pad/u 32;
    %cmpi/e 1, 0, 32;
    %jmp/0xz  T_0.22, 4;
    %load/vec4 v000001ffbe7f8c50_0;
    %nor/r;
    %assign/vec4 v000001ffbe7f8c50_0, 0;
    %jmp T_0.23;
T_0.22 ;
    %load/vec4 v000001ffbe7f8c50_0;
    %assign/vec4 v000001ffbe7f8c50_0, 0;
T_0.23 ;
    %jmp T_0.21;
T_0.20 ;
    %load/vec4 v000001ffbe80e3c0_0;
    %assign/vec4 v000001ffbe80e3c0_0, 0;
    %load/vec4 v000001ffbe7f8c50_0;
    %assign/vec4 v000001ffbe7f8c50_0, 0;
T_0.21 ;
T_0.17 ;
T_0.15 ;
T_0.7 ;
T_0.5 ;
    %jmp T_0.3;
T_0.2 ;
    %load/vec4 v000001ffbe80e3c0_0;
    %assign/vec4 v000001ffbe80e3c0_0, 0;
    %load/vec4 v000001ffbe7f8c50_0;
    %assign/vec4 v000001ffbe7f8c50_0, 0;
T_0.3 ;
T_0.1 ;
    %jmp T_0;
    .thread T_0;
    .scope S_000001ffbe7bb8e0;
T_1 ;
    %pushi/vec4 0, 0, 1;
    %store/vec4 v000001ffbe80e500_0, 0, 1;
    %pushi/vec4 0, 0, 1;
    %store/vec4 v000001ffbe7d2e90_0, 0, 1;
    %pushi/vec4 1, 0, 1;
    %store/vec4 v000001ffbe7d2b70_0, 0, 1;
    %pushi/vec4 0, 0, 1;
    %store/vec4 v000001ffbe7d2c10_0, 0, 1;
    %pushi/vec4 4, 0, 4;
    %store/vec4 v000001ffbe7d2cb0_0, 0, 4;
    %pushi/vec4 0, 0, 4;
    %store/vec4 v000001ffbe7d2d50_0, 0, 4;
    %end;
    .thread T_1;
    .scope S_000001ffbe7bb8e0;
T_2 ;
    %delay 5000, 0;
    %load/vec4 v000001ffbe80e500_0;
    %nor/r;
    %store/vec4 v000001ffbe80e500_0, 0, 1;
    %jmp T_2;
    .thread T_2;
    .scope S_000001ffbe7bb8e0;
T_3 ;
    %delay 150000, 0;
    %pushi/vec4 1, 0, 1;
    %store/vec4 v000001ffbe7d2c10_0, 0, 1;
    %delay 10000, 0;
    %pushi/vec4 0, 0, 1;
    %store/vec4 v000001ffbe7d2c10_0, 0, 1;
    %end;
    .thread T_3;
    .scope S_000001ffbe7bb8e0;
T_4 ;
    %delay 260000, 0;
    %pushi/vec4 1, 0, 1;
    %store/vec4 v000001ffbe7d2c10_0, 0, 1;
    %delay 10000, 0;
    %pushi/vec4 0, 0, 1;
    %store/vec4 v000001ffbe7d2c10_0, 0, 1;
    %end;
    .thread T_4;
    .scope S_000001ffbe7bb8e0;
T_5 ;
    %delay 280000, 0;
    %pushi/vec4 1, 0, 1;
    %store/vec4 v000001ffbe7d2c10_0, 0, 1;
    %delay 10000, 0;
    %pushi/vec4 0, 0, 1;
    %store/vec4 v000001ffbe7d2c10_0, 0, 1;
    %end;
    .thread T_5;
    .scope S_000001ffbe7bb8e0;
T_6 ;
    %delay 390000, 0;
    %pushi/vec4 1, 0, 1;
    %store/vec4 v000001ffbe7d2c10_0, 0, 1;
    %delay 10000, 0;
    %pushi/vec4 0, 0, 1;
    %store/vec4 v000001ffbe7d2c10_0, 0, 1;
    %end;
    .thread T_6;
    .scope S_000001ffbe7bb8e0;
T_7 ;
    %delay 430000, 0;
    %pushi/vec4 1, 0, 1;
    %store/vec4 v000001ffbe7d2c10_0, 0, 1;
    %delay 10000, 0;
    %pushi/vec4 0, 0, 1;
    %store/vec4 v000001ffbe7d2c10_0, 0, 1;
    %end;
    .thread T_7;
    .scope S_000001ffbe7bb8e0;
T_8 ;
    %delay 470000, 0;
    %pushi/vec4 1, 0, 1;
    %store/vec4 v000001ffbe7d2c10_0, 0, 1;
    %delay 10000, 0;
    %pushi/vec4 0, 0, 1;
    %store/vec4 v000001ffbe7d2c10_0, 0, 1;
    %delay 50000, 0;
    %pushi/vec4 1, 0, 1;
    %store/vec4 v000001ffbe7d2c10_0, 0, 1;
    %delay 10000, 0;
    %pushi/vec4 0, 0, 1;
    %store/vec4 v000001ffbe7d2c10_0, 0, 1;
    %delay 30000, 0;
    %pushi/vec4 1, 0, 1;
    %store/vec4 v000001ffbe7d2c10_0, 0, 1;
    %delay 50000, 0;
    %pushi/vec4 0, 0, 1;
    %store/vec4 v000001ffbe7d2c10_0, 0, 1;
    %end;
    .thread T_8;
    .scope S_000001ffbe7bb8e0;
T_9 ;
    %delay 460000, 0;
    %pushi/vec4 0, 0, 1;
    %store/vec4 v000001ffbe7d2b70_0, 0, 1;
    %delay 30000, 0;
    %pushi/vec4 1, 0, 1;
    %store/vec4 v000001ffbe7d2b70_0, 0, 1;
    %end;
    .thread T_9;
    .scope S_000001ffbe7bb8e0;
T_10 ;
    %delay 10000, 0;
    %pushi/vec4 1, 0, 1;
    %store/vec4 v000001ffbe7d2e90_0, 0, 1;
    %delay 90000, 0;
    %pushi/vec4 0, 0, 1;
    %store/vec4 v000001ffbe7d2e90_0, 0, 1;
    %delay 20000, 0;
    %pushi/vec4 1, 0, 1;
    %store/vec4 v000001ffbe7d2e90_0, 0, 1;
    %delay 90000, 0;
    %pushi/vec4 0, 0, 1;
    %store/vec4 v000001ffbe7d2e90_0, 0, 1;
    %delay 20000, 0;
    %pushi/vec4 1, 0, 1;
    %store/vec4 v000001ffbe7d2e90_0, 0, 1;
    %delay 90000, 0;
    %pushi/vec4 0, 0, 1;
    %store/vec4 v000001ffbe7d2e90_0, 0, 1;
    %delay 20000, 0;
    %pushi/vec4 1, 0, 1;
    %store/vec4 v000001ffbe7d2e90_0, 0, 1;
    %end;
    .thread T_10;
    .scope S_000001ffbe7bb8e0;
T_11 ;
    %delay 340000, 0;
    %pushi/vec4 3, 0, 4;
    %store/vec4 v000001ffbe7d2cb0_0, 0, 4;
    %delay 80000, 0;
    %pushi/vec4 2, 0, 4;
    %store/vec4 v000001ffbe7d2cb0_0, 0, 4;
    %delay 30000, 0;
    %pushi/vec4 3, 0, 4;
    %store/vec4 v000001ffbe7d2cb0_0, 0, 4;
    %delay 20000, 0;
    %pushi/vec4 8, 0, 4;
    %store/vec4 v000001ffbe7d2cb0_0, 0, 4;
    %end;
    .thread T_11;
    .scope S_000001ffbe7bb8e0;
T_12 ;
    %delay 350000, 0;
    %pushi/vec4 5, 0, 4;
    %store/vec4 v000001ffbe7d2d50_0, 0, 4;
    %delay 40000, 0;
    %pushi/vec4 1, 0, 4;
    %store/vec4 v000001ffbe7d2d50_0, 0, 4;
    %delay 10000, 0;
    %pushi/vec4 3, 0, 4;
    %store/vec4 v000001ffbe7d2d50_0, 0, 4;
    %delay 20000, 0;
    %pushi/vec4 2, 0, 4;
    %store/vec4 v000001ffbe7d2d50_0, 0, 4;
    %delay 30000, 0;
    %pushi/vec4 1, 0, 4;
    %store/vec4 v000001ffbe7d2d50_0, 0, 4;
    %delay 20000, 0;
    %pushi/vec4 5, 0, 4;
    %store/vec4 v000001ffbe7d2d50_0, 0, 4;
    %delay 80000, 0;
    %pushi/vec4 0, 0, 4;
    %store/vec4 v000001ffbe7d2d50_0, 0, 4;
    %end;
    .thread T_12;
    .scope S_000001ffbe7bb8e0;
T_13 ;
    %delay 690000, 0;
    %vpi_call 2 80 "$finish" {0 0 0};
    %end;
    .thread T_13;
    .scope S_000001ffbe7bb8e0;
T_14 ;
    %vpi_call 2 84 "$dumpfile", "Parameterized_Ping_Pong_Counter_t.vcd" {0 0 0};
    %vpi_call 2 85 "$dumpvars", 32'sb00000000000000000000000000000000, S_000001ffbe7bb8e0 {0 0 0};
    %end;
    .thread T_14;
# The file index is used to find the file name in the following table.
:file_names 4;
    "N/A";
    "<interactive>";
    "Lab3_Team1_Parameterized_Ping_Pong_Counter_t.v";
    "./Lab3_Team1_Parameterized_Ping_Pong_Counter.v";
