#! /c/Source/iverilog-install/bin/vvp
:ivl_version "12.0 (devel)" "(s20150603-1110-g18392a46)";
:ivl_delay_selection "TYPICAL";
:vpi_time_precision - 12;
:vpi_module "C:\iverilog\lib\ivl\system.vpi";
:vpi_module "C:\iverilog\lib\ivl\vhdl_sys.vpi";
:vpi_module "C:\iverilog\lib\ivl\vhdl_textio.vpi";
:vpi_module "C:\iverilog\lib\ivl\v2005_math.vpi";
:vpi_module "C:\iverilog\lib\ivl\va_math.vpi";
S_0000015fde4190e0 .scope module, "Dmux_1x4_4bit_t" "Dmux_1x4_4bit_t" 2 5;
 .timescale -9 -12;
v0000015fde4776e0_0 .net "a", 3 0, L_0000015fde47c110;  1 drivers
v0000015fde4785e0_0 .net "b", 3 0, L_0000015fde47d010;  1 drivers
v0000015fde478680_0 .net "c", 3 0, L_0000015fde47bd50;  1 drivers
v0000015fde477a00_0 .net "d", 3 0, L_0000015fde47b2b0;  1 drivers
v0000015fde4773c0_0 .var "in", 3 0;
v0000015fde4789a0_0 .var "sel", 1 0;
S_0000015fde419270 .scope module, "D1" "Dmux_1x4_4bit" 2 9, 3 3 0, S_0000015fde4190e0;
 .timescale -9 -12;
    .port_info 0 /INPUT 4 "in";
    .port_info 1 /OUTPUT 4 "a";
    .port_info 2 /OUTPUT 4 "b";
    .port_info 3 /OUTPUT 4 "c";
    .port_info 4 /OUTPUT 4 "d";
    .port_info 5 /INPUT 2 "sel";
v0000015fde478cc0_0 .net "a", 3 0, L_0000015fde47c110;  alias, 1 drivers
v0000015fde477f00_0 .net "b", 3 0, L_0000015fde47d010;  alias, 1 drivers
v0000015fde478040_0 .net "c", 3 0, L_0000015fde47bd50;  alias, 1 drivers
v0000015fde477640_0 .net "con1", 3 0, L_0000015fde477460;  1 drivers
v0000015fde478540_0 .net "con2", 3 0, L_0000015fde478e00;  1 drivers
v0000015fde4784a0_0 .net "d", 3 0, L_0000015fde47b2b0;  alias, 1 drivers
v0000015fde478220_0 .net "in", 3 0, v0000015fde4773c0_0;  1 drivers
v0000015fde478d60_0 .net "sel", 1 0, v0000015fde4789a0_0;  1 drivers
L_0000015fde47ccf0 .part v0000015fde4789a0_0, 0, 1;
L_0000015fde47ced0 .part v0000015fde4789a0_0, 1, 1;
L_0000015fde47b350 .part v0000015fde4789a0_0, 1, 1;
S_0000015fde35c9d0 .scope module, "D1" "Dmux_1x2_4bit" 3 8, 3 13 0, S_0000015fde419270;
 .timescale -9 -12;
    .port_info 0 /INPUT 4 "in";
    .port_info 1 /OUTPUT 4 "aout";
    .port_info 2 /OUTPUT 4 "bout";
    .port_info 3 /INPUT 1 "sel";
L_0000015fde4799a0 .functor NOT 1, L_0000015fde47ccf0, C4<0>, C4<0>, C4<0>;
L_0000015fde479850 .functor AND 1, L_0000015fde4799a0, L_0000015fde477960, C4<1>, C4<1>;
L_0000015fde4797e0 .functor AND 1, L_0000015fde4799a0, L_0000015fde478a40, C4<1>, C4<1>;
L_0000015fde479b60 .functor AND 1, L_0000015fde4799a0, L_0000015fde478ae0, C4<1>, C4<1>;
L_0000015fde479c40 .functor AND 1, L_0000015fde4799a0, L_0000015fde477140, C4<1>, C4<1>;
L_0000015fde479a10 .functor AND 1, L_0000015fde47ccf0, L_0000015fde477aa0, C4<1>, C4<1>;
L_0000015fde479cb0 .functor AND 1, L_0000015fde47ccf0, L_0000015fde478b80, C4<1>, C4<1>;
L_0000015fde479a80 .functor AND 1, L_0000015fde47ccf0, L_0000015fde478c20, C4<1>, C4<1>;
L_0000015fde479460 .functor AND 1, L_0000015fde47ccf0, L_0000015fde47b8f0, C4<1>, C4<1>;
v0000015fde411560_0 .net *"_ivl_0", 0 0, L_0000015fde479850;  1 drivers
v0000015fde4112e0_0 .net *"_ivl_11", 0 0, L_0000015fde478ae0;  1 drivers
v0000015fde411380_0 .net *"_ivl_12", 0 0, L_0000015fde479c40;  1 drivers
v0000015fde4105c0_0 .net *"_ivl_16", 0 0, L_0000015fde477140;  1 drivers
v0000015fde411100_0 .net *"_ivl_17", 0 0, L_0000015fde479a10;  1 drivers
v0000015fde410a20_0 .net *"_ivl_20", 0 0, L_0000015fde477aa0;  1 drivers
v0000015fde411e20_0 .net *"_ivl_21", 0 0, L_0000015fde479cb0;  1 drivers
v0000015fde411b00_0 .net *"_ivl_24", 0 0, L_0000015fde478b80;  1 drivers
v0000015fde4108e0_0 .net *"_ivl_25", 0 0, L_0000015fde479a80;  1 drivers
v0000015fde411ba0_0 .net *"_ivl_28", 0 0, L_0000015fde478c20;  1 drivers
v0000015fde411ce0_0 .net *"_ivl_29", 0 0, L_0000015fde479460;  1 drivers
v0000015fde4114c0_0 .net *"_ivl_3", 0 0, L_0000015fde477960;  1 drivers
v0000015fde411420_0 .net *"_ivl_33", 0 0, L_0000015fde47b8f0;  1 drivers
v0000015fde411060_0 .net *"_ivl_4", 0 0, L_0000015fde4797e0;  1 drivers
v0000015fde410f20_0 .net *"_ivl_7", 0 0, L_0000015fde478a40;  1 drivers
v0000015fde4120a0_0 .net *"_ivl_8", 0 0, L_0000015fde479b60;  1 drivers
v0000015fde411c40_0 .net "aout", 3 0, L_0000015fde477460;  alias, 1 drivers
v0000015fde411740_0 .net "bout", 3 0, L_0000015fde478e00;  alias, 1 drivers
v0000015fde411ec0_0 .net "in", 3 0, v0000015fde4773c0_0;  alias, 1 drivers
v0000015fde411920_0 .net "n_sel", 0 0, L_0000015fde4799a0;  1 drivers
v0000015fde410de0_0 .net "sel", 0 0, L_0000015fde47ccf0;  1 drivers
L_0000015fde477960 .part v0000015fde4773c0_0, 0, 1;
L_0000015fde478a40 .part v0000015fde4773c0_0, 1, 1;
L_0000015fde478ae0 .part v0000015fde4773c0_0, 2, 1;
L_0000015fde477460 .concat8 [ 1 1 1 1], L_0000015fde479850, L_0000015fde4797e0, L_0000015fde479b60, L_0000015fde479c40;
L_0000015fde477140 .part v0000015fde4773c0_0, 3, 1;
L_0000015fde477aa0 .part v0000015fde4773c0_0, 0, 1;
L_0000015fde478b80 .part v0000015fde4773c0_0, 1, 1;
L_0000015fde478c20 .part v0000015fde4773c0_0, 2, 1;
L_0000015fde478e00 .concat8 [ 1 1 1 1], L_0000015fde479a10, L_0000015fde479cb0, L_0000015fde479a80, L_0000015fde479460;
L_0000015fde47b8f0 .part v0000015fde4773c0_0, 3, 1;
S_0000015fde35cb60 .scope module, "D2" "Dmux_1x2_4bit" 3 9, 3 13 0, S_0000015fde419270;
 .timescale -9 -12;
    .port_info 0 /INPUT 4 "in";
    .port_info 1 /OUTPUT 4 "aout";
    .port_info 2 /OUTPUT 4 "bout";
    .port_info 3 /INPUT 1 "sel";
L_0000015fde479af0 .functor NOT 1, L_0000015fde47ced0, C4<0>, C4<0>, C4<0>;
L_0000015fde479380 .functor AND 1, L_0000015fde479af0, L_0000015fde47c930, C4<1>, C4<1>;
L_0000015fde479d90 .functor AND 1, L_0000015fde479af0, L_0000015fde47cd90, C4<1>, C4<1>;
L_0000015fde479bd0 .functor AND 1, L_0000015fde479af0, L_0000015fde47ce30, C4<1>, C4<1>;
L_0000015fde4793f0 .functor AND 1, L_0000015fde479af0, L_0000015fde47bf30, C4<1>, C4<1>;
L_0000015fde479690 .functor AND 1, L_0000015fde47ced0, L_0000015fde47bc10, C4<1>, C4<1>;
L_0000015fde479fc0 .functor AND 1, L_0000015fde47ced0, L_0000015fde47b490, C4<1>, C4<1>;
L_0000015fde479d20 .functor AND 1, L_0000015fde47ced0, L_0000015fde47c9d0, C4<1>, C4<1>;
L_0000015fde479930 .functor AND 1, L_0000015fde47ced0, L_0000015fde47b990, C4<1>, C4<1>;
v0000015fde410ca0_0 .net *"_ivl_0", 0 0, L_0000015fde479380;  1 drivers
v0000015fde410e80_0 .net *"_ivl_11", 0 0, L_0000015fde47ce30;  1 drivers
v0000015fde4117e0_0 .net *"_ivl_12", 0 0, L_0000015fde4793f0;  1 drivers
v0000015fde411f60_0 .net *"_ivl_16", 0 0, L_0000015fde47bf30;  1 drivers
v0000015fde4119c0_0 .net *"_ivl_17", 0 0, L_0000015fde479690;  1 drivers
v0000015fde412000_0 .net *"_ivl_20", 0 0, L_0000015fde47bc10;  1 drivers
v0000015fde411a60_0 .net *"_ivl_21", 0 0, L_0000015fde479fc0;  1 drivers
v0000015fde410fc0_0 .net *"_ivl_24", 0 0, L_0000015fde47b490;  1 drivers
v0000015fde410700_0 .net *"_ivl_25", 0 0, L_0000015fde479d20;  1 drivers
v0000015fde4107a0_0 .net *"_ivl_28", 0 0, L_0000015fde47c9d0;  1 drivers
v0000015fde410840_0 .net *"_ivl_29", 0 0, L_0000015fde479930;  1 drivers
v0000015fde410b60_0 .net *"_ivl_3", 0 0, L_0000015fde47c930;  1 drivers
v0000015fde410c00_0 .net *"_ivl_33", 0 0, L_0000015fde47b990;  1 drivers
v0000015fde410d40_0 .net *"_ivl_4", 0 0, L_0000015fde479d90;  1 drivers
v0000015fde40ab60_0 .net *"_ivl_7", 0 0, L_0000015fde47cd90;  1 drivers
v0000015fde478f40_0 .net *"_ivl_8", 0 0, L_0000015fde479bd0;  1 drivers
v0000015fde478ea0_0 .net "aout", 3 0, L_0000015fde47c110;  alias, 1 drivers
v0000015fde477be0_0 .net "bout", 3 0, L_0000015fde47bd50;  alias, 1 drivers
v0000015fde477c80_0 .net "in", 3 0, L_0000015fde477460;  alias, 1 drivers
v0000015fde477d20_0 .net "n_sel", 0 0, L_0000015fde479af0;  1 drivers
v0000015fde477780_0 .net "sel", 0 0, L_0000015fde47ced0;  1 drivers
L_0000015fde47c930 .part L_0000015fde477460, 0, 1;
L_0000015fde47cd90 .part L_0000015fde477460, 1, 1;
L_0000015fde47ce30 .part L_0000015fde477460, 2, 1;
L_0000015fde47c110 .concat8 [ 1 1 1 1], L_0000015fde479380, L_0000015fde479d90, L_0000015fde479bd0, L_0000015fde4793f0;
L_0000015fde47bf30 .part L_0000015fde477460, 3, 1;
L_0000015fde47bc10 .part L_0000015fde477460, 0, 1;
L_0000015fde47b490 .part L_0000015fde477460, 1, 1;
L_0000015fde47c9d0 .part L_0000015fde477460, 2, 1;
L_0000015fde47bd50 .concat8 [ 1 1 1 1], L_0000015fde479690, L_0000015fde479fc0, L_0000015fde479d20, L_0000015fde479930;
L_0000015fde47b990 .part L_0000015fde477460, 3, 1;
S_0000015fde414090 .scope module, "D3" "Dmux_1x2_4bit" 3 10, 3 13 0, S_0000015fde419270;
 .timescale -9 -12;
    .port_info 0 /INPUT 4 "in";
    .port_info 1 /OUTPUT 4 "aout";
    .port_info 2 /OUTPUT 4 "bout";
    .port_info 3 /INPUT 1 "sel";
L_0000015fde479e00 .functor NOT 1, L_0000015fde47b350, C4<0>, C4<0>, C4<0>;
L_0000015fde479230 .functor AND 1, L_0000015fde479e00, L_0000015fde47b850, C4<1>, C4<1>;
L_0000015fde4794d0 .functor AND 1, L_0000015fde479e00, L_0000015fde47bad0, C4<1>, C4<1>;
L_0000015fde479e70 .functor AND 1, L_0000015fde479e00, L_0000015fde47c2f0, C4<1>, C4<1>;
L_0000015fde479ee0 .functor AND 1, L_0000015fde479e00, L_0000015fde47bdf0, C4<1>, C4<1>;
L_0000015fde479540 .functor AND 1, L_0000015fde47b350, L_0000015fde47b170, C4<1>, C4<1>;
L_0000015fde479f50 .functor AND 1, L_0000015fde47b350, L_0000015fde47c610, C4<1>, C4<1>;
L_0000015fde4792a0 .functor AND 1, L_0000015fde47b350, L_0000015fde47b210, C4<1>, C4<1>;
L_0000015fde4795b0 .functor AND 1, L_0000015fde47b350, L_0000015fde47be90, C4<1>, C4<1>;
v0000015fde4782c0_0 .net *"_ivl_0", 0 0, L_0000015fde479230;  1 drivers
v0000015fde478720_0 .net *"_ivl_11", 0 0, L_0000015fde47c2f0;  1 drivers
v0000015fde4778c0_0 .net *"_ivl_12", 0 0, L_0000015fde479ee0;  1 drivers
v0000015fde4775a0_0 .net *"_ivl_16", 0 0, L_0000015fde47bdf0;  1 drivers
v0000015fde4787c0_0 .net *"_ivl_17", 0 0, L_0000015fde479540;  1 drivers
v0000015fde4771e0_0 .net *"_ivl_20", 0 0, L_0000015fde47b170;  1 drivers
v0000015fde478360_0 .net *"_ivl_21", 0 0, L_0000015fde479f50;  1 drivers
v0000015fde477500_0 .net *"_ivl_24", 0 0, L_0000015fde47c610;  1 drivers
v0000015fde478400_0 .net *"_ivl_25", 0 0, L_0000015fde4792a0;  1 drivers
v0000015fde478860_0 .net *"_ivl_28", 0 0, L_0000015fde47b210;  1 drivers
v0000015fde477b40_0 .net *"_ivl_29", 0 0, L_0000015fde4795b0;  1 drivers
v0000015fde477280_0 .net *"_ivl_3", 0 0, L_0000015fde47b850;  1 drivers
v0000015fde477820_0 .net *"_ivl_33", 0 0, L_0000015fde47be90;  1 drivers
v0000015fde477dc0_0 .net *"_ivl_4", 0 0, L_0000015fde4794d0;  1 drivers
v0000015fde4780e0_0 .net *"_ivl_7", 0 0, L_0000015fde47bad0;  1 drivers
v0000015fde478180_0 .net *"_ivl_8", 0 0, L_0000015fde479e70;  1 drivers
v0000015fde478900_0 .net "aout", 3 0, L_0000015fde47d010;  alias, 1 drivers
v0000015fde477320_0 .net "bout", 3 0, L_0000015fde47b2b0;  alias, 1 drivers
v0000015fde477fa0_0 .net "in", 3 0, L_0000015fde478e00;  alias, 1 drivers
v0000015fde477e60_0 .net "n_sel", 0 0, L_0000015fde479e00;  1 drivers
v0000015fde478fe0_0 .net "sel", 0 0, L_0000015fde47b350;  1 drivers
L_0000015fde47b850 .part L_0000015fde478e00, 0, 1;
L_0000015fde47bad0 .part L_0000015fde478e00, 1, 1;
L_0000015fde47c2f0 .part L_0000015fde478e00, 2, 1;
L_0000015fde47d010 .concat8 [ 1 1 1 1], L_0000015fde479230, L_0000015fde4794d0, L_0000015fde479e70, L_0000015fde479ee0;
L_0000015fde47bdf0 .part L_0000015fde478e00, 3, 1;
L_0000015fde47b170 .part L_0000015fde478e00, 0, 1;
L_0000015fde47c610 .part L_0000015fde478e00, 1, 1;
L_0000015fde47b210 .part L_0000015fde478e00, 2, 1;
L_0000015fde47b2b0 .concat8 [ 1 1 1 1], L_0000015fde479540, L_0000015fde479f50, L_0000015fde4792a0, L_0000015fde4795b0;
L_0000015fde47be90 .part L_0000015fde478e00, 3, 1;
    .scope S_0000015fde4190e0;
T_0 ;
    %pushi/vec4 0, 0, 2;
    %store/vec4 v0000015fde4789a0_0, 0, 2;
    %end;
    .thread T_0;
    .scope S_0000015fde4190e0;
T_1 ;
    %pushi/vec4 4, 0, 32;
T_1.0 %dup/vec4;
    %pushi/vec4 0, 0, 32;
    %cmp/s;
    %jmp/1xz T_1.1, 5;
    %jmp/1 T_1.1, 4;
    %pushi/vec4 1, 0, 32;
    %sub;
    %pushi/vec4 0, 0, 4;
    %store/vec4 v0000015fde4773c0_0, 0, 4;
    %pushi/vec4 15, 0, 32;
T_1.2 %dup/vec4;
    %pushi/vec4 0, 0, 32;
    %cmp/s;
    %jmp/1xz T_1.3, 5;
    %jmp/1 T_1.3, 4;
    %pushi/vec4 1, 0, 32;
    %sub;
    %delay 1000, 0;
    %load/vec4 v0000015fde4773c0_0;
    %addi 1, 0, 4;
    %store/vec4 v0000015fde4773c0_0, 0, 4;
    %jmp T_1.2;
T_1.3 ;
    %pop/vec4 1;
    %delay 1000, 0;
    %load/vec4 v0000015fde4789a0_0;
    %addi 1, 0, 2;
    %store/vec4 v0000015fde4789a0_0, 0, 2;
    %jmp T_1.0;
T_1.1 ;
    %pop/vec4 1;
    %vpi_call 2 19 "$finish" {0 0 0};
    %end;
    .thread T_1;
# The file index is used to find the file name in the following table.
:file_names 4;
    "N/A";
    "<interactive>";
    "Lab1_Team1_Dmux_1x4_4bit_t.v";
    "./Lab1_Team1_Dmux_1x4_4bit.v";
