#! /opt/homebrew/Cellar/icarus-verilog/12.0/bin/vvp
:ivl_version "12.0 (stable)";
:ivl_delay_selection "TYPICAL";
:vpi_time_precision - 12;
:vpi_module "/opt/homebrew/Cellar/icarus-verilog/12.0/lib/ivl/system.vpi";
:vpi_module "/opt/homebrew/Cellar/icarus-verilog/12.0/lib/ivl/vhdl_sys.vpi";
:vpi_module "/opt/homebrew/Cellar/icarus-verilog/12.0/lib/ivl/vhdl_textio.vpi";
:vpi_module "/opt/homebrew/Cellar/icarus-verilog/12.0/lib/ivl/v2005_math.vpi";
:vpi_module "/opt/homebrew/Cellar/icarus-verilog/12.0/lib/ivl/va_math.vpi";
S_0x10ce0d8a0 .scope module, "Greatest_Common_Divisor_t" "Greatest_Common_Divisor_t" 2 4;
 .timescale -9 -12;
v0x11cf14cf0_0 .var "a", 15 0;
v0x11cf14dc0_0 .var "b", 15 0;
v0x11cf14e50_0 .var "clk", 0 0;
v0x11cf14f00_0 .net "done", 0 0, v0x11cf14830_0;  1 drivers
v0x11cf14fb0_0 .net "gcd", 15 0, v0x11cf148d0_0;  1 drivers
v0x11cf15080_0 .var "rst_n", 0 0;
v0x11cf15130_0 .var "start", 0 0;
S_0x10ce043e0 .scope module, "GCD" "Greatest_Common_Divisor" 2 13, 3 3 0, S_0x10ce0d8a0;
 .timescale -9 -12;
    .port_info 0 /INPUT 1 "clk";
    .port_info 1 /INPUT 1 "rst_n";
    .port_info 2 /INPUT 1 "start";
    .port_info 3 /INPUT 16 "a";
    .port_info 4 /INPUT 16 "b";
    .port_info 5 /OUTPUT 1 "done";
    .port_info 6 /OUTPUT 16 "gcd";
P_0x10ce04550 .param/l "CAL" 0 3 12, C4<01>;
P_0x10ce04590 .param/l "FINISH" 0 3 13, C4<10>;
P_0x10ce045d0 .param/l "WAIT" 0 3 11, C4<00>;
v0x11cf043d0_0 .net "a", 15 0, v0x11cf14cf0_0;  1 drivers
v0x11cf14490_0 .net "b", 15 0, v0x11cf14dc0_0;  1 drivers
v0x11cf14540_0 .var "c", 15 0;
v0x11cf14600_0 .net "clk", 0 0, v0x11cf14e50_0;  1 drivers
v0x11cf146a0_0 .var "d", 15 0;
v0x11cf14790_0 .var "delay", 0 0;
v0x11cf14830_0 .var "done", 0 0;
v0x11cf148d0_0 .var "gcd", 15 0;
v0x11cf14980_0 .var "next_state", 1 0;
v0x11cf14a90_0 .net "rst_n", 0 0, v0x11cf15080_0;  1 drivers
v0x11cf14b30_0 .net "start", 0 0, v0x11cf15130_0;  1 drivers
v0x11cf14bd0_0 .var "state", 1 0;
E_0x11cf04310 .event posedge, v0x11cf14600_0;
E_0x11cf04360/0 .event anyedge, v0x11cf14bd0_0, v0x11cf14b30_0, v0x11cf14540_0, v0x11cf146a0_0;
E_0x11cf04360/1 .event anyedge, v0x11cf14790_0;
E_0x11cf04360 .event/or E_0x11cf04360/0, E_0x11cf04360/1;
    .scope S_0x10ce043e0;
T_0 ;
    %wait E_0x11cf04310;
    %load/vec4 v0x11cf14a90_0;
    %nor/r;
    %flag_set/vec4 8;
    %jmp/0xz  T_0.0, 8;
    %pushi/vec4 0, 0, 2;
    %assign/vec4 v0x11cf14bd0_0, 0;
    %jmp T_0.1;
T_0.0 ;
    %load/vec4 v0x11cf14980_0;
    %assign/vec4 v0x11cf14bd0_0, 0;
T_0.1 ;
    %jmp T_0;
    .thread T_0;
    .scope S_0x10ce043e0;
T_1 ;
    %wait E_0x11cf04360;
    %load/vec4 v0x11cf14bd0_0;
    %dup/vec4;
    %pushi/vec4 0, 0, 2;
    %cmp/u;
    %jmp/1 T_1.0, 6;
    %dup/vec4;
    %pushi/vec4 1, 0, 2;
    %cmp/u;
    %jmp/1 T_1.1, 6;
    %dup/vec4;
    %pushi/vec4 2, 0, 2;
    %cmp/u;
    %jmp/1 T_1.2, 6;
    %pushi/vec4 0, 0, 2;
    %store/vec4 v0x11cf14980_0, 0, 2;
    %pushi/vec4 0, 0, 16;
    %store/vec4 v0x11cf148d0_0, 0, 16;
    %pushi/vec4 0, 0, 1;
    %store/vec4 v0x11cf14830_0, 0, 1;
    %jmp T_1.4;
T_1.0 ;
    %load/vec4 v0x11cf14b30_0;
    %cmpi/e 1, 0, 1;
    %flag_mov 8, 4;
    %jmp/0 T_1.5, 8;
    %pushi/vec4 1, 0, 2;
    %jmp/1 T_1.6, 8;
T_1.5 ; End of true expr.
    %pushi/vec4 0, 0, 2;
    %jmp/0 T_1.6, 8;
 ; End of false expr.
    %blend;
T_1.6;
    %store/vec4 v0x11cf14980_0, 0, 2;
    %pushi/vec4 0, 0, 16;
    %store/vec4 v0x11cf148d0_0, 0, 16;
    %pushi/vec4 0, 0, 1;
    %store/vec4 v0x11cf14830_0, 0, 1;
    %jmp T_1.4;
T_1.1 ;
    %load/vec4 v0x11cf14540_0;
    %cmpi/e 0, 0, 16;
    %jmp/1 T_1.9, 4;
    %flag_mov 8, 4;
    %load/vec4 v0x11cf146a0_0;
    %cmpi/e 0, 0, 16;
    %flag_or 4, 8;
T_1.9;
    %flag_mov 8, 4;
    %jmp/0 T_1.7, 8;
    %pushi/vec4 2, 0, 2;
    %jmp/1 T_1.8, 8;
T_1.7 ; End of true expr.
    %pushi/vec4 1, 0, 2;
    %jmp/0 T_1.8, 8;
 ; End of false expr.
    %blend;
T_1.8;
    %store/vec4 v0x11cf14980_0, 0, 2;
    %pushi/vec4 0, 0, 16;
    %store/vec4 v0x11cf148d0_0, 0, 16;
    %pushi/vec4 0, 0, 1;
    %store/vec4 v0x11cf14830_0, 0, 1;
    %jmp T_1.4;
T_1.2 ;
    %load/vec4 v0x11cf14790_0;
    %flag_set/vec4 8;
    %jmp/0 T_1.10, 8;
    %pushi/vec4 0, 0, 2;
    %jmp/1 T_1.11, 8;
T_1.10 ; End of true expr.
    %pushi/vec4 2, 0, 2;
    %jmp/0 T_1.11, 8;
 ; End of false expr.
    %blend;
T_1.11;
    %store/vec4 v0x11cf14980_0, 0, 2;
    %load/vec4 v0x11cf14540_0;
    %cmpi/e 0, 0, 16;
    %flag_mov 8, 4;
    %jmp/0 T_1.12, 8;
    %load/vec4 v0x11cf146a0_0;
    %jmp/1 T_1.13, 8;
T_1.12 ; End of true expr.
    %load/vec4 v0x11cf14540_0;
    %jmp/0 T_1.13, 8;
 ; End of false expr.
    %blend;
T_1.13;
    %store/vec4 v0x11cf148d0_0, 0, 16;
    %pushi/vec4 1, 0, 1;
    %store/vec4 v0x11cf14830_0, 0, 1;
    %jmp T_1.4;
T_1.4 ;
    %pop/vec4 1;
    %jmp T_1;
    .thread T_1, $push;
    .scope S_0x10ce043e0;
T_2 ;
    %wait E_0x11cf04310;
    %load/vec4 v0x11cf14bd0_0;
    %dup/vec4;
    %pushi/vec4 0, 0, 2;
    %cmp/u;
    %jmp/1 T_2.0, 6;
    %dup/vec4;
    %pushi/vec4 1, 0, 2;
    %cmp/u;
    %jmp/1 T_2.1, 6;
    %dup/vec4;
    %pushi/vec4 2, 0, 2;
    %cmp/u;
    %jmp/1 T_2.2, 6;
    %pushi/vec4 0, 0, 1;
    %assign/vec4 v0x11cf14790_0, 0;
    %jmp T_2.4;
T_2.0 ;
    %pushi/vec4 0, 0, 1;
    %assign/vec4 v0x11cf14790_0, 0;
    %jmp T_2.4;
T_2.1 ;
    %pushi/vec4 0, 0, 1;
    %assign/vec4 v0x11cf14790_0, 0;
    %jmp T_2.4;
T_2.2 ;
    %pushi/vec4 1, 0, 1;
    %assign/vec4 v0x11cf14790_0, 0;
    %jmp T_2.4;
T_2.4 ;
    %pop/vec4 1;
    %jmp T_2;
    .thread T_2;
    .scope S_0x10ce043e0;
T_3 ;
    %wait E_0x11cf04310;
    %load/vec4 v0x11cf14bd0_0;
    %dup/vec4;
    %pushi/vec4 0, 0, 2;
    %cmp/u;
    %jmp/1 T_3.0, 6;
    %dup/vec4;
    %pushi/vec4 1, 0, 2;
    %cmp/u;
    %jmp/1 T_3.1, 6;
    %load/vec4 v0x11cf14540_0;
    %assign/vec4 v0x11cf14540_0, 0;
    %load/vec4 v0x11cf146a0_0;
    %assign/vec4 v0x11cf146a0_0, 0;
    %jmp T_3.3;
T_3.0 ;
    %load/vec4 v0x11cf14980_0;
    %cmpi/e 1, 0, 2;
    %jmp/0xz  T_3.4, 4;
    %load/vec4 v0x11cf043d0_0;
    %assign/vec4 v0x11cf14540_0, 0;
    %load/vec4 v0x11cf14490_0;
    %assign/vec4 v0x11cf146a0_0, 0;
    %jmp T_3.5;
T_3.4 ;
    %pushi/vec4 0, 0, 16;
    %assign/vec4 v0x11cf14540_0, 0;
    %pushi/vec4 0, 0, 16;
    %assign/vec4 v0x11cf146a0_0, 0;
T_3.5 ;
    %jmp T_3.3;
T_3.1 ;
    %load/vec4 v0x11cf14540_0;
    %cmpi/e 0, 0, 16;
    %flag_get/vec4 4;
    %jmp/1 T_3.8, 4;
    %load/vec4 v0x11cf146a0_0;
    %pushi/vec4 0, 0, 16;
    %cmp/e;
    %flag_get/vec4 4;
    %or;
T_3.8;
    %nor/r;
    %flag_set/vec4 8;
    %jmp/0xz  T_3.6, 8;
    %load/vec4 v0x11cf146a0_0;
    %load/vec4 v0x11cf14540_0;
    %cmp/u;
    %jmp/0xz  T_3.9, 5;
    %load/vec4 v0x11cf14540_0;
    %load/vec4 v0x11cf146a0_0;
    %sub;
    %assign/vec4 v0x11cf14540_0, 0;
    %load/vec4 v0x11cf146a0_0;
    %assign/vec4 v0x11cf146a0_0, 0;
    %jmp T_3.10;
T_3.9 ;
    %load/vec4 v0x11cf14540_0;
    %assign/vec4 v0x11cf14540_0, 0;
    %load/vec4 v0x11cf146a0_0;
    %load/vec4 v0x11cf14540_0;
    %sub;
    %assign/vec4 v0x11cf146a0_0, 0;
T_3.10 ;
    %jmp T_3.7;
T_3.6 ;
    %load/vec4 v0x11cf14540_0;
    %assign/vec4 v0x11cf14540_0, 0;
    %load/vec4 v0x11cf146a0_0;
    %assign/vec4 v0x11cf146a0_0, 0;
T_3.7 ;
    %jmp T_3.3;
T_3.3 ;
    %pop/vec4 1;
    %jmp T_3;
    .thread T_3;
    .scope S_0x10ce0d8a0;
T_4 ;
    %pushi/vec4 0, 0, 1;
    %store/vec4 v0x11cf14e50_0, 0, 1;
    %pushi/vec4 0, 0, 1;
    %store/vec4 v0x11cf15080_0, 0, 1;
    %pushi/vec4 0, 0, 1;
    %store/vec4 v0x11cf15130_0, 0, 1;
    %pushi/vec4 0, 0, 16;
    %store/vec4 v0x11cf14cf0_0, 0, 16;
    %pushi/vec4 0, 0, 16;
    %store/vec4 v0x11cf14dc0_0, 0, 16;
    %end;
    .thread T_4;
    .scope S_0x10ce0d8a0;
T_5 ;
    %delay 5000, 0;
    %load/vec4 v0x11cf14e50_0;
    %inv;
    %store/vec4 v0x11cf14e50_0, 0, 1;
    %jmp T_5;
    .thread T_5;
    .scope S_0x10ce0d8a0;
T_6 ;
    %delay 10000, 0;
    %pushi/vec4 1, 0, 1;
    %store/vec4 v0x11cf15080_0, 0, 1;
    %pushi/vec4 26, 0, 16;
    %store/vec4 v0x11cf14cf0_0, 0, 16;
    %pushi/vec4 38, 0, 16;
    %store/vec4 v0x11cf14dc0_0, 0, 16;
    %pushi/vec4 1, 0, 1;
    %store/vec4 v0x11cf15130_0, 0, 1;
    %delay 40000, 0;
    %pushi/vec4 72, 0, 16;
    %store/vec4 v0x11cf14cf0_0, 0, 16;
    %pushi/vec4 98, 0, 16;
    %store/vec4 v0x11cf14dc0_0, 0, 16;
    %delay 180000, 0;
    %pushi/vec4 0, 0, 1;
    %store/vec4 v0x11cf15130_0, 0, 1;
    %pushi/vec4 195, 0, 16;
    %store/vec4 v0x11cf14cf0_0, 0, 16;
    %pushi/vec4 240, 0, 16;
    %store/vec4 v0x11cf14dc0_0, 0, 16;
    %delay 20000, 0;
    %pushi/vec4 1, 0, 1;
    %store/vec4 v0x11cf15130_0, 0, 1;
    %delay 100000, 0;
    %pushi/vec4 0, 0, 1;
    %store/vec4 v0x11cf15130_0, 0, 1;
    %pushi/vec4 216, 0, 16;
    %store/vec4 v0x11cf14cf0_0, 0, 16;
    %pushi/vec4 180, 0, 16;
    %store/vec4 v0x11cf14dc0_0, 0, 16;
    %delay 60000, 0;
    %pushi/vec4 1, 0, 1;
    %store/vec4 v0x11cf15130_0, 0, 1;
    %delay 30000, 0;
    %pushi/vec4 0, 0, 1;
    %store/vec4 v0x11cf15130_0, 0, 1;
    %delay 100000, 0;
    %pushi/vec4 1, 0, 1;
    %store/vec4 v0x11cf15130_0, 0, 1;
    %pushi/vec4 14, 0, 16;
    %store/vec4 v0x11cf14cf0_0, 0, 16;
    %pushi/vec4 1, 0, 16;
    %store/vec4 v0x11cf14dc0_0, 0, 16;
    %delay 60000, 0;
    %pushi/vec4 0, 0, 1;
    %store/vec4 v0x11cf15130_0, 0, 1;
    %delay 140000, 0;
    %pushi/vec4 28, 0, 16;
    %store/vec4 v0x11cf14cf0_0, 0, 16;
    %pushi/vec4 28, 0, 16;
    %store/vec4 v0x11cf14dc0_0, 0, 16;
    %delay 10000, 0;
    %pushi/vec4 1, 0, 1;
    %store/vec4 v0x11cf15130_0, 0, 1;
    %delay 60000, 0;
    %vpi_call 2 43 "$finish" {0 0 0};
    %end;
    .thread T_6;
    .scope S_0x10ce0d8a0;
T_7 ;
    %vpi_call 2 47 "$dumpfile", "a3.vcd" {0 0 0};
    %vpi_call 2 48 "$dumpvars", 32'sb00000000000000000000000000000000, S_0x10ce0d8a0 {0 0 0};
    %end;
    .thread T_7;
# The file index is used to find the file name in the following table.
:file_names 4;
    "N/A";
    "<interactive>";
    "a3_Greatest_Common_Divisor_t.v";
    "./a3_Greatest_Common_Divisor.v";
