#! /c/Source/iverilog-install/bin/vvp
:ivl_version "12.0 (devel)" "(s20150603-1110-g18392a46)";
:ivl_delay_selection "TYPICAL";
:vpi_time_precision - 12;
:vpi_module "C:\iverilog\lib\ivl\system.vpi";
:vpi_module "C:\iverilog\lib\ivl\vhdl_sys.vpi";
:vpi_module "C:\iverilog\lib\ivl\vhdl_textio.vpi";
:vpi_module "C:\iverilog\lib\ivl\v2005_math.vpi";
:vpi_module "C:\iverilog\lib\ivl\va_math.vpi";
S_000002ca9235d550 .scope module, "Round_Robin_FIFO_Arbiter_t" "Round_Robin_FIFO_Arbiter_t" 2 4;
 .timescale -9 -12;
v000002ca923a96e0_0 .var "a", 7 0;
v000002ca923a9c80_0 .var "b", 7 0;
v000002ca923aa540_0 .var "c", 7 0;
v000002ca923a8ec0_0 .var "clk", 0 0;
v000002ca923aa4a0_0 .var "d", 7 0;
v000002ca923aa5e0_0 .net "dout", 7 0, L_000002ca923bb7f0;  1 drivers
v000002ca923aa900_0 .var "rst_n", 0 0;
v000002ca923aa040_0 .net "valid", 0 0, L_000002ca923bbe30;  1 drivers
v000002ca923a9000_0 .var "wen", 3 0;
S_000002ca9235d6e0 .scope module, "RR" "Round_Robin_FIFO_Arbiter" 2 11, 3 3 0, S_000002ca9235d550;
 .timescale -9 -12;
    .port_info 0 /INPUT 1 "clk";
    .port_info 1 /INPUT 1 "rst_n";
    .port_info 2 /INPUT 4 "wen";
    .port_info 3 /INPUT 8 "a";
    .port_info 4 /INPUT 8 "b";
    .port_info 5 /INPUT 8 "c";
    .port_info 6 /INPUT 8 "d";
    .port_info 7 /OUTPUT 8 "dout";
    .port_info 8 /OUTPUT 1 "valid";
L_000002ca9232d6d0 .functor OR 1, L_000002ca923bcb50, L_000002ca923bba70, C4<0>, C4<0>;
L_000002ca9232d9e0 .functor OR 1, L_000002ca923bbb10, L_000002ca923bce70, C4<0>, C4<0>;
L_000002ca927104c0 .functor BUFT 1, C4<0>, C4<0>, C4<0>, C4<0>;
v000002ca923a7d10_0 .net *"_ivl_102", 0 0, L_000002ca927104c0;  1 drivers
v000002ca923a7310_0 .net *"_ivl_104", 0 0, L_000002ca923bb930;  1 drivers
L_000002ca92710508 .functor BUFT 1, C4<00>, C4<0>, C4<0>, C4<0>;
v000002ca923a8ad0_0 .net/2u *"_ivl_105", 1 0, L_000002ca92710508;  1 drivers
v000002ca923a8490_0 .net *"_ivl_108", 0 0, L_000002ca923bcf10;  1 drivers
v000002ca923a8350_0 .net *"_ivl_109", 31 0, L_000002ca923bc290;  1 drivers
L_000002ca92710550 .functor BUFT 1, C4<0000000000000000000000000000000>, C4<0>, C4<0>, C4<0>;
v000002ca923a78b0_0 .net *"_ivl_112", 30 0, L_000002ca92710550;  1 drivers
L_000002ca92710598 .functor BUFT 1, C4<00000000000000000000000000000001>, C4<0>, C4<0>, C4<0>;
v000002ca923a7590_0 .net/2u *"_ivl_113", 31 0, L_000002ca92710598;  1 drivers
v000002ca923a79f0_0 .net *"_ivl_115", 0 0, L_000002ca923bbb10;  1 drivers
v000002ca923a8a30_0 .net *"_ivl_118", 0 0, L_000002ca923bb9d0;  1 drivers
v000002ca923a8b70_0 .net *"_ivl_119", 31 0, L_000002ca923bbbb0;  1 drivers
L_000002ca927105e0 .functor BUFT 1, C4<0000000000000000000000000000000>, C4<0>, C4<0>, C4<0>;
v000002ca923a74f0_0 .net *"_ivl_122", 30 0, L_000002ca927105e0;  1 drivers
L_000002ca92710628 .functor BUFT 1, C4<00000000000000000000000000000001>, C4<0>, C4<0>, C4<0>;
v000002ca923a7ef0_0 .net/2u *"_ivl_123", 31 0, L_000002ca92710628;  1 drivers
v000002ca923a8670_0 .net *"_ivl_125", 0 0, L_000002ca923bce70;  1 drivers
v000002ca923a6e10_0 .net *"_ivl_128", 0 0, L_000002ca9232d9e0;  1 drivers
v000002ca923a7630_0 .net *"_ivl_130", 0 0, L_000002ca923bb430;  1 drivers
L_000002ca92710670 .functor BUFT 1, C4<01>, C4<0>, C4<0>, C4<0>;
v000002ca923a8530_0 .net/2u *"_ivl_131", 1 0, L_000002ca92710670;  1 drivers
L_000002ca927106b8 .functor BUFT 1, C4<00>, C4<0>, C4<0>, C4<0>;
v000002ca923a7a90_0 .net/2u *"_ivl_133", 1 0, L_000002ca927106b8;  1 drivers
v000002ca923a7130_0 .net *"_ivl_135", 1 0, L_000002ca923bc830;  1 drivers
v000002ca923a7db0_0 .net *"_ivl_137", 1 0, L_000002ca923bbc50;  1 drivers
v000002ca923a76d0_0 .net *"_ivl_139", 1 0, L_000002ca923bbd90;  1 drivers
v000002ca923a8210_0 .net *"_ivl_15", 31 0, L_000002ca923a9140;  1 drivers
L_000002ca92710118 .functor BUFT 1, C4<000000000000000000000000000000>, C4<0>, C4<0>, C4<0>;
v000002ca923a7b30_0 .net *"_ivl_18", 29 0, L_000002ca92710118;  1 drivers
L_000002ca92710160 .functor BUFT 1, C4<00000000000000000000000000000001>, C4<0>, C4<0>, C4<0>;
v000002ca923a6ff0_0 .net/2u *"_ivl_19", 31 0, L_000002ca92710160;  1 drivers
v000002ca923a7bd0_0 .net *"_ivl_2", 31 0, L_000002ca923a9d20;  1 drivers
v000002ca923a83f0_0 .net *"_ivl_28", 31 0, L_000002ca923a98c0;  1 drivers
L_000002ca927101a8 .functor BUFT 1, C4<000000000000000000000000000000>, C4<0>, C4<0>, C4<0>;
v000002ca923a7770_0 .net *"_ivl_31", 29 0, L_000002ca927101a8;  1 drivers
L_000002ca927101f0 .functor BUFT 1, C4<00000000000000000000000000000010>, C4<0>, C4<0>, C4<0>;
v000002ca923a7c70_0 .net/2u *"_ivl_32", 31 0, L_000002ca927101f0;  1 drivers
v000002ca923a7e50_0 .net *"_ivl_41", 31 0, L_000002ca923a9aa0;  1 drivers
L_000002ca92710238 .functor BUFT 1, C4<000000000000000000000000000000>, C4<0>, C4<0>, C4<0>;
v000002ca923a87b0_0 .net *"_ivl_44", 29 0, L_000002ca92710238;  1 drivers
L_000002ca92710280 .functor BUFT 1, C4<00000000000000000000000000000011>, C4<0>, C4<0>, C4<0>;
v000002ca923a8c10_0 .net/2u *"_ivl_45", 31 0, L_000002ca92710280;  1 drivers
L_000002ca92710088 .functor BUFT 1, C4<000000000000000000000000000000>, C4<0>, C4<0>, C4<0>;
v000002ca923a85d0_0 .net *"_ivl_5", 29 0, L_000002ca92710088;  1 drivers
v000002ca923a71d0_0 .net *"_ivl_54", 0 0, L_000002ca923aa180;  1 drivers
v000002ca923a8710_0 .net *"_ivl_56", 0 0, L_000002ca923bb4d0;  1 drivers
L_000002ca927102c8 .functor BUFT 1, C4<00000000>, C4<0>, C4<0>, C4<0>;
v000002ca923a7f90_0 .net/2u *"_ivl_57", 7 0, L_000002ca927102c8;  1 drivers
L_000002ca927100d0 .functor BUFT 1, C4<00000000000000000000000000000000>, C4<0>, C4<0>, C4<0>;
v000002ca923a8170_0 .net/2u *"_ivl_6", 31 0, L_000002ca927100d0;  1 drivers
v000002ca923a8030_0 .net *"_ivl_60", 0 0, L_000002ca923bbcf0;  1 drivers
v000002ca923a80d0_0 .net *"_ivl_61", 31 0, L_000002ca923bcd30;  1 drivers
L_000002ca92710310 .functor BUFT 1, C4<0000000000000000000000000000000>, C4<0>, C4<0>, C4<0>;
v000002ca923a73b0_0 .net *"_ivl_64", 30 0, L_000002ca92710310;  1 drivers
L_000002ca92710358 .functor BUFT 1, C4<00000000000000000000000000000001>, C4<0>, C4<0>, C4<0>;
v000002ca923a8cb0_0 .net/2u *"_ivl_65", 31 0, L_000002ca92710358;  1 drivers
v000002ca923a6eb0_0 .net *"_ivl_67", 0 0, L_000002ca923bcb50;  1 drivers
v000002ca923a6f50_0 .net *"_ivl_70", 0 0, L_000002ca923bb750;  1 drivers
v000002ca923a9640_0 .net *"_ivl_71", 31 0, L_000002ca923bb570;  1 drivers
L_000002ca927103a0 .functor BUFT 1, C4<0000000000000000000000000000000>, C4<0>, C4<0>, C4<0>;
v000002ca923aa2c0_0 .net *"_ivl_74", 30 0, L_000002ca927103a0;  1 drivers
L_000002ca927103e8 .functor BUFT 1, C4<00000000000000000000000000000001>, C4<0>, C4<0>, C4<0>;
v000002ca923aa9a0_0 .net/2u *"_ivl_75", 31 0, L_000002ca927103e8;  1 drivers
v000002ca923a9820_0 .net *"_ivl_77", 0 0, L_000002ca923bba70;  1 drivers
v000002ca923aa220_0 .net *"_ivl_80", 0 0, L_000002ca9232d6d0;  1 drivers
v000002ca923aa400_0 .net *"_ivl_82", 0 0, L_000002ca923bc650;  1 drivers
v000002ca923a9280_0 .net *"_ivl_83", 7 0, L_000002ca923bb6b0;  1 drivers
v000002ca923a9f00_0 .net *"_ivl_85", 3 0, L_000002ca923bb610;  1 drivers
L_000002ca92710430 .functor BUFT 1, C4<00>, C4<0>, C4<0>, C4<0>;
v000002ca923a93c0_0 .net *"_ivl_88", 1 0, L_000002ca92710430;  1 drivers
L_000002ca92710478 .functor BUFT 1, C4<00000000>, C4<0>, C4<0>, C4<0>;
v000002ca923a91e0_0 .net/2u *"_ivl_89", 7 0, L_000002ca92710478;  1 drivers
v000002ca923a9320_0 .net *"_ivl_91", 7 0, L_000002ca923bc150;  1 drivers
v000002ca923aa720_0 .net *"_ivl_93", 7 0, L_000002ca923bc970;  1 drivers
v000002ca923aaa40_0 .net *"_ivl_98", 0 0, L_000002ca923bb890;  1 drivers
v000002ca923a8f60_0 .net *"_ivl_99", 1 0, L_000002ca923bcdd0;  1 drivers
v000002ca923a9e60_0 .net "a", 7 0, v000002ca923a96e0_0;  1 drivers
v000002ca923a9fa0_0 .net "b", 7 0, v000002ca923a9c80_0;  1 drivers
v000002ca923a9460_0 .net "c", 7 0, v000002ca923aa540_0;  1 drivers
v000002ca923aaae0_0 .net "clk", 0 0, v000002ca923a8ec0_0;  1 drivers
v000002ca923aa7c0_0 .var "counter", 1 0;
v000002ca923aa360_0 .net "d", 7 0, v000002ca923aa4a0_0;  1 drivers
v000002ca923aa860_0 .net "dout", 7 0, L_000002ca923bb7f0;  alias, 1 drivers
v000002ca923aab80_0 .net "error", 3 0, L_000002ca923a9be0;  1 drivers
v000002ca923a8e20 .array "out", 0 3;
v000002ca923a8e20_0 .net v000002ca923a8e20 0, 7 0, v000002ca923543d0_0; 1 drivers
v000002ca923a8e20_1 .net v000002ca923a8e20 1, 7 0, v000002ca92352fd0_0; 1 drivers
v000002ca923a8e20_2 .net v000002ca923a8e20 2, 7 0, v000002ca92353d90_0; 1 drivers
v000002ca923a8e20_3 .net v000002ca923a8e20 3, 7 0, v000002ca923a88f0_0; 1 drivers
v000002ca923aac20_0 .net "rst_n", 0 0, v000002ca923aa900_0;  1 drivers
v000002ca923aacc0_0 .var "sel", 1 0;
v000002ca923a9500_0 .net "valid", 0 0, L_000002ca923bbe30;  alias, 1 drivers
v000002ca923a95a0_0 .net "wen", 3 0, v000002ca923a9000_0;  1 drivers
L_000002ca923aa0e0 .part v000002ca923a9000_0, 0, 1;
L_000002ca923a9d20 .concat [ 2 30 0 0], v000002ca923aa7c0_0, L_000002ca92710088;
L_000002ca923aa680 .cmp/eq 32, L_000002ca923a9d20, L_000002ca927100d0;
L_000002ca923a90a0 .part v000002ca923a9000_0, 1, 1;
L_000002ca923a9140 .concat [ 2 30 0 0], v000002ca923aa7c0_0, L_000002ca92710118;
L_000002ca923a9dc0 .cmp/eq 32, L_000002ca923a9140, L_000002ca92710160;
L_000002ca923a9780 .part v000002ca923a9000_0, 2, 1;
L_000002ca923a98c0 .concat [ 2 30 0 0], v000002ca923aa7c0_0, L_000002ca927101a8;
L_000002ca923a9960 .cmp/eq 32, L_000002ca923a98c0, L_000002ca927101f0;
L_000002ca923a9a00 .part v000002ca923a9000_0, 3, 1;
L_000002ca923a9aa0 .concat [ 2 30 0 0], v000002ca923aa7c0_0, L_000002ca92710238;
L_000002ca923a9b40 .cmp/eq 32, L_000002ca923a9aa0, L_000002ca92710280;
L_000002ca923a9be0 .concat8 [ 1 1 1 1], v000002ca92352990_0, v000002ca923532f0_0, v000002ca92353e30_0, v000002ca923a7450_0;
L_000002ca923aa180 .reduce/nor v000002ca923a8ec0_0;
L_000002ca923bb4d0 .reduce/nor v000002ca923aa900_0;
L_000002ca923bbcf0 .part/v L_000002ca923a9be0, v000002ca923aacc0_0, 1;
L_000002ca923bcd30 .concat [ 1 31 0 0], L_000002ca923bbcf0, L_000002ca92710310;
L_000002ca923bcb50 .cmp/eq 32, L_000002ca923bcd30, L_000002ca92710358;
L_000002ca923bb750 .part/v v000002ca923a9000_0, v000002ca923aacc0_0, 1;
L_000002ca923bb570 .concat [ 1 31 0 0], L_000002ca923bb750, L_000002ca927103a0;
L_000002ca923bba70 .cmp/eq 32, L_000002ca923bb570, L_000002ca927103e8;
L_000002ca923bc650 .reduce/nor L_000002ca9232d6d0;
L_000002ca923bb6b0 .array/port v000002ca923a8e20, L_000002ca923bb610;
L_000002ca923bb610 .concat [ 2 2 0 0], v000002ca923aacc0_0, L_000002ca92710430;
L_000002ca923bc150 .functor MUXZ 8, L_000002ca92710478, L_000002ca923bb6b0, L_000002ca923bc650, C4<>;
L_000002ca923bc970 .functor MUXZ 8, L_000002ca923bc150, L_000002ca927102c8, L_000002ca923bb4d0, C4<>;
L_000002ca923bb7f0 .functor MUXZ 8, L_000002ca923bc970, L_000002ca923bb7f0, L_000002ca923aa180, C4<>;
L_000002ca923bb890 .reduce/nor v000002ca923a8ec0_0;
L_000002ca923bcdd0 .concat [ 1 1 0 0], L_000002ca923bbe30, L_000002ca927104c0;
L_000002ca923bb930 .reduce/nor v000002ca923aa900_0;
L_000002ca923bcf10 .part/v L_000002ca923a9be0, v000002ca923aacc0_0, 1;
L_000002ca923bc290 .concat [ 1 31 0 0], L_000002ca923bcf10, L_000002ca92710550;
L_000002ca923bbb10 .cmp/eq 32, L_000002ca923bc290, L_000002ca92710598;
L_000002ca923bb9d0 .part/v v000002ca923a9000_0, v000002ca923aacc0_0, 1;
L_000002ca923bbbb0 .concat [ 1 31 0 0], L_000002ca923bb9d0, L_000002ca927105e0;
L_000002ca923bce70 .cmp/eq 32, L_000002ca923bbbb0, L_000002ca92710628;
L_000002ca923bb430 .reduce/nor L_000002ca9232d9e0;
L_000002ca923bc830 .functor MUXZ 2, L_000002ca927106b8, L_000002ca92710670, L_000002ca923bb430, C4<>;
L_000002ca923bbc50 .functor MUXZ 2, L_000002ca923bc830, L_000002ca92710508, L_000002ca923bb930, C4<>;
L_000002ca923bbd90 .functor MUXZ 2, L_000002ca923bbc50, L_000002ca923bcdd0, L_000002ca923bb890, C4<>;
L_000002ca923bbe30 .part L_000002ca923bbd90, 0, 1;
S_000002ca923269d0 .scope module, "FFA" "FIFO_8" 3 19, 3 38 0, S_000002ca9235d6e0;
 .timescale -9 -12;
    .port_info 0 /INPUT 1 "clk";
    .port_info 1 /INPUT 1 "rst_n";
    .port_info 2 /INPUT 1 "wen";
    .port_info 3 /INPUT 1 "ren";
    .port_info 4 /INPUT 8 "din";
    .port_info 5 /OUTPUT 8 "dout";
    .port_info 6 /OUTPUT 1 "error";
v000002ca92353570_0 .var "COUNTER", 3 0;
v000002ca923536b0 .array "MEM", 0 7, 7 0;
v000002ca92353890_0 .var "Raddr", 2 0;
v000002ca92352ad0_0 .var "Waddr", 2 0;
v000002ca92354510_0 .net "clk", 0 0, v000002ca923a8ec0_0;  alias, 1 drivers
v000002ca92352c10_0 .net "din", 7 0, v000002ca923a96e0_0;  alias, 1 drivers
v000002ca92352a30_0 .var "dotcar", 7 0;
v000002ca923543d0_0 .var "dout", 7 0;
v000002ca92352990_0 .var "error", 0 0;
v000002ca92352d50_0 .net "ren", 0 0, L_000002ca923aa680;  1 drivers
v000002ca92353a70_0 .net "rst_n", 0 0, v000002ca923aa900_0;  alias, 1 drivers
v000002ca923545b0_0 .net "wen", 0 0, L_000002ca923aa0e0;  1 drivers
E_000002ca9234c820 .event posedge, v000002ca92354510_0;
S_000002ca92326b60 .scope module, "FFB" "FIFO_8" 3 20, 3 38 0, S_000002ca9235d6e0;
 .timescale -9 -12;
    .port_info 0 /INPUT 1 "clk";
    .port_info 1 /INPUT 1 "rst_n";
    .port_info 2 /INPUT 1 "wen";
    .port_info 3 /INPUT 1 "ren";
    .port_info 4 /INPUT 8 "din";
    .port_info 5 /OUTPUT 8 "dout";
    .port_info 6 /OUTPUT 1 "error";
v000002ca92353390_0 .var "COUNTER", 3 0;
v000002ca923539d0 .array "MEM", 0 7, 7 0;
v000002ca92354010_0 .var "Raddr", 2 0;
v000002ca92353250_0 .var "Waddr", 2 0;
v000002ca92354150_0 .net "clk", 0 0, v000002ca923a8ec0_0;  alias, 1 drivers
v000002ca92353cf0_0 .net "din", 7 0, v000002ca923a9c80_0;  alias, 1 drivers
v000002ca92352e90_0 .var "dotcar", 7 0;
v000002ca92352fd0_0 .var "dout", 7 0;
v000002ca923532f0_0 .var "error", 0 0;
v000002ca92352710_0 .net "ren", 0 0, L_000002ca923a9dc0;  1 drivers
v000002ca923527b0_0 .net "rst_n", 0 0, v000002ca923aa900_0;  alias, 1 drivers
v000002ca92353c50_0 .net "wen", 0 0, L_000002ca923a90a0;  1 drivers
S_000002ca92326cf0 .scope module, "FFC" "FIFO_8" 3 21, 3 38 0, S_000002ca9235d6e0;
 .timescale -9 -12;
    .port_info 0 /INPUT 1 "clk";
    .port_info 1 /INPUT 1 "rst_n";
    .port_info 2 /INPUT 1 "wen";
    .port_info 3 /INPUT 1 "ren";
    .port_info 4 /INPUT 8 "din";
    .port_info 5 /OUTPUT 8 "dout";
    .port_info 6 /OUTPUT 1 "error";
v000002ca92352f30_0 .var "COUNTER", 3 0;
v000002ca923528f0 .array "MEM", 0 7, 7 0;
v000002ca92353070_0 .var "Raddr", 2 0;
v000002ca92353b10_0 .var "Waddr", 2 0;
v000002ca92353430_0 .net "clk", 0 0, v000002ca923a8ec0_0;  alias, 1 drivers
v000002ca923534d0_0 .net "din", 7 0, v000002ca923aa540_0;  alias, 1 drivers
v000002ca92353930_0 .var "dotcar", 7 0;
v000002ca92353d90_0 .var "dout", 7 0;
v000002ca92353e30_0 .var "error", 0 0;
v000002ca923541f0_0 .net "ren", 0 0, L_000002ca923a9960;  1 drivers
v000002ca92353ed0_0 .net "rst_n", 0 0, v000002ca923aa900_0;  alias, 1 drivers
v000002ca923540b0_0 .net "wen", 0 0, L_000002ca923a9780;  1 drivers
S_000002ca922e2ad0 .scope module, "FFD" "FIFO_8" 3 22, 3 38 0, S_000002ca9235d6e0;
 .timescale -9 -12;
    .port_info 0 /INPUT 1 "clk";
    .port_info 1 /INPUT 1 "rst_n";
    .port_info 2 /INPUT 1 "wen";
    .port_info 3 /INPUT 1 "ren";
    .port_info 4 /INPUT 8 "din";
    .port_info 5 /OUTPUT 8 "dout";
    .port_info 6 /OUTPUT 1 "error";
v000002ca92354330_0 .var "COUNTER", 3 0;
v000002ca92345e40 .array "MEM", 0 7, 7 0;
v000002ca923453a0_0 .var "Raddr", 2 0;
v000002ca923a7270_0 .var "Waddr", 2 0;
v000002ca923a7090_0 .net "clk", 0 0, v000002ca923a8ec0_0;  alias, 1 drivers
v000002ca923a8990_0 .net "din", 7 0, v000002ca923aa4a0_0;  alias, 1 drivers
v000002ca923a7950_0 .var "dotcar", 7 0;
v000002ca923a88f0_0 .var "dout", 7 0;
v000002ca923a7450_0 .var "error", 0 0;
v000002ca923a7810_0 .net "ren", 0 0, L_000002ca923a9b40;  1 drivers
v000002ca923a82b0_0 .net "rst_n", 0 0, v000002ca923aa900_0;  alias, 1 drivers
v000002ca923a8850_0 .net "wen", 0 0, L_000002ca923a9a00;  1 drivers
    .scope S_000002ca923269d0;
T_0 ;
    %pushi/vec4 0, 0, 4;
    %store/vec4 v000002ca92353570_0, 0, 4;
    %pushi/vec4 0, 0, 3;
    %store/vec4 v000002ca92352ad0_0, 0, 3;
    %pushi/vec4 0, 0, 3;
    %store/vec4 v000002ca92353890_0, 0, 3;
    %end;
    .thread T_0;
    .scope S_000002ca923269d0;
T_1 ;
    %wait E_000002ca9234c820;
    %load/vec4 v000002ca92353a70_0;
    %nor/r;
    %flag_set/vec4 8;
    %jmp/0xz  T_1.0, 8;
    %pushi/vec4 0, 0, 8;
    %ix/load 3, 0, 0;
    %flag_set/imm 4, 0;
    %ix/load 4, 0, 0; Constant delay
    %assign/vec4/a/d v000002ca923536b0, 0, 4;
    %pushi/vec4 0, 0, 8;
    %ix/load 3, 1, 0;
    %flag_set/imm 4, 0;
    %ix/load 4, 0, 0; Constant delay
    %assign/vec4/a/d v000002ca923536b0, 0, 4;
    %pushi/vec4 0, 0, 8;
    %ix/load 3, 2, 0;
    %flag_set/imm 4, 0;
    %ix/load 4, 0, 0; Constant delay
    %assign/vec4/a/d v000002ca923536b0, 0, 4;
    %pushi/vec4 0, 0, 8;
    %ix/load 3, 3, 0;
    %flag_set/imm 4, 0;
    %ix/load 4, 0, 0; Constant delay
    %assign/vec4/a/d v000002ca923536b0, 0, 4;
    %pushi/vec4 0, 0, 8;
    %ix/load 3, 4, 0;
    %flag_set/imm 4, 0;
    %ix/load 4, 0, 0; Constant delay
    %assign/vec4/a/d v000002ca923536b0, 0, 4;
    %pushi/vec4 0, 0, 8;
    %ix/load 3, 5, 0;
    %flag_set/imm 4, 0;
    %ix/load 4, 0, 0; Constant delay
    %assign/vec4/a/d v000002ca923536b0, 0, 4;
    %pushi/vec4 0, 0, 8;
    %ix/load 3, 6, 0;
    %flag_set/imm 4, 0;
    %ix/load 4, 0, 0; Constant delay
    %assign/vec4/a/d v000002ca923536b0, 0, 4;
    %pushi/vec4 0, 0, 8;
    %ix/load 3, 7, 0;
    %flag_set/imm 4, 0;
    %ix/load 4, 0, 0; Constant delay
    %assign/vec4/a/d v000002ca923536b0, 0, 4;
    %pushi/vec4 0, 0, 4;
    %assign/vec4 v000002ca92353570_0, 0;
    %pushi/vec4 0, 0, 3;
    %assign/vec4 v000002ca92352ad0_0, 0;
    %pushi/vec4 0, 0, 3;
    %assign/vec4 v000002ca92353890_0, 0;
    %pushi/vec4 0, 0, 8;
    %assign/vec4 v000002ca923543d0_0, 0;
    %pushi/vec4 0, 0, 1;
    %assign/vec4 v000002ca92352990_0, 0;
    %jmp T_1.1;
T_1.0 ;
    %load/vec4 v000002ca923545b0_0;
    %pad/u 32;
    %cmpi/e 1, 0, 32;
    %jmp/0xz  T_1.2, 4;
    %load/vec4 v000002ca92353570_0;
    %pad/u 32;
    %cmpi/e 8, 0, 32;
    %jmp/0xz  T_1.4, 4;
    %load/vec4 v000002ca92352a30_0;
    %assign/vec4 v000002ca923543d0_0, 0;
    %load/vec4 v000002ca92353570_0;
    %assign/vec4 v000002ca92353570_0, 0;
    %jmp T_1.5;
T_1.4 ;
    %load/vec4 v000002ca92352a30_0;
    %assign/vec4 v000002ca923543d0_0, 0;
    %load/vec4 v000002ca92352c10_0;
    %load/vec4 v000002ca92352ad0_0;
    %pad/u 5;
    %ix/vec4 3;
    %ix/load 4, 0, 0; Constant delay
    %assign/vec4/a/d v000002ca923536b0, 0, 4;
    %load/vec4 v000002ca92352ad0_0;
    %addi 1, 0, 3;
    %assign/vec4 v000002ca92352ad0_0, 0;
    %load/vec4 v000002ca92353570_0;
    %addi 1, 0, 4;
    %assign/vec4 v000002ca92353570_0, 0;
T_1.5 ;
    %jmp T_1.3;
T_1.2 ;
    %load/vec4 v000002ca92352d50_0;
    %pad/u 32;
    %cmpi/e 1, 0, 32;
    %jmp/0xz  T_1.6, 4;
    %load/vec4 v000002ca92353570_0;
    %pad/u 32;
    %cmpi/e 0, 0, 32;
    %jmp/0xz  T_1.8, 4;
    %load/vec4 v000002ca92352a30_0;
    %assign/vec4 v000002ca923543d0_0, 0;
    %load/vec4 v000002ca92353570_0;
    %assign/vec4 v000002ca92353570_0, 0;
    %jmp T_1.9;
T_1.8 ;
    %load/vec4 v000002ca92353890_0;
    %pad/u 5;
    %ix/vec4 4;
    %load/vec4a v000002ca923536b0, 4;
    %assign/vec4 v000002ca923543d0_0, 0;
    %load/vec4 v000002ca92353890_0;
    %addi 1, 0, 3;
    %assign/vec4 v000002ca92353890_0, 0;
    %load/vec4 v000002ca92353570_0;
    %subi 1, 0, 4;
    %assign/vec4 v000002ca92353570_0, 0;
T_1.9 ;
    %jmp T_1.7;
T_1.6 ;
    %load/vec4 v000002ca92352a30_0;
    %assign/vec4 v000002ca923543d0_0, 0;
    %load/vec4 v000002ca92353570_0;
    %assign/vec4 v000002ca92353570_0, 0;
T_1.7 ;
T_1.3 ;
T_1.1 ;
    %jmp T_1;
    .thread T_1;
    .scope S_000002ca923269d0;
T_2 ;
    %wait E_000002ca9234c820;
    %load/vec4 v000002ca92353570_0;
    %pad/u 32;
    %pushi/vec4 0, 0, 32;
    %cmp/e;
    %flag_get/vec4 4;
    %load/vec4 v000002ca923545b0_0;
    %pad/u 32;
    %pushi/vec4 0, 0, 32;
    %cmp/e;
    %flag_get/vec4 4;
    %and;
    %load/vec4 v000002ca92352d50_0;
    %pad/u 32;
    %pushi/vec4 1, 0, 32;
    %cmp/e;
    %flag_get/vec4 4;
    %and;
    %load/vec4 v000002ca92353570_0;
    %pad/u 32;
    %pushi/vec4 8, 0, 32;
    %cmp/e;
    %flag_get/vec4 4;
    %load/vec4 v000002ca923545b0_0;
    %pad/u 32;
    %pushi/vec4 1, 0, 32;
    %cmp/e;
    %flag_get/vec4 4;
    %and;
    %or;
    %assign/vec4 v000002ca92352990_0, 0;
    %jmp T_2;
    .thread T_2;
    .scope S_000002ca92326b60;
T_3 ;
    %pushi/vec4 0, 0, 4;
    %store/vec4 v000002ca92353390_0, 0, 4;
    %pushi/vec4 0, 0, 3;
    %store/vec4 v000002ca92353250_0, 0, 3;
    %pushi/vec4 0, 0, 3;
    %store/vec4 v000002ca92354010_0, 0, 3;
    %end;
    .thread T_3;
    .scope S_000002ca92326b60;
T_4 ;
    %wait E_000002ca9234c820;
    %load/vec4 v000002ca923527b0_0;
    %nor/r;
    %flag_set/vec4 8;
    %jmp/0xz  T_4.0, 8;
    %pushi/vec4 0, 0, 8;
    %ix/load 3, 0, 0;
    %flag_set/imm 4, 0;
    %ix/load 4, 0, 0; Constant delay
    %assign/vec4/a/d v000002ca923539d0, 0, 4;
    %pushi/vec4 0, 0, 8;
    %ix/load 3, 1, 0;
    %flag_set/imm 4, 0;
    %ix/load 4, 0, 0; Constant delay
    %assign/vec4/a/d v000002ca923539d0, 0, 4;
    %pushi/vec4 0, 0, 8;
    %ix/load 3, 2, 0;
    %flag_set/imm 4, 0;
    %ix/load 4, 0, 0; Constant delay
    %assign/vec4/a/d v000002ca923539d0, 0, 4;
    %pushi/vec4 0, 0, 8;
    %ix/load 3, 3, 0;
    %flag_set/imm 4, 0;
    %ix/load 4, 0, 0; Constant delay
    %assign/vec4/a/d v000002ca923539d0, 0, 4;
    %pushi/vec4 0, 0, 8;
    %ix/load 3, 4, 0;
    %flag_set/imm 4, 0;
    %ix/load 4, 0, 0; Constant delay
    %assign/vec4/a/d v000002ca923539d0, 0, 4;
    %pushi/vec4 0, 0, 8;
    %ix/load 3, 5, 0;
    %flag_set/imm 4, 0;
    %ix/load 4, 0, 0; Constant delay
    %assign/vec4/a/d v000002ca923539d0, 0, 4;
    %pushi/vec4 0, 0, 8;
    %ix/load 3, 6, 0;
    %flag_set/imm 4, 0;
    %ix/load 4, 0, 0; Constant delay
    %assign/vec4/a/d v000002ca923539d0, 0, 4;
    %pushi/vec4 0, 0, 8;
    %ix/load 3, 7, 0;
    %flag_set/imm 4, 0;
    %ix/load 4, 0, 0; Constant delay
    %assign/vec4/a/d v000002ca923539d0, 0, 4;
    %pushi/vec4 0, 0, 4;
    %assign/vec4 v000002ca92353390_0, 0;
    %pushi/vec4 0, 0, 3;
    %assign/vec4 v000002ca92353250_0, 0;
    %pushi/vec4 0, 0, 3;
    %assign/vec4 v000002ca92354010_0, 0;
    %pushi/vec4 0, 0, 8;
    %assign/vec4 v000002ca92352fd0_0, 0;
    %pushi/vec4 0, 0, 1;
    %assign/vec4 v000002ca923532f0_0, 0;
    %jmp T_4.1;
T_4.0 ;
    %load/vec4 v000002ca92353c50_0;
    %pad/u 32;
    %cmpi/e 1, 0, 32;
    %jmp/0xz  T_4.2, 4;
    %load/vec4 v000002ca92353390_0;
    %pad/u 32;
    %cmpi/e 8, 0, 32;
    %jmp/0xz  T_4.4, 4;
    %load/vec4 v000002ca92352e90_0;
    %assign/vec4 v000002ca92352fd0_0, 0;
    %load/vec4 v000002ca92353390_0;
    %assign/vec4 v000002ca92353390_0, 0;
    %jmp T_4.5;
T_4.4 ;
    %load/vec4 v000002ca92352e90_0;
    %assign/vec4 v000002ca92352fd0_0, 0;
    %load/vec4 v000002ca92353cf0_0;
    %load/vec4 v000002ca92353250_0;
    %pad/u 5;
    %ix/vec4 3;
    %ix/load 4, 0, 0; Constant delay
    %assign/vec4/a/d v000002ca923539d0, 0, 4;
    %load/vec4 v000002ca92353250_0;
    %addi 1, 0, 3;
    %assign/vec4 v000002ca92353250_0, 0;
    %load/vec4 v000002ca92353390_0;
    %addi 1, 0, 4;
    %assign/vec4 v000002ca92353390_0, 0;
T_4.5 ;
    %jmp T_4.3;
T_4.2 ;
    %load/vec4 v000002ca92352710_0;
    %pad/u 32;
    %cmpi/e 1, 0, 32;
    %jmp/0xz  T_4.6, 4;
    %load/vec4 v000002ca92353390_0;
    %pad/u 32;
    %cmpi/e 0, 0, 32;
    %jmp/0xz  T_4.8, 4;
    %load/vec4 v000002ca92352e90_0;
    %assign/vec4 v000002ca92352fd0_0, 0;
    %load/vec4 v000002ca92353390_0;
    %assign/vec4 v000002ca92353390_0, 0;
    %jmp T_4.9;
T_4.8 ;
    %load/vec4 v000002ca92354010_0;
    %pad/u 5;
    %ix/vec4 4;
    %load/vec4a v000002ca923539d0, 4;
    %assign/vec4 v000002ca92352fd0_0, 0;
    %load/vec4 v000002ca92354010_0;
    %addi 1, 0, 3;
    %assign/vec4 v000002ca92354010_0, 0;
    %load/vec4 v000002ca92353390_0;
    %subi 1, 0, 4;
    %assign/vec4 v000002ca92353390_0, 0;
T_4.9 ;
    %jmp T_4.7;
T_4.6 ;
    %load/vec4 v000002ca92352e90_0;
    %assign/vec4 v000002ca92352fd0_0, 0;
    %load/vec4 v000002ca92353390_0;
    %assign/vec4 v000002ca92353390_0, 0;
T_4.7 ;
T_4.3 ;
T_4.1 ;
    %jmp T_4;
    .thread T_4;
    .scope S_000002ca92326b60;
T_5 ;
    %wait E_000002ca9234c820;
    %load/vec4 v000002ca92353390_0;
    %pad/u 32;
    %pushi/vec4 0, 0, 32;
    %cmp/e;
    %flag_get/vec4 4;
    %load/vec4 v000002ca92353c50_0;
    %pad/u 32;
    %pushi/vec4 0, 0, 32;
    %cmp/e;
    %flag_get/vec4 4;
    %and;
    %load/vec4 v000002ca92352710_0;
    %pad/u 32;
    %pushi/vec4 1, 0, 32;
    %cmp/e;
    %flag_get/vec4 4;
    %and;
    %load/vec4 v000002ca92353390_0;
    %pad/u 32;
    %pushi/vec4 8, 0, 32;
    %cmp/e;
    %flag_get/vec4 4;
    %load/vec4 v000002ca92353c50_0;
    %pad/u 32;
    %pushi/vec4 1, 0, 32;
    %cmp/e;
    %flag_get/vec4 4;
    %and;
    %or;
    %assign/vec4 v000002ca923532f0_0, 0;
    %jmp T_5;
    .thread T_5;
    .scope S_000002ca92326cf0;
T_6 ;
    %pushi/vec4 0, 0, 4;
    %store/vec4 v000002ca92352f30_0, 0, 4;
    %pushi/vec4 0, 0, 3;
    %store/vec4 v000002ca92353b10_0, 0, 3;
    %pushi/vec4 0, 0, 3;
    %store/vec4 v000002ca92353070_0, 0, 3;
    %end;
    .thread T_6;
    .scope S_000002ca92326cf0;
T_7 ;
    %wait E_000002ca9234c820;
    %load/vec4 v000002ca92353ed0_0;
    %nor/r;
    %flag_set/vec4 8;
    %jmp/0xz  T_7.0, 8;
    %pushi/vec4 0, 0, 8;
    %ix/load 3, 0, 0;
    %flag_set/imm 4, 0;
    %ix/load 4, 0, 0; Constant delay
    %assign/vec4/a/d v000002ca923528f0, 0, 4;
    %pushi/vec4 0, 0, 8;
    %ix/load 3, 1, 0;
    %flag_set/imm 4, 0;
    %ix/load 4, 0, 0; Constant delay
    %assign/vec4/a/d v000002ca923528f0, 0, 4;
    %pushi/vec4 0, 0, 8;
    %ix/load 3, 2, 0;
    %flag_set/imm 4, 0;
    %ix/load 4, 0, 0; Constant delay
    %assign/vec4/a/d v000002ca923528f0, 0, 4;
    %pushi/vec4 0, 0, 8;
    %ix/load 3, 3, 0;
    %flag_set/imm 4, 0;
    %ix/load 4, 0, 0; Constant delay
    %assign/vec4/a/d v000002ca923528f0, 0, 4;
    %pushi/vec4 0, 0, 8;
    %ix/load 3, 4, 0;
    %flag_set/imm 4, 0;
    %ix/load 4, 0, 0; Constant delay
    %assign/vec4/a/d v000002ca923528f0, 0, 4;
    %pushi/vec4 0, 0, 8;
    %ix/load 3, 5, 0;
    %flag_set/imm 4, 0;
    %ix/load 4, 0, 0; Constant delay
    %assign/vec4/a/d v000002ca923528f0, 0, 4;
    %pushi/vec4 0, 0, 8;
    %ix/load 3, 6, 0;
    %flag_set/imm 4, 0;
    %ix/load 4, 0, 0; Constant delay
    %assign/vec4/a/d v000002ca923528f0, 0, 4;
    %pushi/vec4 0, 0, 8;
    %ix/load 3, 7, 0;
    %flag_set/imm 4, 0;
    %ix/load 4, 0, 0; Constant delay
    %assign/vec4/a/d v000002ca923528f0, 0, 4;
    %pushi/vec4 0, 0, 4;
    %assign/vec4 v000002ca92352f30_0, 0;
    %pushi/vec4 0, 0, 3;
    %assign/vec4 v000002ca92353b10_0, 0;
    %pushi/vec4 0, 0, 3;
    %assign/vec4 v000002ca92353070_0, 0;
    %pushi/vec4 0, 0, 8;
    %assign/vec4 v000002ca92353d90_0, 0;
    %pushi/vec4 0, 0, 1;
    %assign/vec4 v000002ca92353e30_0, 0;
    %jmp T_7.1;
T_7.0 ;
    %load/vec4 v000002ca923540b0_0;
    %pad/u 32;
    %cmpi/e 1, 0, 32;
    %jmp/0xz  T_7.2, 4;
    %load/vec4 v000002ca92352f30_0;
    %pad/u 32;
    %cmpi/e 8, 0, 32;
    %jmp/0xz  T_7.4, 4;
    %load/vec4 v000002ca92353930_0;
    %assign/vec4 v000002ca92353d90_0, 0;
    %load/vec4 v000002ca92352f30_0;
    %assign/vec4 v000002ca92352f30_0, 0;
    %jmp T_7.5;
T_7.4 ;
    %load/vec4 v000002ca92353930_0;
    %assign/vec4 v000002ca92353d90_0, 0;
    %load/vec4 v000002ca923534d0_0;
    %load/vec4 v000002ca92353b10_0;
    %pad/u 5;
    %ix/vec4 3;
    %ix/load 4, 0, 0; Constant delay
    %assign/vec4/a/d v000002ca923528f0, 0, 4;
    %load/vec4 v000002ca92353b10_0;
    %addi 1, 0, 3;
    %assign/vec4 v000002ca92353b10_0, 0;
    %load/vec4 v000002ca92352f30_0;
    %addi 1, 0, 4;
    %assign/vec4 v000002ca92352f30_0, 0;
T_7.5 ;
    %jmp T_7.3;
T_7.2 ;
    %load/vec4 v000002ca923541f0_0;
    %pad/u 32;
    %cmpi/e 1, 0, 32;
    %jmp/0xz  T_7.6, 4;
    %load/vec4 v000002ca92352f30_0;
    %pad/u 32;
    %cmpi/e 0, 0, 32;
    %jmp/0xz  T_7.8, 4;
    %load/vec4 v000002ca92353930_0;
    %assign/vec4 v000002ca92353d90_0, 0;
    %load/vec4 v000002ca92352f30_0;
    %assign/vec4 v000002ca92352f30_0, 0;
    %jmp T_7.9;
T_7.8 ;
    %load/vec4 v000002ca92353070_0;
    %pad/u 5;
    %ix/vec4 4;
    %load/vec4a v000002ca923528f0, 4;
    %assign/vec4 v000002ca92353d90_0, 0;
    %load/vec4 v000002ca92353070_0;
    %addi 1, 0, 3;
    %assign/vec4 v000002ca92353070_0, 0;
    %load/vec4 v000002ca92352f30_0;
    %subi 1, 0, 4;
    %assign/vec4 v000002ca92352f30_0, 0;
T_7.9 ;
    %jmp T_7.7;
T_7.6 ;
    %load/vec4 v000002ca92353930_0;
    %assign/vec4 v000002ca92353d90_0, 0;
    %load/vec4 v000002ca92352f30_0;
    %assign/vec4 v000002ca92352f30_0, 0;
T_7.7 ;
T_7.3 ;
T_7.1 ;
    %jmp T_7;
    .thread T_7;
    .scope S_000002ca92326cf0;
T_8 ;
    %wait E_000002ca9234c820;
    %load/vec4 v000002ca92352f30_0;
    %pad/u 32;
    %pushi/vec4 0, 0, 32;
    %cmp/e;
    %flag_get/vec4 4;
    %load/vec4 v000002ca923540b0_0;
    %pad/u 32;
    %pushi/vec4 0, 0, 32;
    %cmp/e;
    %flag_get/vec4 4;
    %and;
    %load/vec4 v000002ca923541f0_0;
    %pad/u 32;
    %pushi/vec4 1, 0, 32;
    %cmp/e;
    %flag_get/vec4 4;
    %and;
    %load/vec4 v000002ca92352f30_0;
    %pad/u 32;
    %pushi/vec4 8, 0, 32;
    %cmp/e;
    %flag_get/vec4 4;
    %load/vec4 v000002ca923540b0_0;
    %pad/u 32;
    %pushi/vec4 1, 0, 32;
    %cmp/e;
    %flag_get/vec4 4;
    %and;
    %or;
    %assign/vec4 v000002ca92353e30_0, 0;
    %jmp T_8;
    .thread T_8;
    .scope S_000002ca922e2ad0;
T_9 ;
    %pushi/vec4 0, 0, 4;
    %store/vec4 v000002ca92354330_0, 0, 4;
    %pushi/vec4 0, 0, 3;
    %store/vec4 v000002ca923a7270_0, 0, 3;
    %pushi/vec4 0, 0, 3;
    %store/vec4 v000002ca923453a0_0, 0, 3;
    %end;
    .thread T_9;
    .scope S_000002ca922e2ad0;
T_10 ;
    %wait E_000002ca9234c820;
    %load/vec4 v000002ca923a82b0_0;
    %nor/r;
    %flag_set/vec4 8;
    %jmp/0xz  T_10.0, 8;
    %pushi/vec4 0, 0, 8;
    %ix/load 3, 0, 0;
    %flag_set/imm 4, 0;
    %ix/load 4, 0, 0; Constant delay
    %assign/vec4/a/d v000002ca92345e40, 0, 4;
    %pushi/vec4 0, 0, 8;
    %ix/load 3, 1, 0;
    %flag_set/imm 4, 0;
    %ix/load 4, 0, 0; Constant delay
    %assign/vec4/a/d v000002ca92345e40, 0, 4;
    %pushi/vec4 0, 0, 8;
    %ix/load 3, 2, 0;
    %flag_set/imm 4, 0;
    %ix/load 4, 0, 0; Constant delay
    %assign/vec4/a/d v000002ca92345e40, 0, 4;
    %pushi/vec4 0, 0, 8;
    %ix/load 3, 3, 0;
    %flag_set/imm 4, 0;
    %ix/load 4, 0, 0; Constant delay
    %assign/vec4/a/d v000002ca92345e40, 0, 4;
    %pushi/vec4 0, 0, 8;
    %ix/load 3, 4, 0;
    %flag_set/imm 4, 0;
    %ix/load 4, 0, 0; Constant delay
    %assign/vec4/a/d v000002ca92345e40, 0, 4;
    %pushi/vec4 0, 0, 8;
    %ix/load 3, 5, 0;
    %flag_set/imm 4, 0;
    %ix/load 4, 0, 0; Constant delay
    %assign/vec4/a/d v000002ca92345e40, 0, 4;
    %pushi/vec4 0, 0, 8;
    %ix/load 3, 6, 0;
    %flag_set/imm 4, 0;
    %ix/load 4, 0, 0; Constant delay
    %assign/vec4/a/d v000002ca92345e40, 0, 4;
    %pushi/vec4 0, 0, 8;
    %ix/load 3, 7, 0;
    %flag_set/imm 4, 0;
    %ix/load 4, 0, 0; Constant delay
    %assign/vec4/a/d v000002ca92345e40, 0, 4;
    %pushi/vec4 0, 0, 4;
    %assign/vec4 v000002ca92354330_0, 0;
    %pushi/vec4 0, 0, 3;
    %assign/vec4 v000002ca923a7270_0, 0;
    %pushi/vec4 0, 0, 3;
    %assign/vec4 v000002ca923453a0_0, 0;
    %pushi/vec4 0, 0, 8;
    %assign/vec4 v000002ca923a88f0_0, 0;
    %pushi/vec4 0, 0, 1;
    %assign/vec4 v000002ca923a7450_0, 0;
    %jmp T_10.1;
T_10.0 ;
    %load/vec4 v000002ca923a8850_0;
    %pad/u 32;
    %cmpi/e 1, 0, 32;
    %jmp/0xz  T_10.2, 4;
    %load/vec4 v000002ca92354330_0;
    %pad/u 32;
    %cmpi/e 8, 0, 32;
    %jmp/0xz  T_10.4, 4;
    %load/vec4 v000002ca923a7950_0;
    %assign/vec4 v000002ca923a88f0_0, 0;
    %load/vec4 v000002ca92354330_0;
    %assign/vec4 v000002ca92354330_0, 0;
    %jmp T_10.5;
T_10.4 ;
    %load/vec4 v000002ca923a7950_0;
    %assign/vec4 v000002ca923a88f0_0, 0;
    %load/vec4 v000002ca923a8990_0;
    %load/vec4 v000002ca923a7270_0;
    %pad/u 5;
    %ix/vec4 3;
    %ix/load 4, 0, 0; Constant delay
    %assign/vec4/a/d v000002ca92345e40, 0, 4;
    %load/vec4 v000002ca923a7270_0;
    %addi 1, 0, 3;
    %assign/vec4 v000002ca923a7270_0, 0;
    %load/vec4 v000002ca92354330_0;
    %addi 1, 0, 4;
    %assign/vec4 v000002ca92354330_0, 0;
T_10.5 ;
    %jmp T_10.3;
T_10.2 ;
    %load/vec4 v000002ca923a7810_0;
    %pad/u 32;
    %cmpi/e 1, 0, 32;
    %jmp/0xz  T_10.6, 4;
    %load/vec4 v000002ca92354330_0;
    %pad/u 32;
    %cmpi/e 0, 0, 32;
    %jmp/0xz  T_10.8, 4;
    %load/vec4 v000002ca923a7950_0;
    %assign/vec4 v000002ca923a88f0_0, 0;
    %load/vec4 v000002ca92354330_0;
    %assign/vec4 v000002ca92354330_0, 0;
    %jmp T_10.9;
T_10.8 ;
    %load/vec4 v000002ca923453a0_0;
    %pad/u 5;
    %ix/vec4 4;
    %load/vec4a v000002ca92345e40, 4;
    %assign/vec4 v000002ca923a88f0_0, 0;
    %load/vec4 v000002ca923453a0_0;
    %addi 1, 0, 3;
    %assign/vec4 v000002ca923453a0_0, 0;
    %load/vec4 v000002ca92354330_0;
    %subi 1, 0, 4;
    %assign/vec4 v000002ca92354330_0, 0;
T_10.9 ;
    %jmp T_10.7;
T_10.6 ;
    %load/vec4 v000002ca923a7950_0;
    %assign/vec4 v000002ca923a88f0_0, 0;
    %load/vec4 v000002ca92354330_0;
    %assign/vec4 v000002ca92354330_0, 0;
T_10.7 ;
T_10.3 ;
T_10.1 ;
    %jmp T_10;
    .thread T_10;
    .scope S_000002ca922e2ad0;
T_11 ;
    %wait E_000002ca9234c820;
    %load/vec4 v000002ca92354330_0;
    %pad/u 32;
    %pushi/vec4 0, 0, 32;
    %cmp/e;
    %flag_get/vec4 4;
    %load/vec4 v000002ca923a8850_0;
    %pad/u 32;
    %pushi/vec4 0, 0, 32;
    %cmp/e;
    %flag_get/vec4 4;
    %and;
    %load/vec4 v000002ca923a7810_0;
    %pad/u 32;
    %pushi/vec4 1, 0, 32;
    %cmp/e;
    %flag_get/vec4 4;
    %and;
    %load/vec4 v000002ca92354330_0;
    %pad/u 32;
    %pushi/vec4 8, 0, 32;
    %cmp/e;
    %flag_get/vec4 4;
    %load/vec4 v000002ca923a8850_0;
    %pad/u 32;
    %pushi/vec4 1, 0, 32;
    %cmp/e;
    %flag_get/vec4 4;
    %and;
    %or;
    %assign/vec4 v000002ca923a7450_0, 0;
    %jmp T_11;
    .thread T_11;
    .scope S_000002ca9235d6e0;
T_12 ;
    %wait E_000002ca9234c820;
    %load/vec4 v000002ca923aa7c0_0;
    %assign/vec4 v000002ca923aacc0_0, 0;
    %jmp T_12;
    .thread T_12;
    .scope S_000002ca9235d6e0;
T_13 ;
    %wait E_000002ca9234c820;
    %load/vec4 v000002ca923aac20_0;
    %flag_set/vec4 8;
    %jmp/0xz  T_13.0, 8;
    %load/vec4 v000002ca923aa7c0_0;
    %addi 1, 0, 2;
    %assign/vec4 v000002ca923aa7c0_0, 0;
    %jmp T_13.1;
T_13.0 ;
    %pushi/vec4 0, 0, 2;
    %assign/vec4 v000002ca923aa7c0_0, 0;
T_13.1 ;
    %jmp T_13;
    .thread T_13;
    .scope S_000002ca9235d550;
T_14 ;
    %pushi/vec4 0, 0, 1;
    %store/vec4 v000002ca923a8ec0_0, 0, 1;
    %pushi/vec4 0, 0, 1;
    %store/vec4 v000002ca923aa900_0, 0, 1;
    %end;
    .thread T_14;
    .scope S_000002ca9235d550;
T_15 ;
    %delay 5000, 0;
    %load/vec4 v000002ca923a8ec0_0;
    %nor/r;
    %store/vec4 v000002ca923a8ec0_0, 0, 1;
    %jmp T_15;
    .thread T_15;
    .scope S_000002ca9235d550;
T_16 ;
    %delay 10000, 0;
    %load/vec4 v000002ca923aa900_0;
    %nor/r;
    %store/vec4 v000002ca923aa900_0, 0, 1;
    %end;
    .thread T_16;
    .scope S_000002ca9235d550;
T_17 ;
    %pushi/vec4 15, 0, 4;
    %store/vec4 v000002ca923a9000_0, 0, 4;
    %delay 20000, 0;
    %pushi/vec4 8, 0, 4;
    %store/vec4 v000002ca923a9000_0, 0, 4;
    %delay 10000, 0;
    %pushi/vec4 4, 0, 4;
    %store/vec4 v000002ca923a9000_0, 0, 4;
    %delay 10000, 0;
    %pushi/vec4 0, 0, 4;
    %store/vec4 v000002ca923a9000_0, 0, 4;
    %delay 30000, 0;
    %pushi/vec4 1, 0, 4;
    %store/vec4 v000002ca923a9000_0, 0, 4;
    %delay 10000, 0;
    %pushi/vec4 0, 0, 4;
    %store/vec4 v000002ca923a9000_0, 0, 4;
    %delay 40000, 0;
    %pushi/vec4 15, 0, 4;
    %store/vec4 v000002ca923a9000_0, 0, 4;
    %delay 10000, 0;
    %pushi/vec4 0, 0, 4;
    %store/vec4 v000002ca923a9000_0, 0, 4;
    %delay 50000, 0;
    %vpi_call 2 26 "$finish" {0 0 0};
    %end;
    .thread T_17;
    .scope S_000002ca9235d550;
T_18 ;
    %delay 10000, 0;
    %pushi/vec4 87, 0, 8;
    %store/vec4 v000002ca923a96e0_0, 0, 8;
    %pushi/vec4 56, 0, 8;
    %store/vec4 v000002ca923a9c80_0, 0, 8;
    %pushi/vec4 9, 0, 8;
    %store/vec4 v000002ca923aa540_0, 0, 8;
    %pushi/vec4 13, 0, 8;
    %store/vec4 v000002ca923aa4a0_0, 0, 8;
    %delay 10000, 0;
    %pushi/vec4 85, 0, 8;
    %store/vec4 v000002ca923aa4a0_0, 0, 8;
    %pushi/vec4 0, 0, 8;
    %store/vec4 v000002ca923a96e0_0, 0, 8;
    %pushi/vec4 0, 0, 8;
    %store/vec4 v000002ca923a9c80_0, 0, 8;
    %pushi/vec4 0, 0, 8;
    %store/vec4 v000002ca923aa540_0, 0, 8;
    %delay 10000, 0;
    %pushi/vec4 139, 0, 8;
    %store/vec4 v000002ca923aa540_0, 0, 8;
    %pushi/vec4 0, 0, 8;
    %store/vec4 v000002ca923aa4a0_0, 0, 8;
    %delay 10000, 0;
    %pushi/vec4 0, 0, 8;
    %store/vec4 v000002ca923aa540_0, 0, 8;
    %delay 30000, 0;
    %pushi/vec4 51, 0, 8;
    %store/vec4 v000002ca923a96e0_0, 0, 8;
    %delay 50000, 0;
    %pushi/vec4 1, 0, 8;
    %store/vec4 v000002ca923a96e0_0, 0, 8;
    %pushi/vec4 2, 0, 8;
    %store/vec4 v000002ca923a9c80_0, 0, 8;
    %pushi/vec4 3, 0, 8;
    %store/vec4 v000002ca923aa540_0, 0, 8;
    %pushi/vec4 4, 0, 8;
    %store/vec4 v000002ca923aa4a0_0, 0, 8;
    %load/vec4 v000002ca923aa900_0;
    %nor/r;
    %store/vec4 v000002ca923aa900_0, 0, 1;
    %delay 10000, 0;
    %pushi/vec4 0, 0, 8;
    %store/vec4 v000002ca923a96e0_0, 0, 8;
    %pushi/vec4 0, 0, 8;
    %store/vec4 v000002ca923a9c80_0, 0, 8;
    %pushi/vec4 0, 0, 8;
    %store/vec4 v000002ca923aa540_0, 0, 8;
    %pushi/vec4 0, 0, 8;
    %store/vec4 v000002ca923aa4a0_0, 0, 8;
    %load/vec4 v000002ca923aa900_0;
    %nor/r;
    %store/vec4 v000002ca923aa900_0, 0, 1;
    %end;
    .thread T_18;
    .scope S_000002ca9235d550;
T_19 ;
    %vpi_call 2 60 "$dumpfile", "Round_Robin_FIFO_Arbiter_t.vcd" {0 0 0};
    %vpi_call 2 61 "$dumpvars", 32'sb00000000000000000000000000000000, S_000002ca9235d550 {0 0 0};
    %end;
    .thread T_19;
# The file index is used to find the file name in the following table.
:file_names 4;
    "N/A";
    "<interactive>";
    "Lab3_Team1_Round_Robin_FIFO_Arbiter_t.v";
    "./Lab3_Team1_Round_Robin_FIFO_Arbiter.v";
