#! /c/Source/iverilog-install/bin/vvp
:ivl_version "12.0 (devel)" "(s20150603-1110-g18392a46)";
:ivl_delay_selection "TYPICAL";
:vpi_time_precision - 12;
:vpi_module "C:\iverilog\lib\ivl\system.vpi";
:vpi_module "C:\iverilog\lib\ivl\vhdl_sys.vpi";
:vpi_module "C:\iverilog\lib\ivl\vhdl_textio.vpi";
:vpi_module "C:\iverilog\lib\ivl\v2005_math.vpi";
:vpi_module "C:\iverilog\lib\ivl\va_math.vpi";
S_0000021b253db580 .scope module, "Ping_Pong_Counter_t" "Ping_Pong_Counter_t" 2 4;
 .timescale -9 -12;
v0000021b252c2c10_0 .var "clk", 0 0;
v0000021b252c2cb0_0 .net "direction", 0 0, v0000021b252f76d0_0;  1 drivers
v0000021b252c2d50_0 .var "enable", 0 0;
v0000021b252c2df0_0 .net "out", 3 0, v0000021b252c2ad0_0;  1 drivers
v0000021b252c2e90_0 .var "rst_n", 0 0;
S_0000021b253db9d0 .scope module, "PPC" "Ping_Pong_Counter" 2 10, 3 3 0, S_0000021b253db580;
 .timescale -9 -12;
    .port_info 0 /INPUT 1 "clk";
    .port_info 1 /INPUT 1 "rst_n";
    .port_info 2 /INPUT 1 "enable";
    .port_info 3 /OUTPUT 1 "direction";
    .port_info 4 /OUTPUT 4 "out";
v0000021b253dbb60_0 .net "clk", 0 0, v0000021b252c2c10_0;  1 drivers
v0000021b252f76d0_0 .var "direction", 0 0;
v0000021b253dbc00_0 .net "enable", 0 0, v0000021b252c2d50_0;  1 drivers
v0000021b252c2ad0_0 .var "out", 3 0;
v0000021b252c2b70_0 .net "rst_n", 0 0, v0000021b252c2e90_0;  1 drivers
E_0000021b253d9a90 .event posedge, v0000021b253dbb60_0;
    .scope S_0000021b253db9d0;
T_0 ;
    %wait E_0000021b253d9a90;
    %load/vec4 v0000021b252c2b70_0;
    %nor/r;
    %flag_set/vec4 8;
    %jmp/0xz  T_0.0, 8;
    %pushi/vec4 0, 0, 4;
    %assign/vec4 v0000021b252c2ad0_0, 0;
    %pushi/vec4 1, 0, 1;
    %assign/vec4 v0000021b252f76d0_0, 0;
    %jmp T_0.1;
T_0.0 ;
    %load/vec4 v0000021b253dbc00_0;
    %nor/r;
    %flag_set/vec4 8;
    %jmp/0xz  T_0.2, 8;
    %load/vec4 v0000021b252c2ad0_0;
    %assign/vec4 v0000021b252c2ad0_0, 0;
    %load/vec4 v0000021b252f76d0_0;
    %assign/vec4 v0000021b252f76d0_0, 0;
    %jmp T_0.3;
T_0.2 ;
    %load/vec4 v0000021b252f76d0_0;
    %pad/u 32;
    %cmpi/e 1, 0, 32;
    %jmp/0xz  T_0.4, 4;
    %load/vec4 v0000021b252c2ad0_0;
    %pad/u 32;
    %cmpi/e 15, 0, 32;
    %jmp/0xz  T_0.6, 4;
    %load/vec4 v0000021b252c2ad0_0;
    %subi 1, 0, 4;
    %assign/vec4 v0000021b252c2ad0_0, 0;
    %pushi/vec4 0, 0, 1;
    %assign/vec4 v0000021b252f76d0_0, 0;
    %jmp T_0.7;
T_0.6 ;
    %load/vec4 v0000021b252c2ad0_0;
    %addi 1, 0, 4;
    %assign/vec4 v0000021b252c2ad0_0, 0;
    %load/vec4 v0000021b252f76d0_0;
    %assign/vec4 v0000021b252f76d0_0, 0;
T_0.7 ;
    %jmp T_0.5;
T_0.4 ;
    %load/vec4 v0000021b252c2ad0_0;
    %pad/u 32;
    %cmpi/e 0, 0, 32;
    %jmp/0xz  T_0.8, 4;
    %load/vec4 v0000021b252c2ad0_0;
    %addi 1, 0, 4;
    %assign/vec4 v0000021b252c2ad0_0, 0;
    %pushi/vec4 1, 0, 1;
    %assign/vec4 v0000021b252f76d0_0, 0;
    %jmp T_0.9;
T_0.8 ;
    %load/vec4 v0000021b252c2ad0_0;
    %subi 1, 0, 4;
    %assign/vec4 v0000021b252c2ad0_0, 0;
    %load/vec4 v0000021b252f76d0_0;
    %assign/vec4 v0000021b252f76d0_0, 0;
T_0.9 ;
T_0.5 ;
T_0.3 ;
T_0.1 ;
    %jmp T_0;
    .thread T_0;
    .scope S_0000021b253db580;
T_1 ;
    %pushi/vec4 1, 0, 1;
    %store/vec4 v0000021b252c2c10_0, 0, 1;
    %pushi/vec4 0, 0, 1;
    %store/vec4 v0000021b252c2e90_0, 0, 1;
    %pushi/vec4 1, 0, 1;
    %store/vec4 v0000021b252c2d50_0, 0, 1;
    %end;
    .thread T_1;
    .scope S_0000021b253db580;
T_2 ;
    %delay 5000, 0;
    %load/vec4 v0000021b252c2c10_0;
    %nor/r;
    %store/vec4 v0000021b252c2c10_0, 0, 1;
    %jmp T_2;
    .thread T_2;
    .scope S_0000021b253db580;
T_3 ;
    %delay 20000, 0;
    %delay 320000, 0;
    %load/vec4 v0000021b252c2d50_0;
    %nor/r;
    %store/vec4 v0000021b252c2d50_0, 0, 1;
    %delay 50000, 0;
    %load/vec4 v0000021b252c2d50_0;
    %nor/r;
    %store/vec4 v0000021b252c2d50_0, 0, 1;
    %delay 100000, 0;
    %load/vec4 v0000021b252c2d50_0;
    %nor/r;
    %store/vec4 v0000021b252c2d50_0, 0, 1;
    %delay 10000, 0;
    %load/vec4 v0000021b252c2d50_0;
    %nor/r;
    %store/vec4 v0000021b252c2d50_0, 0, 1;
    %vpi_call 2 32 "$finish" {0 0 0};
    %end;
    .thread T_3;
    .scope S_0000021b253db580;
T_4 ;
    %delay 20000, 0;
    %load/vec4 v0000021b252c2e90_0;
    %nor/r;
    %store/vec4 v0000021b252c2e90_0, 0, 1;
    %delay 300000, 0;
    %load/vec4 v0000021b252c2e90_0;
    %nor/r;
    %store/vec4 v0000021b252c2e90_0, 0, 1;
    %delay 10000, 0;
    %load/vec4 v0000021b252c2e90_0;
    %nor/r;
    %store/vec4 v0000021b252c2e90_0, 0, 1;
    %delay 20000, 0;
    %load/vec4 v0000021b252c2e90_0;
    %nor/r;
    %store/vec4 v0000021b252c2e90_0, 0, 1;
    %delay 10000, 0;
    %load/vec4 v0000021b252c2e90_0;
    %nor/r;
    %store/vec4 v0000021b252c2e90_0, 0, 1;
    %delay 250000, 0;
    %load/vec4 v0000021b252c2e90_0;
    %nor/r;
    %store/vec4 v0000021b252c2e90_0, 0, 1;
    %delay 10000, 0;
    %load/vec4 v0000021b252c2e90_0;
    %nor/r;
    %store/vec4 v0000021b252c2e90_0, 0, 1;
    %end;
    .thread T_4;
    .scope S_0000021b253db580;
T_5 ;
    %vpi_call 2 46 "$dumpfile", "Ping_Pong_Counter.vcd" {0 0 0};
    %vpi_call 2 47 "$dumpvars", 32'sb00000000000000000000000000000000, S_0000021b253db580 {0 0 0};
    %end;
    .thread T_5;
# The file index is used to find the file name in the following table.
:file_names 4;
    "N/A";
    "<interactive>";
    "Lab3_Team1_Ping_Pong_Counter_t.v";
    "./Lab3_Team1_Ping_Pong_Counter.v";
