Copyright 1986-2019 Xilinx, Inc. All Rights Reserved.
------------------------------------------------------------------------------------
| Tool Version : Vivado v.2019.2 (win64) Build 2708876 Wed Nov  6 21:40:23 MST 2019
| Date         : Thu Nov 21 15:01:28 2024
| Host         : R328-34 running 64-bit major release  (build 9200)
| Command      : report_control_sets -verbose -file Top_control_sets_placed.rpt
| Design       : Top
| Device       : xc7a35t
------------------------------------------------------------------------------------

Control Set Information

Table of Contents
-----------------
1. Summary
2. Histogram
3. Flip-Flop Distribution
4. Detailed Control Set Information

1. Summary
----------

+----------------------------------------------------------+-------+
|                          Status                          | Count |
+----------------------------------------------------------+-------+
| Total control sets                                       |     7 |
|    Minimum number of control sets                        |     7 |
|    Addition due to synthesis replication                 |     0 |
|    Addition due to physical synthesis replication        |     0 |
| Unused register locations in slices containing registers |    28 |
+----------------------------------------------------------+-------+
* Control sets can be merged at opt_design using control_set_merge or merge_equivalent_drivers
** Run report_qor_suggestions for automated merging and remapping suggestions


2. Histogram
------------

+--------------------+-------+
|       Fanout       | Count |
+--------------------+-------+
| Total control sets |     7 |
| >= 0 to < 4        |     3 |
| >= 4 to < 6        |     0 |
| >= 6 to < 8        |     1 |
| >= 8 to < 10       |     1 |
| >= 10 to < 12      |     0 |
| >= 12 to < 14      |     0 |
| >= 14 to < 16      |     0 |
| >= 16              |     2 |
+--------------------+-------+
* Control sets can be remapped at either synth_design or opt_design


3. Flip-Flop Distribution
-------------------------

+--------------+-----------------------+------------------------+-----------------+--------------+
| Clock Enable | Synchronous Set/Reset | Asynchronous Set/Reset | Total Registers | Total Slices |
+--------------+-----------------------+------------------------+-----------------+--------------+
| No           | No                    | No                     |              11 |            5 |
| No           | No                    | Yes                    |              52 |           16 |
| No           | Yes                   | No                     |               8 |            2 |
| Yes          | No                    | No                     |               0 |            0 |
| Yes          | No                    | Yes                    |               1 |            1 |
| Yes          | Yes                   | No                     |              20 |            6 |
+--------------+-----------------------+------------------------+-----------------+--------------+


4. Detailed Control Set Information
-----------------------------------

+----------------+------------------------+-----------------------+------------------+----------------+
|  Clock Signal  |      Enable Signal     |    Set/Reset Signal   | Slice Load Count | Bel Load Count |
+----------------+------------------------+-----------------------+------------------+----------------+
|  B/clk1/CLK    |                        | d1/Rst_n              |                1 |              1 |
|  clk_IBUF_BUFG | B/u1/trig0             | d1/Rst_n              |                1 |              1 |
|  B/clk1/CLK    |                        |                       |                1 |              3 |
|  clk_IBUF_BUFG |                        | B/clk1/cnt[6]_i_1_n_0 |                1 |              7 |
|  clk_IBUF_BUFG |                        |                       |                4 |              8 |
|  B/clk1/CLK    | B/u2/count[19]_i_1_n_0 | d1/Rst_n              |                6 |             20 |
|  clk_IBUF_BUFG |                        | d1/Rst_n              |               16 |             52 |
+----------------+------------------------+-----------------------+------------------+----------------+


