
*** Running vivado
    with args -log a5_FPGA.vds -m64 -product Vivado -mode batch -messageDb vivado.pb -notrace -source a5_FPGA.tcl



****** Vivado v2022.2 (64-bit)
  **** SW Build 3671981 on Fri Oct 14 05:00:03 MDT 2022
  **** IP Build 3669848 on Fri Oct 14 08:30:02 MDT 2022
    ** Copyright 1986-2022 Xilinx, Inc. All Rights Reserved.

source a5_FPGA.tcl -notrace
Command: read_checkpoint -auto_incremental -incremental C:/Users/sweri/Desktop/HD/roger/Lab3/advanced/advanced.srcs/utils_1/imports/synth_1/Ping_Pong_Counter.dcp
INFO: [Vivado 12-5825] Read reference checkpoint from C:/Users/sweri/Desktop/HD/roger/Lab3/advanced/advanced.srcs/utils_1/imports/synth_1/Ping_Pong_Counter.dcp for incremental synthesis
INFO: [Vivado 12-7989] Please ensure there are no constraint changes
Command: synth_design -top a5_FPGA -part xc7a35tcpg236-1
Starting synth_design
Attempting to get a license for feature 'Synthesis' and/or device 'xc7a35t'
INFO: [Common 17-349] Got license for feature 'Synthesis' and/or device 'xc7a35t'
INFO: [Device 21-403] Loading part xc7a35tcpg236-1
INFO: [Designutils 20-5440] No compile time benefit to using incremental synthesis; A full resynthesis will be run
INFO: [Designutils 20-4379] Flow is switching to default flow due to incremental criteria not met. If you would like to alter this behaviour and have the flow terminate instead, please set the following parameter config_implementation {autoIncr.Synth.RejectBehavior Terminate}
INFO: [Synth 8-7079] Multithreading enabled for synth_design using a maximum of 2 processes.
INFO: [Synth 8-7078] Launching helper process for spawning children vivado processes
INFO: [Synth 8-7075] Helper process launched with PID 24212
INFO: [Synth 8-11241] undeclared symbol 'REGCCE', assumed default net type 'wire' [C:/Xilinx/Vivado/2022.2/data/verilog/src/unimacro/BRAM_SINGLE_MACRO.v:2170]
WARNING: [Synth 8-9694] invalid size of integer constant literal [C:/Users/sweri/Desktop/HD/roger/Lab3/a5_FPGA.v:39]
WARNING: [Synth 8-9694] invalid size of integer constant literal [C:/Users/sweri/Desktop/HD/roger/Lab3/a5_FPGA.v:40]
---------------------------------------------------------------------------------
Starting RTL Elaboration : Time (s): cpu = 00:00:02 ; elapsed = 00:00:04 . Memory (MB): peak = 1205.316 ; gain = 408.613
---------------------------------------------------------------------------------
INFO: [Synth 8-6157] synthesizing module 'a5_FPGA' [C:/Users/sweri/Desktop/HD/roger/Lab3/a5_FPGA.v:3]
INFO: [Synth 8-6157] synthesizing module 'debounce' [C:/Users/sweri/Desktop/HD/roger/Lab3/a5_FPGA.v:80]
INFO: [Synth 8-6155] done synthesizing module 'debounce' (0#1) [C:/Users/sweri/Desktop/HD/roger/Lab3/a5_FPGA.v:80]
INFO: [Synth 8-6157] synthesizing module 'one_pulse' [C:/Users/sweri/Desktop/HD/roger/Lab3/a5_FPGA.v:89]
INFO: [Synth 8-6155] done synthesizing module 'one_pulse' (0#1) [C:/Users/sweri/Desktop/HD/roger/Lab3/a5_FPGA.v:89]
INFO: [Synth 8-6157] synthesizing module 'Parameterized_Ping_Pong_Counter' [C:/Users/sweri/Desktop/HD/roger/Lab3/a5_FPGA.v:98]
INFO: [Synth 8-6155] done synthesizing module 'Parameterized_Ping_Pong_Counter' (0#1) [C:/Users/sweri/Desktop/HD/roger/Lab3/a5_FPGA.v:98]
INFO: [Synth 8-155] case statement is not full and has no default [C:/Users/sweri/Desktop/HD/roger/Lab3/a5_FPGA.v:54]
INFO: [Synth 8-6155] done synthesizing module 'a5_FPGA' (0#1) [C:/Users/sweri/Desktop/HD/roger/Lab3/a5_FPGA.v:3]
---------------------------------------------------------------------------------
Finished RTL Elaboration : Time (s): cpu = 00:00:02 ; elapsed = 00:00:06 . Memory (MB): peak = 1295.750 ; gain = 499.047
---------------------------------------------------------------------------------
---------------------------------------------------------------------------------
Start Handling Custom Attributes
---------------------------------------------------------------------------------
---------------------------------------------------------------------------------
Finished Handling Custom Attributes : Time (s): cpu = 00:00:02 ; elapsed = 00:00:06 . Memory (MB): peak = 1295.750 ; gain = 499.047
---------------------------------------------------------------------------------
---------------------------------------------------------------------------------
Finished RTL Optimization Phase 1 : Time (s): cpu = 00:00:02 ; elapsed = 00:00:06 . Memory (MB): peak = 1295.750 ; gain = 499.047
---------------------------------------------------------------------------------
Netlist sorting complete. Time (s): cpu = 00:00:00 ; elapsed = 00:00:00.002 . Memory (MB): peak = 1295.750 ; gain = 0.000
INFO: [Project 1-570] Preparing netlist for logic optimization

Processing XDC Constraints
Initializing timing engine
Parsing XDC File [C:/Users/sweri/Desktop/HD/roger/Lab3/advanced/cons.xdc]
Finished Parsing XDC File [C:/Users/sweri/Desktop/HD/roger/Lab3/advanced/cons.xdc]
INFO: [Project 1-236] Implementation specific constraints were found while reading constraint file [C:/Users/sweri/Desktop/HD/roger/Lab3/advanced/cons.xdc]. These constraints will be ignored for synthesis but will be used in implementation. Impacted constraints are listed in the file [.Xil/a5_FPGA_propImpl.xdc].
Resolution: To avoid this warning, move constraints listed in [.Xil/a5_FPGA_propImpl.xdc] to another XDC file and exclude this new file from synthesis with the used_in_synthesis property (File Properties dialog in GUI) and re-run elaboration/synthesis.
Completed Processing XDC Constraints

Netlist sorting complete. Time (s): cpu = 00:00:00 ; elapsed = 00:00:00 . Memory (MB): peak = 1404.492 ; gain = 0.000
INFO: [Project 1-111] Unisim Transformation Summary:
No Unisim elements were transformed.

Constraint Validation Runtime : Time (s): cpu = 00:00:00 ; elapsed = 00:00:00.002 . Memory (MB): peak = 1404.492 ; gain = 0.000
INFO: [Designutils 20-5440] No compile time benefit to using incremental synthesis; A full resynthesis will be run
INFO: [Designutils 20-4379] Flow is switching to default flow due to incremental criteria not met. If you would like to alter this behaviour and have the flow terminate instead, please set the following parameter config_implementation {autoIncr.Synth.RejectBehavior Terminate}
INFO: [Synth 8-11241] undeclared symbol 'REGCCE', assumed default net type 'wire' [C:/Xilinx/Vivado/2022.2/data/verilog/src/unimacro/BRAM_SINGLE_MACRO.v:2170]
---------------------------------------------------------------------------------
Finished Constraint Validation : Time (s): cpu = 00:00:06 ; elapsed = 00:00:12 . Memory (MB): peak = 1404.492 ; gain = 607.789
---------------------------------------------------------------------------------
---------------------------------------------------------------------------------
Start Loading Part and Timing Information
---------------------------------------------------------------------------------
Loading part: xc7a35tcpg236-1
---------------------------------------------------------------------------------
Finished Loading Part and Timing Information : Time (s): cpu = 00:00:06 ; elapsed = 00:00:12 . Memory (MB): peak = 1404.492 ; gain = 607.789
---------------------------------------------------------------------------------
---------------------------------------------------------------------------------
Start Applying 'set_property' XDC Constraints
---------------------------------------------------------------------------------
---------------------------------------------------------------------------------
Finished applying 'set_property' XDC Constraints : Time (s): cpu = 00:00:06 ; elapsed = 00:00:12 . Memory (MB): peak = 1404.492 ; gain = 607.789
---------------------------------------------------------------------------------
WARNING: [Synth 8-327] inferring latch for variable 'LED_BCD_reg' [C:/Users/sweri/Desktop/HD/roger/Lab3/a5_FPGA.v:55]
---------------------------------------------------------------------------------
Finished RTL Optimization Phase 2 : Time (s): cpu = 00:00:06 ; elapsed = 00:00:12 . Memory (MB): peak = 1404.492 ; gain = 607.789
---------------------------------------------------------------------------------
---------------------------------------------------------------------------------
Start RTL Component Statistics 
---------------------------------------------------------------------------------
Detailed RTL Component Info : 
+---Adders : 
	   2 Input    4 Bit       Adders := 1     
+---XORs : 
	   2 Input      1 Bit         XORs := 2     
+---Registers : 
	                4 Bit    Registers := 4     
	                1 Bit    Registers := 11    
+---Muxes : 
	   2 Input    4 Bit        Muxes := 2     
	   2 Input    2 Bit        Muxes := 1     
	   2 Input    1 Bit        Muxes := 3     
	   4 Input    1 Bit        Muxes := 1     
---------------------------------------------------------------------------------
Finished RTL Component Statistics 
---------------------------------------------------------------------------------
---------------------------------------------------------------------------------
Start Part Resource Summary
---------------------------------------------------------------------------------
Part Resources:
DSPs: 90 (col length:60)
BRAMs: 100 (col length: RAMB18 60 RAMB36 30)
---------------------------------------------------------------------------------
Finished Part Resource Summary
---------------------------------------------------------------------------------
---------------------------------------------------------------------------------
Start Cross Boundary and Area Optimization
---------------------------------------------------------------------------------
WARNING: [Synth 8-7080] Parallel synthesis criteria is not met
---------------------------------------------------------------------------------
Finished Cross Boundary and Area Optimization : Time (s): cpu = 00:00:07 ; elapsed = 00:00:14 . Memory (MB): peak = 1404.492 ; gain = 607.789
---------------------------------------------------------------------------------
---------------------------------------------------------------------------------
Start Applying XDC Timing Constraints
---------------------------------------------------------------------------------
---------------------------------------------------------------------------------
Finished Applying XDC Timing Constraints : Time (s): cpu = 00:00:10 ; elapsed = 00:00:18 . Memory (MB): peak = 1404.492 ; gain = 607.789
---------------------------------------------------------------------------------
---------------------------------------------------------------------------------
Start Timing Optimization
---------------------------------------------------------------------------------
---------------------------------------------------------------------------------
Finished Timing Optimization : Time (s): cpu = 00:00:10 ; elapsed = 00:00:18 . Memory (MB): peak = 1404.492 ; gain = 607.789
---------------------------------------------------------------------------------
---------------------------------------------------------------------------------
Start Technology Mapping
---------------------------------------------------------------------------------
---------------------------------------------------------------------------------
Finished Technology Mapping : Time (s): cpu = 00:00:10 ; elapsed = 00:00:18 . Memory (MB): peak = 1404.492 ; gain = 607.789
---------------------------------------------------------------------------------
---------------------------------------------------------------------------------
Start IO Insertion
---------------------------------------------------------------------------------
---------------------------------------------------------------------------------
Start Flattening Before IO Insertion
---------------------------------------------------------------------------------
---------------------------------------------------------------------------------
Finished Flattening Before IO Insertion
---------------------------------------------------------------------------------
---------------------------------------------------------------------------------
Start Final Netlist Cleanup
---------------------------------------------------------------------------------
---------------------------------------------------------------------------------
Finished Final Netlist Cleanup
---------------------------------------------------------------------------------
---------------------------------------------------------------------------------
Finished IO Insertion : Time (s): cpu = 00:00:11 ; elapsed = 00:00:22 . Memory (MB): peak = 1404.492 ; gain = 607.789
---------------------------------------------------------------------------------
---------------------------------------------------------------------------------
Start Renaming Generated Instances
---------------------------------------------------------------------------------
---------------------------------------------------------------------------------
Finished Renaming Generated Instances : Time (s): cpu = 00:00:11 ; elapsed = 00:00:22 . Memory (MB): peak = 1404.492 ; gain = 607.789
---------------------------------------------------------------------------------
---------------------------------------------------------------------------------
Start Rebuilding User Hierarchy
---------------------------------------------------------------------------------
---------------------------------------------------------------------------------
Finished Rebuilding User Hierarchy : Time (s): cpu = 00:00:11 ; elapsed = 00:00:22 . Memory (MB): peak = 1404.492 ; gain = 607.789
---------------------------------------------------------------------------------
---------------------------------------------------------------------------------
Start Renaming Generated Ports
---------------------------------------------------------------------------------
---------------------------------------------------------------------------------
Finished Renaming Generated Ports : Time (s): cpu = 00:00:11 ; elapsed = 00:00:22 . Memory (MB): peak = 1404.492 ; gain = 607.789
---------------------------------------------------------------------------------
---------------------------------------------------------------------------------
Start Handling Custom Attributes
---------------------------------------------------------------------------------
---------------------------------------------------------------------------------
Finished Handling Custom Attributes : Time (s): cpu = 00:00:11 ; elapsed = 00:00:22 . Memory (MB): peak = 1404.492 ; gain = 607.789
---------------------------------------------------------------------------------
---------------------------------------------------------------------------------
Start Renaming Generated Nets
---------------------------------------------------------------------------------
---------------------------------------------------------------------------------
Finished Renaming Generated Nets : Time (s): cpu = 00:00:11 ; elapsed = 00:00:22 . Memory (MB): peak = 1404.492 ; gain = 607.789
---------------------------------------------------------------------------------
---------------------------------------------------------------------------------
Start Writing Synthesis Report
---------------------------------------------------------------------------------

Report BlackBoxes: 
+-+--------------+----------+
| |BlackBox name |Instances |
+-+--------------+----------+
+-+--------------+----------+

Report Cell Usage: 
+------+-------+------+
|      |Cell   |Count |
+------+-------+------+
|1     |BUFG   |     1|
|2     |CARRY4 |    11|
|3     |LUT1   |     1|
|4     |LUT2   |     3|
|5     |LUT3   |    33|
|6     |LUT4   |    15|
|7     |LUT5   |    12|
|8     |LUT6   |    11|
|9     |FDCE   |    27|
|10    |FDPE   |     4|
|11    |FDRE   |    38|
|12    |LD     |     4|
|13    |IBUF   |    12|
|14    |OBUF   |    11|
+------+-------+------+
---------------------------------------------------------------------------------
Finished Writing Synthesis Report : Time (s): cpu = 00:00:11 ; elapsed = 00:00:22 . Memory (MB): peak = 1404.492 ; gain = 607.789
---------------------------------------------------------------------------------
Synthesis finished with 0 errors, 0 critical warnings and 2 warnings.
Synthesis Optimization Runtime : Time (s): cpu = 00:00:09 ; elapsed = 00:00:21 . Memory (MB): peak = 1404.492 ; gain = 499.047
Synthesis Optimization Complete : Time (s): cpu = 00:00:12 ; elapsed = 00:00:22 . Memory (MB): peak = 1404.492 ; gain = 607.789
INFO: [Project 1-571] Translating synthesized netlist
Netlist sorting complete. Time (s): cpu = 00:00:00 ; elapsed = 00:00:00.001 . Memory (MB): peak = 1404.492 ; gain = 0.000
INFO: [Netlist 29-17] Analyzing 15 Unisim elements for replacement
INFO: [Netlist 29-28] Unisim Transformation completed in 0 CPU seconds
INFO: [Project 1-570] Preparing netlist for logic optimization
INFO: [Opt 31-138] Pushed 0 inverter(s) to 0 load pin(s).
Netlist sorting complete. Time (s): cpu = 00:00:00 ; elapsed = 00:00:00 . Memory (MB): peak = 1404.492 ; gain = 0.000
INFO: [Project 1-111] Unisim Transformation Summary:
  A total of 4 instances were transformed.
  LD => LDCE: 4 instances

Synth Design complete, checksum: a6cda887
INFO: [Common 17-83] Releasing license: Synthesis
32 Infos, 4 Warnings, 0 Critical Warnings and 0 Errors encountered.
synth_design completed successfully
synth_design: Time (s): cpu = 00:00:14 ; elapsed = 00:00:26 . Memory (MB): peak = 1404.492 ; gain = 983.898
INFO: [Common 17-1381] The checkpoint 'C:/Users/sweri/Desktop/HD/roger/Lab3/advanced/advanced.runs/synth_1/a5_FPGA.dcp' has been generated.
INFO: [runtcl-4] Executing : report_utilization -file a5_FPGA_utilization_synth.rpt -pb a5_FPGA_utilization_synth.pb
INFO: [Common 17-206] Exiting Vivado at Sun Oct 13 21:27:32 2024...
