#! /c/Source/iverilog-install/bin/vvp
:ivl_version "12.0 (devel)" "(s20150603-1110-g18392a46)";
:ivl_delay_selection "TYPICAL";
:vpi_time_precision - 12;
:vpi_module "C:\iverilog\lib\ivl\system.vpi";
:vpi_module "C:\iverilog\lib\ivl\vhdl_sys.vpi";
:vpi_module "C:\iverilog\lib\ivl\vhdl_textio.vpi";
:vpi_module "C:\iverilog\lib\ivl\v2005_math.vpi";
:vpi_module "C:\iverilog\lib\ivl\va_math.vpi";
S_0000020efd3cc9b0 .scope module, "Booth_Multiplier_4bit_t" "Booth_Multiplier_4bit_t" 2 4;
 .timescale -9 -12;
v0000020efd455930_0 .var/s "a", 3 0;
v0000020efd455c50_0 .var/s "b", 3 0;
v0000020efd455390_0 .var "clk", 0 0;
v0000020efd455070_0 .net/s "p", 7 0, v0000020efd455a70_0;  1 drivers
v0000020efd455110_0 .var "rst_n", 0 0;
v0000020efd455430_0 .var "start", 0 0;
S_0000020efd3daeb0 .scope module, "BM4" "Booth_Multiplier_4bit" 2 9, 3 3 0, S_0000020efd3cc9b0;
 .timescale -9 -12;
    .port_info 0 /INPUT 1 "clk";
    .port_info 1 /INPUT 1 "rst_n";
    .port_info 2 /INPUT 1 "start";
    .port_info 3 /INPUT 4 "a";
    .port_info 4 /INPUT 4 "b";
    .port_info 5 /OUTPUT 8 "p";
P_0000020efd4fbf10 .param/l "CAL" 0 3 12, C4<010>;
P_0000020efd4fbf48 .param/l "FINISH" 0 3 13, C4<100>;
P_0000020efd4fbf80 .param/l "WAIT" 0 3 11, C4<001>;
L_0000020efd840088 .functor BUFT 1, C4<010>, C4<0>, C4<0>, C4<0>;
v0000020efd455e30_0 .net/2u *"_ivl_0", 2 0, L_0000020efd840088;  1 drivers
v0000020efd4554d0_0 .net/s "a", 3 0, v0000020efd455930_0;  1 drivers
v0000020efd4556b0_0 .net/s "b", 3 0, v0000020efd455c50_0;  1 drivers
v0000020efd4557f0_0 .net "clk", 0 0, v0000020efd455390_0;  1 drivers
v0000020efd455f70_0 .var "cnt_CAL", 2 0;
v0000020efd4552f0_0 .var "cnt_FIN", 2 0;
v0000020efd455bb0_0 .var "next_state", 2 0;
v0000020efd4559d0_0 .net/s "out", 7 0, L_0000020efd455d90;  1 drivers
v0000020efd455a70_0 .var/s "p", 7 0;
v0000020efd455610_0 .net "rst_n", 0 0, v0000020efd455110_0;  1 drivers
v0000020efd455250_0 .net "start", 0 0, v0000020efd455430_0;  1 drivers
v0000020efd455750_0 .var "state", 2 0;
E_0000020efd3f97e0 .event anyedge, v0000020efd455750_0, v0000020efd4552f0_0, v0000020efd455b10_0, v0000020efd455a70_0;
E_0000020efd3f9060 .event anyedge, v0000020efd455750_0, v0000020efd455250_0, v0000020efd455f70_0, v0000020efd4552f0_0;
L_0000020efd457d40 .cmp/eq 3, v0000020efd455750_0, L_0000020efd840088;
S_0000020efd3db040 .scope module, "BM" "booth_MUL" 3 18, 3 59 0, S_0000020efd3daeb0;
 .timescale -9 -12;
    .port_info 0 /INPUT 1 "clk";
    .port_info 1 /INPUT 1 "rst_n";
    .port_info 2 /INPUT 4 "a";
    .port_info 3 /INPUT 4 "b";
    .port_info 4 /OUTPUT 8 "p";
v0000020efd3db1d0_0 .var/s "A", 9 0;
v0000020efd3db270_0 .net/s "ADD", 9 0, L_0000020efd455ed0;  1 drivers
v0000020efd3e43c0_0 .var/s "P", 9 0;
v0000020efd3e4460_0 .var/s "S", 9 0;
v0000020efd3e4500_0 .net/s "SUB", 9 0, L_0000020efd4551b0;  1 drivers
v0000020efd3e45a0_0 .net *"_ivl_1", 7 0, L_0000020efd455cf0;  1 drivers
v0000020efd3e4640_0 .net/s "a", 3 0, v0000020efd455930_0;  alias, 1 drivers
v0000020efd3e46e0_0 .net/s "b", 3 0, v0000020efd455c50_0;  alias, 1 drivers
v0000020efd3e4780_0 .net "clk", 0 0, v0000020efd455390_0;  alias, 1 drivers
v0000020efd455570_0 .var "cnt", 2 0;
v0000020efd455b10_0 .net/s "p", 7 0, L_0000020efd455d90;  alias, 1 drivers
v0000020efd455890_0 .net "rst_n", 0 0, L_0000020efd457d40;  1 drivers
E_0000020efd3f95a0 .event posedge, v0000020efd3e4780_0;
L_0000020efd455cf0 .part v0000020efd3e43c0_0, 1, 8;
L_0000020efd455d90 .concat [ 8 0 0 0], L_0000020efd455cf0;
L_0000020efd455ed0 .arith/sum 10, v0000020efd3e43c0_0, v0000020efd3db1d0_0;
L_0000020efd4551b0 .arith/sum 10, v0000020efd3e43c0_0, v0000020efd3e4460_0;
    .scope S_0000020efd3db040;
T_0 ;
    %wait E_0000020efd3f95a0;
    %load/vec4 v0000020efd455890_0;
    %nor/r;
    %flag_set/vec4 8;
    %jmp/0xz  T_0.0, 8;
    %load/vec4 v0000020efd3e4640_0;
    %parti/s 1, 3, 3;
    %load/vec4 v0000020efd3e4640_0;
    %concat/vec4; draw_concat_vec4
    %concati/vec4 0, 0, 5;
    %assign/vec4 v0000020efd3db1d0_0, 0;
    %load/vec4 v0000020efd3e4640_0;
    %cmpi/e 8, 0, 4;
    %jmp/0xz  T_0.2, 4;
    %pushi/vec4 256, 0, 10;
    %assign/vec4 v0000020efd3e4460_0, 0;
    %jmp T_0.3;
T_0.2 ;
    %load/vec4 v0000020efd3e4640_0;
    %cmpi/e 0, 0, 4;
    %jmp/0xz  T_0.4, 4;
    %pushi/vec4 0, 0, 10;
    %assign/vec4 v0000020efd3e4460_0, 0;
    %jmp T_0.5;
T_0.4 ;
    %load/vec4 v0000020efd3e4640_0;
    %parti/s 1, 3, 3;
    %inv;
    %load/vec4 v0000020efd3e4640_0;
    %inv;
    %pushi/vec4 1, 0, 4;
    %add;
    %concat/vec4; draw_concat_vec4
    %concati/vec4 0, 0, 5;
    %assign/vec4 v0000020efd3e4460_0, 0;
T_0.5 ;
T_0.3 ;
    %pushi/vec4 0, 0, 5;
    %load/vec4 v0000020efd3e46e0_0;
    %concat/vec4; draw_concat_vec4
    %concati/vec4 0, 0, 1;
    %assign/vec4 v0000020efd3e43c0_0, 0;
    %pushi/vec4 4, 0, 3;
    %assign/vec4 v0000020efd455570_0, 0;
    %jmp T_0.1;
T_0.0 ;
    %load/vec4 v0000020efd3e43c0_0;
    %parti/s 1, 1, 2;
    %load/vec4 v0000020efd3e43c0_0;
    %parti/s 1, 0, 2;
    %concat/vec4; draw_concat_vec4
    %dup/vec4;
    %pushi/vec4 1, 0, 2;
    %cmp/u;
    %jmp/1 T_0.6, 6;
    %dup/vec4;
    %pushi/vec4 2, 0, 2;
    %cmp/u;
    %jmp/1 T_0.7, 6;
    %load/vec4 v0000020efd3db1d0_0;
    %assign/vec4 v0000020efd3db1d0_0, 0;
    %load/vec4 v0000020efd3e4460_0;
    %assign/vec4 v0000020efd3e4460_0, 0;
    %load/vec4 v0000020efd3e43c0_0;
    %parti/s 1, 9, 5;
    %load/vec4 v0000020efd3e43c0_0;
    %parti/s 9, 1, 2;
    %concat/vec4; draw_concat_vec4
    %assign/vec4 v0000020efd3e43c0_0, 0;
    %load/vec4 v0000020efd455570_0;
    %subi 1, 0, 3;
    %assign/vec4 v0000020efd455570_0, 0;
    %jmp T_0.9;
T_0.6 ;
    %load/vec4 v0000020efd3db1d0_0;
    %assign/vec4 v0000020efd3db1d0_0, 0;
    %load/vec4 v0000020efd3e4460_0;
    %assign/vec4 v0000020efd3e4460_0, 0;
    %load/vec4 v0000020efd3db270_0;
    %parti/s 1, 9, 5;
    %load/vec4 v0000020efd3db270_0;
    %parti/s 9, 1, 2;
    %concat/vec4; draw_concat_vec4
    %assign/vec4 v0000020efd3e43c0_0, 0;
    %load/vec4 v0000020efd455570_0;
    %subi 1, 0, 3;
    %assign/vec4 v0000020efd455570_0, 0;
    %jmp T_0.9;
T_0.7 ;
    %load/vec4 v0000020efd3db1d0_0;
    %assign/vec4 v0000020efd3db1d0_0, 0;
    %load/vec4 v0000020efd3e4460_0;
    %assign/vec4 v0000020efd3e4460_0, 0;
    %load/vec4 v0000020efd3e4500_0;
    %parti/s 1, 9, 5;
    %load/vec4 v0000020efd3e4500_0;
    %parti/s 9, 1, 2;
    %concat/vec4; draw_concat_vec4
    %assign/vec4 v0000020efd3e43c0_0, 0;
    %load/vec4 v0000020efd455570_0;
    %subi 1, 0, 3;
    %assign/vec4 v0000020efd455570_0, 0;
    %jmp T_0.9;
T_0.9 ;
    %pop/vec4 1;
T_0.1 ;
    %jmp T_0;
    .thread T_0;
    .scope S_0000020efd3daeb0;
T_1 ;
    %pushi/vec4 1, 0, 3;
    %store/vec4 v0000020efd455bb0_0, 0, 3;
    %end;
    .thread T_1;
    .scope S_0000020efd3daeb0;
T_2 ;
    %wait E_0000020efd3f95a0;
    %load/vec4 v0000020efd455610_0;
    %nor/r;
    %flag_set/vec4 8;
    %jmp/0xz  T_2.0, 8;
    %pushi/vec4 1, 0, 3;
    %assign/vec4 v0000020efd455750_0, 0;
    %jmp T_2.1;
T_2.0 ;
    %load/vec4 v0000020efd455bb0_0;
    %assign/vec4 v0000020efd455750_0, 0;
T_2.1 ;
    %jmp T_2;
    .thread T_2;
    .scope S_0000020efd3daeb0;
T_3 ;
    %wait E_0000020efd3f95a0;
    %load/vec4 v0000020efd455750_0;
    %cmpi/e 2, 0, 3;
    %jmp/0xz  T_3.0, 4;
    %load/vec4 v0000020efd455f70_0;
    %addi 1, 0, 3;
    %assign/vec4 v0000020efd455f70_0, 0;
    %jmp T_3.1;
T_3.0 ;
    %pushi/vec4 0, 0, 3;
    %assign/vec4 v0000020efd455f70_0, 0;
T_3.1 ;
    %jmp T_3;
    .thread T_3;
    .scope S_0000020efd3daeb0;
T_4 ;
    %wait E_0000020efd3f95a0;
    %load/vec4 v0000020efd455750_0;
    %cmpi/e 4, 0, 3;
    %jmp/0xz  T_4.0, 4;
    %load/vec4 v0000020efd4552f0_0;
    %addi 1, 0, 3;
    %assign/vec4 v0000020efd4552f0_0, 0;
    %jmp T_4.1;
T_4.0 ;
    %pushi/vec4 0, 0, 3;
    %assign/vec4 v0000020efd4552f0_0, 0;
T_4.1 ;
    %jmp T_4;
    .thread T_4;
    .scope S_0000020efd3daeb0;
T_5 ;
    %wait E_0000020efd3f9060;
    %load/vec4 v0000020efd455750_0;
    %dup/vec4;
    %pushi/vec4 1, 0, 3;
    %cmp/u;
    %jmp/1 T_5.0, 6;
    %dup/vec4;
    %pushi/vec4 2, 0, 3;
    %cmp/u;
    %jmp/1 T_5.1, 6;
    %dup/vec4;
    %pushi/vec4 4, 0, 3;
    %cmp/u;
    %jmp/1 T_5.2, 6;
    %jmp T_5.3;
T_5.0 ;
    %load/vec4 v0000020efd455250_0;
    %nor/r;
    %flag_set/vec4 8;
    %jmp/0xz  T_5.4, 8;
    %pushi/vec4 1, 0, 3;
    %store/vec4 v0000020efd455bb0_0, 0, 3;
    %jmp T_5.5;
T_5.4 ;
    %pushi/vec4 2, 0, 3;
    %store/vec4 v0000020efd455bb0_0, 0, 3;
T_5.5 ;
    %jmp T_5.3;
T_5.1 ;
    %load/vec4 v0000020efd455f70_0;
    %pad/u 32;
    %cmpi/e 3, 0, 32;
    %jmp/0xz  T_5.6, 4;
    %pushi/vec4 4, 0, 3;
    %store/vec4 v0000020efd455bb0_0, 0, 3;
    %jmp T_5.7;
T_5.6 ;
    %pushi/vec4 2, 0, 3;
    %store/vec4 v0000020efd455bb0_0, 0, 3;
T_5.7 ;
    %jmp T_5.3;
T_5.2 ;
    %load/vec4 v0000020efd4552f0_0;
    %pad/u 32;
    %cmpi/e 1, 0, 32;
    %jmp/0xz  T_5.8, 4;
    %pushi/vec4 1, 0, 3;
    %store/vec4 v0000020efd455bb0_0, 0, 3;
    %jmp T_5.9;
T_5.8 ;
    %pushi/vec4 4, 0, 3;
    %store/vec4 v0000020efd455bb0_0, 0, 3;
T_5.9 ;
    %jmp T_5.3;
T_5.3 ;
    %pop/vec4 1;
    %jmp T_5;
    .thread T_5, $push;
    .scope S_0000020efd3daeb0;
T_6 ;
    %wait E_0000020efd3f97e0;
    %load/vec4 v0000020efd455750_0;
    %cmpi/e 4, 0, 3;
    %jmp/0xz  T_6.0, 4;
    %load/vec4 v0000020efd4552f0_0;
    %nor/r;
    %flag_set/vec4 8;
    %jmp/0xz  T_6.2, 8;
    %load/vec4 v0000020efd4559d0_0;
    %store/vec4 v0000020efd455a70_0, 0, 8;
    %jmp T_6.3;
T_6.2 ;
    %load/vec4 v0000020efd455a70_0;
    %store/vec4 v0000020efd455a70_0, 0, 8;
T_6.3 ;
    %jmp T_6.1;
T_6.0 ;
    %pushi/vec4 0, 0, 8;
    %store/vec4 v0000020efd455a70_0, 0, 8;
T_6.1 ;
    %jmp T_6;
    .thread T_6, $push;
    .scope S_0000020efd3cc9b0;
T_7 ;
    %pushi/vec4 0, 0, 1;
    %store/vec4 v0000020efd455390_0, 0, 1;
    %pushi/vec4 0, 0, 1;
    %store/vec4 v0000020efd455110_0, 0, 1;
    %pushi/vec4 0, 0, 1;
    %store/vec4 v0000020efd455430_0, 0, 1;
    %pushi/vec4 8, 0, 4;
    %store/vec4 v0000020efd455930_0, 0, 4;
    %pushi/vec4 8, 0, 4;
    %store/vec4 v0000020efd455c50_0, 0, 4;
    %end;
    .thread T_7;
    .scope S_0000020efd3cc9b0;
T_8 ;
    %delay 5000, 0;
    %load/vec4 v0000020efd455390_0;
    %inv;
    %store/vec4 v0000020efd455390_0, 0, 1;
    %jmp T_8;
    .thread T_8;
    .scope S_0000020efd3cc9b0;
T_9 ;
    %delay 10000, 0;
    %pushi/vec4 1, 0, 1;
    %store/vec4 v0000020efd455110_0, 0, 1;
    %end;
    .thread T_9;
    .scope S_0000020efd3cc9b0;
T_10 ;
    %delay 10000, 0;
    %pushi/vec4 7, 0, 4;
    %store/vec4 v0000020efd455930_0, 0, 4;
    %pushi/vec4 0, 0, 4;
    %store/vec4 v0000020efd455c50_0, 0, 4;
    %delay 50000, 0;
    %load/vec4 v0000020efd455930_0;
    %load/vec4 v0000020efd455c50_0;
    %load/vec4 v0000020efd455070_0;
    %vpi_call 2 22 "$display", "a = ", S<2,vec4,s4>, ", b = ", S<1,vec4,s4>, ", p = ", S<0,vec4,s8>, "\012" {3 0 0};
    %delay 20000, 0;
    %pushi/vec4 0, 0, 4;
    %store/vec4 v0000020efd455930_0, 0, 4;
    %pushi/vec4 7, 0, 4;
    %store/vec4 v0000020efd455c50_0, 0, 4;
    %delay 50000, 0;
    %load/vec4 v0000020efd455930_0;
    %load/vec4 v0000020efd455c50_0;
    %load/vec4 v0000020efd455070_0;
    %vpi_call 2 27 "$display", "a = ", S<2,vec4,s4>, ", b = ", S<1,vec4,s4>, ", p = ", S<0,vec4,s8>, "\012" {3 0 0};
    %delay 20000, 0;
    %pushi/vec4 0, 0, 4;
    %store/vec4 v0000020efd455930_0, 0, 4;
    %pushi/vec4 7, 0, 4;
    %store/vec4 v0000020efd455c50_0, 0, 4;
    %delay 50000, 0;
    %load/vec4 v0000020efd455930_0;
    %load/vec4 v0000020efd455c50_0;
    %load/vec4 v0000020efd455070_0;
    %vpi_call 2 32 "$display", "a = ", S<2,vec4,s4>, ", b = ", S<1,vec4,s4>, ", p = ", S<0,vec4,s8>, "\012" {3 0 0};
    %delay 20000, 0;
    %pushi/vec4 7, 0, 4;
    %store/vec4 v0000020efd455930_0, 0, 4;
    %pushi/vec4 7, 0, 4;
    %store/vec4 v0000020efd455c50_0, 0, 4;
    %delay 50000, 0;
    %load/vec4 v0000020efd455930_0;
    %load/vec4 v0000020efd455c50_0;
    %load/vec4 v0000020efd455070_0;
    %vpi_call 2 37 "$display", "a = ", S<2,vec4,s4>, ", b = ", S<1,vec4,s4>, ", p = ", S<0,vec4,s8>, "\012" {3 0 0};
    %delay 20000, 0;
    %pushi/vec4 8, 0, 4;
    %store/vec4 v0000020efd455930_0, 0, 4;
    %pushi/vec4 0, 0, 4;
    %store/vec4 v0000020efd455c50_0, 0, 4;
    %delay 50000, 0;
    %load/vec4 v0000020efd455930_0;
    %load/vec4 v0000020efd455c50_0;
    %load/vec4 v0000020efd455070_0;
    %vpi_call 2 42 "$display", "a = ", S<2,vec4,s4>, ", b = ", S<1,vec4,s4>, ", p = ", S<0,vec4,s8>, "\012" {3 0 0};
    %delay 20000, 0;
    %pushi/vec4 0, 0, 4;
    %store/vec4 v0000020efd455930_0, 0, 4;
    %pushi/vec4 8, 0, 4;
    %store/vec4 v0000020efd455c50_0, 0, 4;
    %delay 50000, 0;
    %load/vec4 v0000020efd455930_0;
    %load/vec4 v0000020efd455c50_0;
    %load/vec4 v0000020efd455070_0;
    %vpi_call 2 47 "$display", "a = ", S<2,vec4,s4>, ", b = ", S<1,vec4,s4>, ", p = ", S<0,vec4,s8>, "\012" {3 0 0};
    %delay 20000, 0;
    %pushi/vec4 5, 0, 4;
    %store/vec4 v0000020efd455930_0, 0, 4;
    %pushi/vec4 8, 0, 4;
    %store/vec4 v0000020efd455c50_0, 0, 4;
    %delay 50000, 0;
    %load/vec4 v0000020efd455930_0;
    %load/vec4 v0000020efd455c50_0;
    %load/vec4 v0000020efd455070_0;
    %vpi_call 2 52 "$display", "a = ", S<2,vec4,s4>, ", b = ", S<1,vec4,s4>, ", p = ", S<0,vec4,s8>, "\012" {3 0 0};
    %delay 20000, 0;
    %pushi/vec4 4, 0, 4;
    %store/vec4 v0000020efd455930_0, 0, 4;
    %pushi/vec4 8, 0, 4;
    %store/vec4 v0000020efd455c50_0, 0, 4;
    %delay 50000, 0;
    %load/vec4 v0000020efd455930_0;
    %load/vec4 v0000020efd455c50_0;
    %load/vec4 v0000020efd455070_0;
    %vpi_call 2 57 "$display", "a = ", S<2,vec4,s4>, ", b = ", S<1,vec4,s4>, ", p = ", S<0,vec4,s8>, "\012" {3 0 0};
    %delay 20000, 0;
    %pushi/vec4 11, 0, 4;
    %store/vec4 v0000020efd455930_0, 0, 4;
    %pushi/vec4 7, 0, 4;
    %store/vec4 v0000020efd455c50_0, 0, 4;
    %delay 50000, 0;
    %load/vec4 v0000020efd455930_0;
    %load/vec4 v0000020efd455c50_0;
    %load/vec4 v0000020efd455070_0;
    %vpi_call 2 62 "$display", "a = ", S<2,vec4,s4>, ", b = ", S<1,vec4,s4>, ", p = ", S<0,vec4,s8>, "\012" {3 0 0};
    %delay 20000, 0;
    %pushi/vec4 12, 0, 4;
    %store/vec4 v0000020efd455930_0, 0, 4;
    %pushi/vec4 12, 0, 4;
    %store/vec4 v0000020efd455c50_0, 0, 4;
    %delay 50000, 0;
    %load/vec4 v0000020efd455930_0;
    %load/vec4 v0000020efd455c50_0;
    %load/vec4 v0000020efd455070_0;
    %vpi_call 2 67 "$display", "a = ", S<2,vec4,s4>, ", b = ", S<1,vec4,s4>, ", p = ", S<0,vec4,s8>, "\012" {3 0 0};
    %delay 20000, 0;
    %pushi/vec4 13, 0, 4;
    %store/vec4 v0000020efd455930_0, 0, 4;
    %pushi/vec4 0, 0, 4;
    %store/vec4 v0000020efd455c50_0, 0, 4;
    %delay 50000, 0;
    %load/vec4 v0000020efd455930_0;
    %load/vec4 v0000020efd455c50_0;
    %load/vec4 v0000020efd455070_0;
    %vpi_call 2 72 "$display", "a = ", S<2,vec4,s4>, ", b = ", S<1,vec4,s4>, ", p = ", S<0,vec4,s8>, "\012" {3 0 0};
    %delay 20000, 0;
    %pushi/vec4 9, 0, 4;
    %store/vec4 v0000020efd455930_0, 0, 4;
    %pushi/vec4 7, 0, 4;
    %store/vec4 v0000020efd455c50_0, 0, 4;
    %delay 50000, 0;
    %load/vec4 v0000020efd455930_0;
    %load/vec4 v0000020efd455c50_0;
    %load/vec4 v0000020efd455070_0;
    %vpi_call 2 77 "$display", "a = ", S<2,vec4,s4>, ", b = ", S<1,vec4,s4>, ", p = ", S<0,vec4,s8>, "\012" {3 0 0};
    %delay 20000, 0;
    %pushi/vec4 7, 0, 4;
    %store/vec4 v0000020efd455930_0, 0, 4;
    %pushi/vec4 5, 0, 4;
    %store/vec4 v0000020efd455c50_0, 0, 4;
    %delay 50000, 0;
    %load/vec4 v0000020efd455930_0;
    %load/vec4 v0000020efd455c50_0;
    %load/vec4 v0000020efd455070_0;
    %vpi_call 2 82 "$display", "a = ", S<2,vec4,s4>, ", b = ", S<1,vec4,s4>, ", p = ", S<0,vec4,s8>, "\012" {3 0 0};
    %delay 20000, 0;
    %delay 10000, 0;
    %vpi_call 2 84 "$finish" {0 0 0};
    %end;
    .thread T_10;
    .scope S_0000020efd3cc9b0;
T_11 ;
    %delay 10000, 0;
    %pushi/vec4 1, 0, 1;
    %store/vec4 v0000020efd455430_0, 0, 1;
    %delay 10000, 0;
    %pushi/vec4 0, 0, 1;
    %store/vec4 v0000020efd455430_0, 0, 1;
    %delay 60000, 0;
    %pushi/vec4 1, 0, 1;
    %store/vec4 v0000020efd455430_0, 0, 1;
    %delay 10000, 0;
    %pushi/vec4 0, 0, 1;
    %store/vec4 v0000020efd455430_0, 0, 1;
    %delay 60000, 0;
    %pushi/vec4 1, 0, 1;
    %store/vec4 v0000020efd455430_0, 0, 1;
    %delay 10000, 0;
    %pushi/vec4 0, 0, 1;
    %store/vec4 v0000020efd455430_0, 0, 1;
    %delay 60000, 0;
    %pushi/vec4 1, 0, 1;
    %store/vec4 v0000020efd455430_0, 0, 1;
    %delay 10000, 0;
    %pushi/vec4 0, 0, 1;
    %store/vec4 v0000020efd455430_0, 0, 1;
    %delay 60000, 0;
    %pushi/vec4 1, 0, 1;
    %store/vec4 v0000020efd455430_0, 0, 1;
    %delay 10000, 0;
    %pushi/vec4 0, 0, 1;
    %store/vec4 v0000020efd455430_0, 0, 1;
    %delay 60000, 0;
    %pushi/vec4 1, 0, 1;
    %store/vec4 v0000020efd455430_0, 0, 1;
    %delay 10000, 0;
    %pushi/vec4 0, 0, 1;
    %store/vec4 v0000020efd455430_0, 0, 1;
    %delay 60000, 0;
    %pushi/vec4 1, 0, 1;
    %store/vec4 v0000020efd455430_0, 0, 1;
    %delay 10000, 0;
    %pushi/vec4 0, 0, 1;
    %store/vec4 v0000020efd455430_0, 0, 1;
    %delay 60000, 0;
    %pushi/vec4 1, 0, 1;
    %store/vec4 v0000020efd455430_0, 0, 1;
    %delay 10000, 0;
    %pushi/vec4 0, 0, 1;
    %store/vec4 v0000020efd455430_0, 0, 1;
    %delay 60000, 0;
    %pushi/vec4 1, 0, 1;
    %store/vec4 v0000020efd455430_0, 0, 1;
    %delay 10000, 0;
    %pushi/vec4 0, 0, 1;
    %store/vec4 v0000020efd455430_0, 0, 1;
    %delay 60000, 0;
    %pushi/vec4 1, 0, 1;
    %store/vec4 v0000020efd455430_0, 0, 1;
    %delay 10000, 0;
    %pushi/vec4 0, 0, 1;
    %store/vec4 v0000020efd455430_0, 0, 1;
    %delay 60000, 0;
    %pushi/vec4 1, 0, 1;
    %store/vec4 v0000020efd455430_0, 0, 1;
    %delay 10000, 0;
    %pushi/vec4 0, 0, 1;
    %store/vec4 v0000020efd455430_0, 0, 1;
    %delay 60000, 0;
    %pushi/vec4 1, 0, 1;
    %store/vec4 v0000020efd455430_0, 0, 1;
    %delay 10000, 0;
    %pushi/vec4 0, 0, 1;
    %store/vec4 v0000020efd455430_0, 0, 1;
    %delay 60000, 0;
    %pushi/vec4 1, 0, 1;
    %store/vec4 v0000020efd455430_0, 0, 1;
    %delay 10000, 0;
    %pushi/vec4 0, 0, 1;
    %store/vec4 v0000020efd455430_0, 0, 1;
    %end;
    .thread T_11;
# The file index is used to find the file name in the following table.
:file_names 4;
    "N/A";
    "<interactive>";
    "Lab5_Team1_Booth_Multiplier_4bit_t.v";
    "./Lab5_Team1_Booth_Multiplier_4bit.v";
