#! /opt/homebrew/Cellar/icarus-verilog/12.0/bin/vvp
:ivl_version "12.0 (stable)";
:ivl_delay_selection "TYPICAL";
:vpi_time_precision - 12;
:vpi_module "/opt/homebrew/Cellar/icarus-verilog/12.0/lib/ivl/system.vpi";
:vpi_module "/opt/homebrew/Cellar/icarus-verilog/12.0/lib/ivl/vhdl_sys.vpi";
:vpi_module "/opt/homebrew/Cellar/icarus-verilog/12.0/lib/ivl/vhdl_textio.vpi";
:vpi_module "/opt/homebrew/Cellar/icarus-verilog/12.0/lib/ivl/v2005_math.vpi";
:vpi_module "/opt/homebrew/Cellar/icarus-verilog/12.0/lib/ivl/va_math.vpi";
S_0x10d6075a0 .scope module, "Multi_Bank_Memory_t" "Multi_Bank_Memory_t" 2 4;
 .timescale -9 -12;
v0x10d6437c0_0 .var "clk", 0 0;
v0x10d643860_0 .var "din", 7 0;
v0x10d643900_0 .net "dout", 7 0, L_0x10d64aab0;  1 drivers
v0x10d643990_0 .var "raddr", 10 0;
v0x10d643a40_0 .var "ren", 0 0;
v0x10d643b10_0 .var "waddr", 10 0;
v0x10d643ba0_0 .var "wen", 0 0;
S_0x10d60d1f0 .scope module, "MBM" "Multi_Bank_Memory" 2 10, 3 3 0, S_0x10d6075a0;
 .timescale -9 -12;
    .port_info 0 /INPUT 1 "clk";
    .port_info 1 /INPUT 1 "ren";
    .port_info 2 /INPUT 1 "wen";
    .port_info 3 /INPUT 11 "waddr";
    .port_info 4 /INPUT 11 "raddr";
    .port_info 5 /INPUT 8 "din";
    .port_info 6 /OUTPUT 8 "dout";
L_0x10d6455b0 .functor AND 1, v0x10d643ba0_0, L_0x10d645490, C4<1>, C4<1>;
L_0x10d647090 .functor AND 1, v0x10d643ba0_0, L_0x10d646fb0, C4<1>, C4<1>;
L_0x10d648b60 .functor AND 1, v0x10d643ba0_0, L_0x10d648a80, C4<1>, C4<1>;
L_0x10d64a6b0 .functor AND 1, v0x10d643ba0_0, L_0x10d64a610, C4<1>, C4<1>;
L_0x10d64aab0 .functor BUFZ 8, L_0x10d64a8e0, C4<00000000>, C4<00000000>, C4<00000000>;
v0x10d642620_0 .net *"_ivl_1", 1 0, L_0x10d6453b0;  1 drivers
v0x10d6426e0_0 .net *"_ivl_14", 1 0, L_0x10d646e60;  1 drivers
L_0x128040328 .functor BUFT 1, C4<01>, C4<0>, C4<0>, C4<0>;
v0x10d642780_0 .net/2u *"_ivl_15", 1 0, L_0x128040328;  1 drivers
v0x10d642810_0 .net *"_ivl_17", 0 0, L_0x10d646fb0;  1 drivers
L_0x128040178 .functor BUFT 1, C4<00>, C4<0>, C4<0>, C4<0>;
v0x10d6428b0_0 .net/2u *"_ivl_2", 1 0, L_0x128040178;  1 drivers
v0x10d6429a0_0 .net *"_ivl_27", 1 0, L_0x10d648990;  1 drivers
L_0x1280404d8 .functor BUFT 1, C4<10>, C4<0>, C4<0>, C4<0>;
v0x10d642a50_0 .net/2u *"_ivl_28", 1 0, L_0x1280404d8;  1 drivers
v0x10d642b00_0 .net *"_ivl_30", 0 0, L_0x10d648a80;  1 drivers
v0x10d642ba0_0 .net *"_ivl_4", 0 0, L_0x10d645490;  1 drivers
v0x10d642cb0_0 .net *"_ivl_40", 1 0, L_0x10d64a400;  1 drivers
L_0x128040688 .functor BUFT 1, C4<11>, C4<0>, C4<0>, C4<0>;
v0x10d642d50_0 .net/2u *"_ivl_41", 1 0, L_0x128040688;  1 drivers
v0x10d642e00_0 .net *"_ivl_43", 0 0, L_0x10d64a610;  1 drivers
v0x10d642ea0_0 .net *"_ivl_52", 7 0, L_0x10d64a8e0;  1 drivers
v0x10d642f50_0 .net *"_ivl_54", 3 0, L_0x10d64aa10;  1 drivers
L_0x1280406d0 .functor BUFT 1, C4<00>, C4<0>, C4<0>, C4<0>;
v0x10d643000_0 .net *"_ivl_57", 1 0, L_0x1280406d0;  1 drivers
v0x10d6430b0_0 .net "clk", 0 0, v0x10d6437c0_0;  1 drivers
v0x10d643140_0 .net "din", 7 0, v0x10d643860_0;  1 drivers
v0x10d6432d0_0 .net "dout", 7 0, L_0x10d64aab0;  alias, 1 drivers
v0x10d643360 .array "out", 0 3;
v0x10d643360_0 .net v0x10d643360 0, 7 0, L_0x10d645290; 1 drivers
v0x10d643360_1 .net v0x10d643360 1, 7 0, L_0x10d646d40; 1 drivers
v0x10d643360_2 .net v0x10d643360 2, 7 0, L_0x10d6488e0; 1 drivers
v0x10d643360_3 .net v0x10d643360 3, 7 0, L_0x10d64a310; 1 drivers
v0x10d643430_0 .net "raddr", 10 0, v0x10d643990_0;  1 drivers
v0x10d6434c0_0 .var "raddr_", 1 0;
v0x10d643550_0 .net "ren", 0 0, v0x10d643a40_0;  1 drivers
v0x10d6435e0_0 .net "waddr", 10 0, v0x10d643b10_0;  1 drivers
v0x10d643670_0 .net "wen", 0 0, v0x10d643ba0_0;  1 drivers
L_0x10d6453b0 .part v0x10d643b10_0, 9, 2;
L_0x10d645490 .cmp/eq 2, L_0x10d6453b0, L_0x128040178;
L_0x10d645660 .part v0x10d643b10_0, 0, 9;
L_0x10d645700 .part v0x10d643990_0, 0, 9;
L_0x10d646e60 .part v0x10d643b10_0, 9, 2;
L_0x10d646fb0 .cmp/eq 2, L_0x10d646e60, L_0x128040328;
L_0x10d647140 .part v0x10d643b10_0, 0, 9;
L_0x10d647220 .part v0x10d643990_0, 0, 9;
L_0x10d648990 .part v0x10d643b10_0, 9, 2;
L_0x10d648a80 .cmp/eq 2, L_0x10d648990, L_0x1280404d8;
L_0x10d648c50 .part v0x10d643b10_0, 0, 9;
L_0x10d648d50 .part v0x10d643990_0, 0, 9;
L_0x10d64a400 .part v0x10d643b10_0, 9, 2;
L_0x10d64a610 .cmp/eq 2, L_0x10d64a400, L_0x128040688;
L_0x10d64a720 .part v0x10d643b10_0, 0, 9;
L_0x10d64a840 .part v0x10d643990_0, 0, 9;
L_0x10d64a8e0 .array/port v0x10d643360, L_0x10d64aa10;
L_0x10d64aa10 .concat [ 2 2 0 0], v0x10d6434c0_0, L_0x1280406d0;
S_0x10d629c90 .scope module, "M1" "Memory_Bank" 3 14, 3 24 0, S_0x10d60d1f0;
 .timescale -9 -12;
    .port_info 0 /INPUT 1 "clk";
    .port_info 1 /INPUT 1 "ren";
    .port_info 2 /INPUT 1 "wen";
    .port_info 3 /INPUT 9 "waddr";
    .port_info 4 /INPUT 9 "raddr";
    .port_info 5 /INPUT 8 "din";
    .port_info 6 /OUTPUT 8 "dout";
L_0x10d643e90 .functor AND 1, L_0x10d6455b0, L_0x10d643d50, C4<1>, C4<1>;
L_0x10d644330 .functor AND 1, L_0x10d6455b0, L_0x10d644210, C4<1>, C4<1>;
L_0x10d644830 .functor AND 1, L_0x10d6455b0, L_0x10d644710, C4<1>, C4<1>;
L_0x10d644cb0 .functor AND 1, L_0x10d6455b0, L_0x10d644bd0, C4<1>, C4<1>;
L_0x10d645290 .functor BUFZ 8, L_0x10d645080, C4<00000000>, C4<00000000>, C4<00000000>;
v0x10d636cc0_0 .net *"_ivl_1", 1 0, L_0x10d643c50;  1 drivers
v0x10d636d60_0 .net *"_ivl_14", 1 0, L_0x10d644120;  1 drivers
L_0x128040058 .functor BUFT 1, C4<01>, C4<0>, C4<0>, C4<0>;
v0x10d636e00_0 .net/2u *"_ivl_15", 1 0, L_0x128040058;  1 drivers
v0x10d636e90_0 .net *"_ivl_17", 0 0, L_0x10d644210;  1 drivers
L_0x128040010 .functor BUFT 1, C4<00>, C4<0>, C4<0>, C4<0>;
v0x10d636f30_0 .net/2u *"_ivl_2", 1 0, L_0x128040010;  1 drivers
v0x10d637020_0 .net *"_ivl_27", 1 0, L_0x10d644620;  1 drivers
L_0x1280400a0 .functor BUFT 1, C4<10>, C4<0>, C4<0>, C4<0>;
v0x10d6370d0_0 .net/2u *"_ivl_28", 1 0, L_0x1280400a0;  1 drivers
v0x10d637180_0 .net *"_ivl_30", 0 0, L_0x10d644710;  1 drivers
v0x10d637220_0 .net *"_ivl_4", 0 0, L_0x10d643d50;  1 drivers
v0x10d637330_0 .net *"_ivl_40", 1 0, L_0x10d644ac0;  1 drivers
L_0x1280400e8 .functor BUFT 1, C4<11>, C4<0>, C4<0>, C4<0>;
v0x10d6373d0_0 .net/2u *"_ivl_41", 1 0, L_0x1280400e8;  1 drivers
v0x10d637480_0 .net *"_ivl_43", 0 0, L_0x10d644bd0;  1 drivers
v0x10d637520_0 .net *"_ivl_52", 7 0, L_0x10d645080;  1 drivers
v0x10d6375d0_0 .net *"_ivl_54", 3 0, L_0x10d6451b0;  1 drivers
L_0x128040130 .functor BUFT 1, C4<00>, C4<0>, C4<0>, C4<0>;
v0x10d637680_0 .net *"_ivl_57", 1 0, L_0x128040130;  1 drivers
v0x10d637730_0 .net "clk", 0 0, v0x10d6437c0_0;  alias, 1 drivers
v0x10d637840_0 .net "din", 7 0, v0x10d643860_0;  alias, 1 drivers
v0x10d6379d0_0 .net "dout", 7 0, L_0x10d645290;  alias, 1 drivers
v0x10d637a60 .array "out", 0 3;
v0x10d637a60_0 .net v0x10d637a60 0, 7 0, v0x10d634e90_0; 1 drivers
v0x10d637a60_1 .net v0x10d637a60 1, 7 0, v0x10d635760_0; 1 drivers
v0x10d637a60_2 .net v0x10d637a60 2, 7 0, v0x10d636030_0; 1 drivers
v0x10d637a60_3 .net v0x10d637a60 3, 7 0, v0x10d6368a0_0; 1 drivers
v0x10d637b10_0 .net "raddr", 8 0, L_0x10d645700;  1 drivers
v0x10d637ba0_0 .var "raddr_", 1 0;
v0x10d637c30_0 .net "ren", 0 0, v0x10d643a40_0;  alias, 1 drivers
v0x10d637d40_0 .net "waddr", 8 0, L_0x10d645660;  1 drivers
v0x10d637df0_0 .net "wen", 0 0, L_0x10d6455b0;  1 drivers
L_0x10d643c50 .part L_0x10d645660, 7, 2;
L_0x10d643d50 .cmp/eq 2, L_0x10d643c50, L_0x128040010;
L_0x10d643f60 .part L_0x10d645660, 0, 7;
L_0x10d644040 .part L_0x10d645700, 0, 7;
L_0x10d644120 .part L_0x10d645660, 7, 2;
L_0x10d644210 .cmp/eq 2, L_0x10d644120, L_0x128040058;
L_0x10d644420 .part L_0x10d645660, 0, 7;
L_0x10d644540 .part L_0x10d645700, 0, 7;
L_0x10d644620 .part L_0x10d645660, 7, 2;
L_0x10d644710 .cmp/eq 2, L_0x10d644620, L_0x1280400a0;
L_0x10d6448e0 .part L_0x10d645660, 0, 7;
L_0x10d644a00 .part L_0x10d645700, 0, 7;
L_0x10d644ac0 .part L_0x10d645660, 7, 2;
L_0x10d644bd0 .cmp/eq 2, L_0x10d644ac0, L_0x1280400e8;
L_0x10d644da0 .part L_0x10d645660, 0, 7;
L_0x10d644f40 .part L_0x10d645700, 0, 7;
L_0x10d645080 .array/port v0x10d637a60, L_0x10d6451b0;
L_0x10d6451b0 .concat [ 2 2 0 0], v0x10d637ba0_0, L_0x128040130;
S_0x10d6203f0 .scope module, "M1" "Memory_Unit" 3 35, 3 45 0, S_0x10d629c90;
 .timescale -9 -12;
    .port_info 0 /INPUT 1 "clk";
    .port_info 1 /INPUT 1 "ren";
    .port_info 2 /INPUT 1 "wen";
    .port_info 3 /INPUT 7 "waddr";
    .port_info 4 /INPUT 7 "raddr";
    .port_info 5 /INPUT 8 "din";
    .port_info 6 /OUTPUT 8 "dout";
v0x10d62b360 .array "MEM", 0 127, 7 0;
v0x10d628fa0_0 .net "clk", 0 0, v0x10d6437c0_0;  alias, 1 drivers
v0x10d634dd0_0 .net "din", 7 0, v0x10d643860_0;  alias, 1 drivers
v0x10d634e90_0 .var "dout", 7 0;
v0x10d634f40_0 .net "raddr", 6 0, L_0x10d644040;  1 drivers
v0x10d635030_0 .net "ren", 0 0, v0x10d643a40_0;  alias, 1 drivers
v0x10d6350d0_0 .net "waddr", 6 0, L_0x10d643f60;  1 drivers
v0x10d635180_0 .net "wen", 0 0, L_0x10d643e90;  1 drivers
E_0x10d624560 .event posedge, v0x10d628fa0_0;
S_0x10d6352d0 .scope module, "M2" "Memory_Unit" 3 36, 3 45 0, S_0x10d629c90;
 .timescale -9 -12;
    .port_info 0 /INPUT 1 "clk";
    .port_info 1 /INPUT 1 "ren";
    .port_info 2 /INPUT 1 "wen";
    .port_info 3 /INPUT 7 "waddr";
    .port_info 4 /INPUT 7 "raddr";
    .port_info 5 /INPUT 8 "din";
    .port_info 6 /OUTPUT 8 "dout";
v0x10d635540 .array "MEM", 0 127, 7 0;
v0x10d6355d0_0 .net "clk", 0 0, v0x10d6437c0_0;  alias, 1 drivers
v0x10d635690_0 .net "din", 7 0, v0x10d643860_0;  alias, 1 drivers
v0x10d635760_0 .var "dout", 7 0;
v0x10d6357f0_0 .net "raddr", 6 0, L_0x10d644540;  1 drivers
v0x10d6358d0_0 .net "ren", 0 0, v0x10d643a40_0;  alias, 1 drivers
v0x10d635960_0 .net "waddr", 6 0, L_0x10d644420;  1 drivers
v0x10d635a00_0 .net "wen", 0 0, L_0x10d644330;  1 drivers
S_0x10d635b50 .scope module, "M3" "Memory_Unit" 3 37, 3 45 0, S_0x10d629c90;
 .timescale -9 -12;
    .port_info 0 /INPUT 1 "clk";
    .port_info 1 /INPUT 1 "ren";
    .port_info 2 /INPUT 1 "wen";
    .port_info 3 /INPUT 7 "waddr";
    .port_info 4 /INPUT 7 "raddr";
    .port_info 5 /INPUT 8 "din";
    .port_info 6 /OUTPUT 8 "dout";
v0x10d635de0 .array "MEM", 0 127, 7 0;
v0x10d635e80_0 .net "clk", 0 0, v0x10d6437c0_0;  alias, 1 drivers
v0x10d635f60_0 .net "din", 7 0, v0x10d643860_0;  alias, 1 drivers
v0x10d636030_0 .var "dout", 7 0;
v0x10d6360d0_0 .net "raddr", 6 0, L_0x10d644a00;  1 drivers
v0x10d6361a0_0 .net "ren", 0 0, v0x10d643a40_0;  alias, 1 drivers
v0x10d636270_0 .net "waddr", 6 0, L_0x10d6448e0;  1 drivers
v0x10d636300_0 .net "wen", 0 0, L_0x10d644830;  1 drivers
S_0x10d636450 .scope module, "M4" "Memory_Unit" 3 38, 3 45 0, S_0x10d629c90;
 .timescale -9 -12;
    .port_info 0 /INPUT 1 "clk";
    .port_info 1 /INPUT 1 "ren";
    .port_info 2 /INPUT 1 "wen";
    .port_info 3 /INPUT 7 "waddr";
    .port_info 4 /INPUT 7 "raddr";
    .port_info 5 /INPUT 8 "din";
    .port_info 6 /OUTPUT 8 "dout";
v0x10d6366c0 .array "MEM", 0 127, 7 0;
v0x10d636750_0 .net "clk", 0 0, v0x10d6437c0_0;  alias, 1 drivers
v0x10d6367f0_0 .net "din", 7 0, v0x10d643860_0;  alias, 1 drivers
v0x10d6368a0_0 .var "dout", 7 0;
v0x10d636940_0 .net "raddr", 6 0, L_0x10d644f40;  1 drivers
v0x10d636a30_0 .net "ren", 0 0, v0x10d643a40_0;  alias, 1 drivers
v0x10d636ac0_0 .net "waddr", 6 0, L_0x10d644da0;  1 drivers
v0x10d636b70_0 .net "wen", 0 0, L_0x10d644cb0;  1 drivers
S_0x10d637f00 .scope module, "M2" "Memory_Bank" 3 15, 3 24 0, S_0x10d60d1f0;
 .timescale -9 -12;
    .port_info 0 /INPUT 1 "clk";
    .port_info 1 /INPUT 1 "ren";
    .port_info 2 /INPUT 1 "wen";
    .port_info 3 /INPUT 9 "waddr";
    .port_info 4 /INPUT 9 "raddr";
    .port_info 5 /INPUT 8 "din";
    .port_info 6 /OUTPUT 8 "dout";
L_0x10d6459a0 .functor AND 1, L_0x10d647090, L_0x10d645880, C4<1>, C4<1>;
L_0x10d645e20 .functor AND 1, L_0x10d647090, L_0x10d645d00, C4<1>, C4<1>;
L_0x10d646360 .functor AND 1, L_0x10d647090, L_0x10d646280, C4<1>, C4<1>;
L_0x10d6467c0 .functor AND 1, L_0x10d647090, L_0x10d6466e0, C4<1>, C4<1>;
L_0x10d646d40 .functor BUFZ 8, L_0x10d646b70, C4<00000000>, C4<00000000>, C4<00000000>;
v0x10d63a590_0 .net *"_ivl_1", 1 0, L_0x10d6457e0;  1 drivers
v0x10d63a620_0 .net *"_ivl_14", 1 0, L_0x10d645c10;  1 drivers
L_0x128040208 .functor BUFT 1, C4<01>, C4<0>, C4<0>, C4<0>;
v0x10d63a6b0_0 .net/2u *"_ivl_15", 1 0, L_0x128040208;  1 drivers
v0x10d63a740_0 .net *"_ivl_17", 0 0, L_0x10d645d00;  1 drivers
L_0x1280401c0 .functor BUFT 1, C4<00>, C4<0>, C4<0>, C4<0>;
v0x10d63a7d0_0 .net/2u *"_ivl_2", 1 0, L_0x1280401c0;  1 drivers
v0x10d63a8a0_0 .net *"_ivl_27", 1 0, L_0x10d646110;  1 drivers
L_0x128040250 .functor BUFT 1, C4<10>, C4<0>, C4<0>, C4<0>;
v0x10d63a940_0 .net/2u *"_ivl_28", 1 0, L_0x128040250;  1 drivers
v0x10d63a9f0_0 .net *"_ivl_30", 0 0, L_0x10d646280;  1 drivers
v0x10d63aa90_0 .net *"_ivl_4", 0 0, L_0x10d645880;  1 drivers
v0x10d63aba0_0 .net *"_ivl_40", 1 0, L_0x10d6465d0;  1 drivers
L_0x128040298 .functor BUFT 1, C4<11>, C4<0>, C4<0>, C4<0>;
v0x10d63ac40_0 .net/2u *"_ivl_41", 1 0, L_0x128040298;  1 drivers
v0x10d63acf0_0 .net *"_ivl_43", 0 0, L_0x10d6466e0;  1 drivers
v0x10d63ad90_0 .net *"_ivl_52", 7 0, L_0x10d646b70;  1 drivers
v0x10d63ae40_0 .net *"_ivl_54", 3 0, L_0x10d646ca0;  1 drivers
L_0x1280402e0 .functor BUFT 1, C4<00>, C4<0>, C4<0>, C4<0>;
v0x10d63aef0_0 .net *"_ivl_57", 1 0, L_0x1280402e0;  1 drivers
v0x10d63afa0_0 .net "clk", 0 0, v0x10d6437c0_0;  alias, 1 drivers
v0x10d63b030_0 .net "din", 7 0, v0x10d643860_0;  alias, 1 drivers
v0x10d63b1c0_0 .net "dout", 7 0, L_0x10d646d40;  alias, 1 drivers
v0x10d63b250 .array "out", 0 3;
v0x10d63b250_0 .net v0x10d63b250 0, 7 0, v0x10d638630_0; 1 drivers
v0x10d63b250_1 .net v0x10d63b250 1, 7 0, v0x10d638ea0_0; 1 drivers
v0x10d63b250_2 .net v0x10d63b250 2, 7 0, v0x10d639720_0; 1 drivers
v0x10d63b250_3 .net v0x10d63b250 3, 7 0, v0x10d63a190_0; 1 drivers
v0x10d63b320_0 .net "raddr", 8 0, L_0x10d647220;  1 drivers
v0x10d63b3b0_0 .var "raddr_", 1 0;
v0x10d63b440_0 .net "ren", 0 0, v0x10d643a40_0;  alias, 1 drivers
v0x10d63b4d0_0 .net "waddr", 8 0, L_0x10d647140;  1 drivers
v0x10d63b560_0 .net "wen", 0 0, L_0x10d647090;  1 drivers
L_0x10d6457e0 .part L_0x10d647140, 7, 2;
L_0x10d645880 .cmp/eq 2, L_0x10d6457e0, L_0x1280401c0;
L_0x10d645a50 .part L_0x10d647140, 0, 7;
L_0x10d645b30 .part L_0x10d647220, 0, 7;
L_0x10d645c10 .part L_0x10d647140, 7, 2;
L_0x10d645d00 .cmp/eq 2, L_0x10d645c10, L_0x128040208;
L_0x10d645f10 .part L_0x10d647140, 0, 7;
L_0x10d646030 .part L_0x10d647220, 0, 7;
L_0x10d646110 .part L_0x10d647140, 7, 2;
L_0x10d646280 .cmp/eq 2, L_0x10d646110, L_0x128040250;
L_0x10d646410 .part L_0x10d647140, 0, 7;
L_0x10d646510 .part L_0x10d647220, 0, 7;
L_0x10d6465d0 .part L_0x10d647140, 7, 2;
L_0x10d6466e0 .cmp/eq 2, L_0x10d6465d0, L_0x128040298;
L_0x10d6468b0 .part L_0x10d647140, 0, 7;
L_0x10d646a50 .part L_0x10d647220, 0, 7;
L_0x10d646b70 .array/port v0x10d63b250, L_0x10d646ca0;
L_0x10d646ca0 .concat [ 2 2 0 0], v0x10d63b3b0_0, L_0x1280402e0;
S_0x10d638180 .scope module, "M1" "Memory_Unit" 3 35, 3 45 0, S_0x10d637f00;
 .timescale -9 -12;
    .port_info 0 /INPUT 1 "clk";
    .port_info 1 /INPUT 1 "ren";
    .port_info 2 /INPUT 1 "wen";
    .port_info 3 /INPUT 7 "waddr";
    .port_info 4 /INPUT 7 "raddr";
    .port_info 5 /INPUT 8 "din";
    .port_info 6 /OUTPUT 8 "dout";
v0x10d638430 .array "MEM", 0 127, 7 0;
v0x10d6384e0_0 .net "clk", 0 0, v0x10d6437c0_0;  alias, 1 drivers
v0x10d638580_0 .net "din", 7 0, v0x10d643860_0;  alias, 1 drivers
v0x10d638630_0 .var "dout", 7 0;
v0x10d6386d0_0 .net "raddr", 6 0, L_0x10d645b30;  1 drivers
v0x10d6387c0_0 .net "ren", 0 0, v0x10d643a40_0;  alias, 1 drivers
v0x10d638850_0 .net "waddr", 6 0, L_0x10d645a50;  1 drivers
v0x10d638900_0 .net "wen", 0 0, L_0x10d6459a0;  1 drivers
S_0x10d638a50 .scope module, "M2" "Memory_Unit" 3 36, 3 45 0, S_0x10d637f00;
 .timescale -9 -12;
    .port_info 0 /INPUT 1 "clk";
    .port_info 1 /INPUT 1 "ren";
    .port_info 2 /INPUT 1 "wen";
    .port_info 3 /INPUT 7 "waddr";
    .port_info 4 /INPUT 7 "raddr";
    .port_info 5 /INPUT 8 "din";
    .port_info 6 /OUTPUT 8 "dout";
v0x10d638cc0 .array "MEM", 0 127, 7 0;
v0x10d638d50_0 .net "clk", 0 0, v0x10d6437c0_0;  alias, 1 drivers
v0x10d638df0_0 .net "din", 7 0, v0x10d643860_0;  alias, 1 drivers
v0x10d638ea0_0 .var "dout", 7 0;
v0x10d638f40_0 .net "raddr", 6 0, L_0x10d646030;  1 drivers
v0x10d639030_0 .net "ren", 0 0, v0x10d643a40_0;  alias, 1 drivers
v0x10d6390c0_0 .net "waddr", 6 0, L_0x10d645f10;  1 drivers
v0x10d639170_0 .net "wen", 0 0, L_0x10d645e20;  1 drivers
S_0x10d6392c0 .scope module, "M3" "Memory_Unit" 3 37, 3 45 0, S_0x10d637f00;
 .timescale -9 -12;
    .port_info 0 /INPUT 1 "clk";
    .port_info 1 /INPUT 1 "ren";
    .port_info 2 /INPUT 1 "wen";
    .port_info 3 /INPUT 7 "waddr";
    .port_info 4 /INPUT 7 "raddr";
    .port_info 5 /INPUT 8 "din";
    .port_info 6 /OUTPUT 8 "dout";
v0x10d639530 .array "MEM", 0 127, 7 0;
v0x10d6395d0_0 .net "clk", 0 0, v0x10d6437c0_0;  alias, 1 drivers
v0x10d639670_0 .net "din", 7 0, v0x10d643860_0;  alias, 1 drivers
v0x10d639720_0 .var "dout", 7 0;
v0x10d6397c0_0 .net "raddr", 6 0, L_0x10d646510;  1 drivers
v0x10d6398b0_0 .net "ren", 0 0, v0x10d643a40_0;  alias, 1 drivers
v0x10d639940_0 .net "waddr", 6 0, L_0x10d646410;  1 drivers
v0x10d6399f0_0 .net "wen", 0 0, L_0x10d646360;  1 drivers
S_0x10d639b40 .scope module, "M4" "Memory_Unit" 3 38, 3 45 0, S_0x10d637f00;
 .timescale -9 -12;
    .port_info 0 /INPUT 1 "clk";
    .port_info 1 /INPUT 1 "ren";
    .port_info 2 /INPUT 1 "wen";
    .port_info 3 /INPUT 7 "waddr";
    .port_info 4 /INPUT 7 "raddr";
    .port_info 5 /INPUT 8 "din";
    .port_info 6 /OUTPUT 8 "dout";
v0x10d639db0 .array "MEM", 0 127, 7 0;
v0x10d639e40_0 .net "clk", 0 0, v0x10d6437c0_0;  alias, 1 drivers
v0x10d639fe0_0 .net "din", 7 0, v0x10d643860_0;  alias, 1 drivers
v0x10d63a190_0 .var "dout", 7 0;
v0x10d63a220_0 .net "raddr", 6 0, L_0x10d646a50;  1 drivers
v0x10d63a2b0_0 .net "ren", 0 0, v0x10d643a40_0;  alias, 1 drivers
v0x10d63a440_0 .net "waddr", 6 0, L_0x10d6468b0;  1 drivers
v0x10d63a4d0_0 .net "wen", 0 0, L_0x10d6467c0;  1 drivers
S_0x10d63b6b0 .scope module, "M3" "Memory_Bank" 3 16, 3 24 0, S_0x10d60d1f0;
 .timescale -9 -12;
    .port_info 0 /INPUT 1 "clk";
    .port_info 1 /INPUT 1 "ren";
    .port_info 2 /INPUT 1 "wen";
    .port_info 3 /INPUT 9 "waddr";
    .port_info 4 /INPUT 9 "raddr";
    .port_info 5 /INPUT 8 "din";
    .port_info 6 /OUTPUT 8 "dout";
L_0x10d647480 .functor AND 1, L_0x10d648b60, L_0x10d647360, C4<1>, C4<1>;
L_0x10d6478e0 .functor AND 1, L_0x10d648b60, L_0x10d6477c0, C4<1>, C4<1>;
L_0x10d647de0 .functor AND 1, L_0x10d648b60, L_0x10d647cc0, C4<1>, C4<1>;
L_0x10d648240 .functor AND 1, L_0x10d648b60, L_0x10d648160, C4<1>, C4<1>;
L_0x10d6488e0 .functor BUFZ 8, L_0x10d648610, C4<00000000>, C4<00000000>, C4<00000000>;
v0x10d63db70_0 .net *"_ivl_1", 1 0, L_0x10d6472c0;  1 drivers
v0x10d63dc10_0 .net *"_ivl_14", 1 0, L_0x10d6476d0;  1 drivers
L_0x1280403b8 .functor BUFT 1, C4<01>, C4<0>, C4<0>, C4<0>;
v0x10d63dcb0_0 .net/2u *"_ivl_15", 1 0, L_0x1280403b8;  1 drivers
v0x10d63dd40_0 .net *"_ivl_17", 0 0, L_0x10d6477c0;  1 drivers
L_0x128040370 .functor BUFT 1, C4<00>, C4<0>, C4<0>, C4<0>;
v0x10d63dde0_0 .net/2u *"_ivl_2", 1 0, L_0x128040370;  1 drivers
v0x10d63ded0_0 .net *"_ivl_27", 1 0, L_0x10d647bd0;  1 drivers
L_0x128040400 .functor BUFT 1, C4<10>, C4<0>, C4<0>, C4<0>;
v0x10d63df80_0 .net/2u *"_ivl_28", 1 0, L_0x128040400;  1 drivers
v0x10d63e030_0 .net *"_ivl_30", 0 0, L_0x10d647cc0;  1 drivers
v0x10d63e0d0_0 .net *"_ivl_4", 0 0, L_0x10d647360;  1 drivers
v0x10d63e1e0_0 .net *"_ivl_40", 1 0, L_0x10d648050;  1 drivers
L_0x128040448 .functor BUFT 1, C4<11>, C4<0>, C4<0>, C4<0>;
v0x10d63e280_0 .net/2u *"_ivl_41", 1 0, L_0x128040448;  1 drivers
v0x10d63e330_0 .net *"_ivl_43", 0 0, L_0x10d648160;  1 drivers
v0x10d63e3d0_0 .net *"_ivl_52", 7 0, L_0x10d648610;  1 drivers
v0x10d63e480_0 .net *"_ivl_54", 3 0, L_0x10d648740;  1 drivers
L_0x128040490 .functor BUFT 1, C4<00>, C4<0>, C4<0>, C4<0>;
v0x10d63e530_0 .net *"_ivl_57", 1 0, L_0x128040490;  1 drivers
v0x10d63e5e0_0 .net "clk", 0 0, v0x10d6437c0_0;  alias, 1 drivers
v0x10d63e670_0 .net "din", 7 0, v0x10d643860_0;  alias, 1 drivers
v0x10d63e800_0 .net "dout", 7 0, L_0x10d6488e0;  alias, 1 drivers
v0x10d63e890 .array "out", 0 3;
v0x10d63e890_0 .net v0x10d63e890 0, 7 0, v0x10d63bdf0_0; 1 drivers
v0x10d63e890_1 .net v0x10d63e890 1, 7 0, v0x10d63c660_0; 1 drivers
v0x10d63e890_2 .net v0x10d63e890 2, 7 0, v0x10d63cee0_0; 1 drivers
v0x10d63e890_3 .net v0x10d63e890 3, 7 0, v0x10d63d750_0; 1 drivers
v0x10d63e960_0 .net "raddr", 8 0, L_0x10d648d50;  1 drivers
v0x10d63e9f0_0 .var "raddr_", 1 0;
v0x10d63ea80_0 .net "ren", 0 0, v0x10d643a40_0;  alias, 1 drivers
v0x10d63eb10_0 .net "waddr", 8 0, L_0x10d648c50;  1 drivers
v0x10d63eba0_0 .net "wen", 0 0, L_0x10d648b60;  1 drivers
L_0x10d6472c0 .part L_0x10d648c50, 7, 2;
L_0x10d647360 .cmp/eq 2, L_0x10d6472c0, L_0x128040370;
L_0x10d647530 .part L_0x10d648c50, 0, 7;
L_0x10d647610 .part L_0x10d648d50, 0, 7;
L_0x10d6476d0 .part L_0x10d648c50, 7, 2;
L_0x10d6477c0 .cmp/eq 2, L_0x10d6476d0, L_0x1280403b8;
L_0x10d6479d0 .part L_0x10d648c50, 0, 7;
L_0x10d647af0 .part L_0x10d648d50, 0, 7;
L_0x10d647bd0 .part L_0x10d648c50, 7, 2;
L_0x10d647cc0 .cmp/eq 2, L_0x10d647bd0, L_0x128040400;
L_0x10d647e90 .part L_0x10d648c50, 0, 7;
L_0x10d647f90 .part L_0x10d648d50, 0, 7;
L_0x10d648050 .part L_0x10d648c50, 7, 2;
L_0x10d648160 .cmp/eq 2, L_0x10d648050, L_0x128040448;
L_0x10d648330 .part L_0x10d648c50, 0, 7;
L_0x10d6484d0 .part L_0x10d648d50, 0, 7;
L_0x10d648610 .array/port v0x10d63e890, L_0x10d648740;
L_0x10d648740 .concat [ 2 2 0 0], v0x10d63e9f0_0, L_0x128040490;
S_0x10d63b940 .scope module, "M1" "Memory_Unit" 3 35, 3 45 0, S_0x10d63b6b0;
 .timescale -9 -12;
    .port_info 0 /INPUT 1 "clk";
    .port_info 1 /INPUT 1 "ren";
    .port_info 2 /INPUT 1 "wen";
    .port_info 3 /INPUT 7 "waddr";
    .port_info 4 /INPUT 7 "raddr";
    .port_info 5 /INPUT 8 "din";
    .port_info 6 /OUTPUT 8 "dout";
v0x10d63bbf0 .array "MEM", 0 127, 7 0;
v0x10d63bca0_0 .net "clk", 0 0, v0x10d6437c0_0;  alias, 1 drivers
v0x10d63bd40_0 .net "din", 7 0, v0x10d643860_0;  alias, 1 drivers
v0x10d63bdf0_0 .var "dout", 7 0;
v0x10d63be90_0 .net "raddr", 6 0, L_0x10d647610;  1 drivers
v0x10d63bf80_0 .net "ren", 0 0, v0x10d643a40_0;  alias, 1 drivers
v0x10d63c010_0 .net "waddr", 6 0, L_0x10d647530;  1 drivers
v0x10d63c0c0_0 .net "wen", 0 0, L_0x10d647480;  1 drivers
S_0x10d63c210 .scope module, "M2" "Memory_Unit" 3 36, 3 45 0, S_0x10d63b6b0;
 .timescale -9 -12;
    .port_info 0 /INPUT 1 "clk";
    .port_info 1 /INPUT 1 "ren";
    .port_info 2 /INPUT 1 "wen";
    .port_info 3 /INPUT 7 "waddr";
    .port_info 4 /INPUT 7 "raddr";
    .port_info 5 /INPUT 8 "din";
    .port_info 6 /OUTPUT 8 "dout";
v0x10d63c480 .array "MEM", 0 127, 7 0;
v0x10d63c510_0 .net "clk", 0 0, v0x10d6437c0_0;  alias, 1 drivers
v0x10d63c5b0_0 .net "din", 7 0, v0x10d643860_0;  alias, 1 drivers
v0x10d63c660_0 .var "dout", 7 0;
v0x10d63c700_0 .net "raddr", 6 0, L_0x10d647af0;  1 drivers
v0x10d63c7f0_0 .net "ren", 0 0, v0x10d643a40_0;  alias, 1 drivers
v0x10d63c880_0 .net "waddr", 6 0, L_0x10d6479d0;  1 drivers
v0x10d63c930_0 .net "wen", 0 0, L_0x10d6478e0;  1 drivers
S_0x10d63ca80 .scope module, "M3" "Memory_Unit" 3 37, 3 45 0, S_0x10d63b6b0;
 .timescale -9 -12;
    .port_info 0 /INPUT 1 "clk";
    .port_info 1 /INPUT 1 "ren";
    .port_info 2 /INPUT 1 "wen";
    .port_info 3 /INPUT 7 "waddr";
    .port_info 4 /INPUT 7 "raddr";
    .port_info 5 /INPUT 8 "din";
    .port_info 6 /OUTPUT 8 "dout";
v0x10d63ccf0 .array "MEM", 0 127, 7 0;
v0x10d63cd90_0 .net "clk", 0 0, v0x10d6437c0_0;  alias, 1 drivers
v0x10d63ce30_0 .net "din", 7 0, v0x10d643860_0;  alias, 1 drivers
v0x10d63cee0_0 .var "dout", 7 0;
v0x10d63cf80_0 .net "raddr", 6 0, L_0x10d647f90;  1 drivers
v0x10d63d070_0 .net "ren", 0 0, v0x10d643a40_0;  alias, 1 drivers
v0x10d63d100_0 .net "waddr", 6 0, L_0x10d647e90;  1 drivers
v0x10d63d1b0_0 .net "wen", 0 0, L_0x10d647de0;  1 drivers
S_0x10d63d300 .scope module, "M4" "Memory_Unit" 3 38, 3 45 0, S_0x10d63b6b0;
 .timescale -9 -12;
    .port_info 0 /INPUT 1 "clk";
    .port_info 1 /INPUT 1 "ren";
    .port_info 2 /INPUT 1 "wen";
    .port_info 3 /INPUT 7 "waddr";
    .port_info 4 /INPUT 7 "raddr";
    .port_info 5 /INPUT 8 "din";
    .port_info 6 /OUTPUT 8 "dout";
v0x10d63d570 .array "MEM", 0 127, 7 0;
v0x10d63d600_0 .net "clk", 0 0, v0x10d6437c0_0;  alias, 1 drivers
v0x10d63d6a0_0 .net "din", 7 0, v0x10d643860_0;  alias, 1 drivers
v0x10d63d750_0 .var "dout", 7 0;
v0x10d63d7f0_0 .net "raddr", 6 0, L_0x10d6484d0;  1 drivers
v0x10d63d8e0_0 .net "ren", 0 0, v0x10d643a40_0;  alias, 1 drivers
v0x10d63d970_0 .net "waddr", 6 0, L_0x10d648330;  1 drivers
v0x10d63da20_0 .net "wen", 0 0, L_0x10d648240;  1 drivers
S_0x10d63ecf0 .scope module, "M4" "Memory_Bank" 3 17, 3 24 0, S_0x10d60d1f0;
 .timescale -9 -12;
    .port_info 0 /INPUT 1 "clk";
    .port_info 1 /INPUT 1 "ren";
    .port_info 2 /INPUT 1 "wen";
    .port_info 3 /INPUT 9 "waddr";
    .port_info 4 /INPUT 9 "raddr";
    .port_info 5 /INPUT 8 "din";
    .port_info 6 /OUTPUT 8 "dout";
L_0x10d648fb0 .functor AND 1, L_0x10d64a6b0, L_0x10d648f10, C4<1>, C4<1>;
L_0x10d649430 .functor AND 1, L_0x10d64a6b0, L_0x10d649310, C4<1>, C4<1>;
L_0x10d6498f0 .functor AND 1, L_0x10d64a6b0, L_0x10d649810, C4<1>, C4<1>;
L_0x10d649d70 .functor AND 1, L_0x10d64a6b0, L_0x10d649c90, C4<1>, C4<1>;
L_0x10d64a310 .functor BUFZ 8, L_0x10d64a140, C4<00000000>, C4<00000000>, C4<00000000>;
v0x10d6414a0_0 .net *"_ivl_1", 1 0, L_0x10d648e70;  1 drivers
v0x10d641540_0 .net *"_ivl_14", 1 0, L_0x10d649220;  1 drivers
L_0x128040568 .functor BUFT 1, C4<01>, C4<0>, C4<0>, C4<0>;
v0x10d6415e0_0 .net/2u *"_ivl_15", 1 0, L_0x128040568;  1 drivers
v0x10d641670_0 .net *"_ivl_17", 0 0, L_0x10d649310;  1 drivers
L_0x128040520 .functor BUFT 1, C4<00>, C4<0>, C4<0>, C4<0>;
v0x10d641710_0 .net/2u *"_ivl_2", 1 0, L_0x128040520;  1 drivers
v0x10d641800_0 .net *"_ivl_27", 1 0, L_0x10d649720;  1 drivers
L_0x1280405b0 .functor BUFT 1, C4<10>, C4<0>, C4<0>, C4<0>;
v0x10d6418b0_0 .net/2u *"_ivl_28", 1 0, L_0x1280405b0;  1 drivers
v0x10d641960_0 .net *"_ivl_30", 0 0, L_0x10d649810;  1 drivers
v0x10d641a00_0 .net *"_ivl_4", 0 0, L_0x10d648f10;  1 drivers
v0x10d641b10_0 .net *"_ivl_40", 1 0, L_0x10d649b80;  1 drivers
L_0x1280405f8 .functor BUFT 1, C4<11>, C4<0>, C4<0>, C4<0>;
v0x10d641bb0_0 .net/2u *"_ivl_41", 1 0, L_0x1280405f8;  1 drivers
v0x10d641c60_0 .net *"_ivl_43", 0 0, L_0x10d649c90;  1 drivers
v0x10d641d00_0 .net *"_ivl_52", 7 0, L_0x10d64a140;  1 drivers
v0x10d641db0_0 .net *"_ivl_54", 3 0, L_0x10d64a270;  1 drivers
L_0x128040640 .functor BUFT 1, C4<00>, C4<0>, C4<0>, C4<0>;
v0x10d641e60_0 .net *"_ivl_57", 1 0, L_0x128040640;  1 drivers
v0x10d641f10_0 .net "clk", 0 0, v0x10d6437c0_0;  alias, 1 drivers
v0x10d641fa0_0 .net "din", 7 0, v0x10d643860_0;  alias, 1 drivers
v0x10d642130_0 .net "dout", 7 0, L_0x10d64a310;  alias, 1 drivers
v0x10d6421c0 .array "out", 0 3;
v0x10d6421c0_0 .net v0x10d6421c0 0, 7 0, v0x10d63f420_0; 1 drivers
v0x10d6421c0_1 .net v0x10d6421c0 1, 7 0, v0x10d63a090_0; 1 drivers
v0x10d6421c0_2 .net v0x10d6421c0 2, 7 0, v0x10d640810_0; 1 drivers
v0x10d6421c0_3 .net v0x10d6421c0 3, 7 0, v0x10d641080_0; 1 drivers
v0x10d642290_0 .net "raddr", 8 0, L_0x10d64a840;  1 drivers
v0x10d642320_0 .var "raddr_", 1 0;
v0x10d6423b0_0 .net "ren", 0 0, v0x10d643a40_0;  alias, 1 drivers
v0x10d642440_0 .net "waddr", 8 0, L_0x10d64a720;  1 drivers
v0x10d6424d0_0 .net "wen", 0 0, L_0x10d64a6b0;  1 drivers
L_0x10d648e70 .part L_0x10d64a720, 7, 2;
L_0x10d648f10 .cmp/eq 2, L_0x10d648e70, L_0x128040520;
L_0x10d649060 .part L_0x10d64a720, 0, 7;
L_0x10d649140 .part L_0x10d64a840, 0, 7;
L_0x10d649220 .part L_0x10d64a720, 7, 2;
L_0x10d649310 .cmp/eq 2, L_0x10d649220, L_0x128040568;
L_0x10d649520 .part L_0x10d64a720, 0, 7;
L_0x10d649640 .part L_0x10d64a840, 0, 7;
L_0x10d649720 .part L_0x10d64a720, 7, 2;
L_0x10d649810 .cmp/eq 2, L_0x10d649720, L_0x1280405b0;
L_0x10d6499a0 .part L_0x10d64a720, 0, 7;
L_0x10d649ac0 .part L_0x10d64a840, 0, 7;
L_0x10d649b80 .part L_0x10d64a720, 7, 2;
L_0x10d649c90 .cmp/eq 2, L_0x10d649b80, L_0x1280405f8;
L_0x10d649e60 .part L_0x10d64a720, 0, 7;
L_0x10d64a000 .part L_0x10d64a840, 0, 7;
L_0x10d64a140 .array/port v0x10d6421c0, L_0x10d64a270;
L_0x10d64a270 .concat [ 2 2 0 0], v0x10d642320_0, L_0x128040640;
S_0x10d63ef60 .scope module, "M1" "Memory_Unit" 3 35, 3 45 0, S_0x10d63ecf0;
 .timescale -9 -12;
    .port_info 0 /INPUT 1 "clk";
    .port_info 1 /INPUT 1 "ren";
    .port_info 2 /INPUT 1 "wen";
    .port_info 3 /INPUT 7 "waddr";
    .port_info 4 /INPUT 7 "raddr";
    .port_info 5 /INPUT 8 "din";
    .port_info 6 /OUTPUT 8 "dout";
v0x10d63f220 .array "MEM", 0 127, 7 0;
v0x10d63f2d0_0 .net "clk", 0 0, v0x10d6437c0_0;  alias, 1 drivers
v0x10d63f370_0 .net "din", 7 0, v0x10d643860_0;  alias, 1 drivers
v0x10d63f420_0 .var "dout", 7 0;
v0x10d63f4c0_0 .net "raddr", 6 0, L_0x10d649140;  1 drivers
v0x10d63f5b0_0 .net "ren", 0 0, v0x10d643a40_0;  alias, 1 drivers
v0x10d63f640_0 .net "waddr", 6 0, L_0x10d649060;  1 drivers
v0x10d63f6f0_0 .net "wen", 0 0, L_0x10d648fb0;  1 drivers
S_0x10d63f840 .scope module, "M2" "Memory_Unit" 3 36, 3 45 0, S_0x10d63ecf0;
 .timescale -9 -12;
    .port_info 0 /INPUT 1 "clk";
    .port_info 1 /INPUT 1 "ren";
    .port_info 2 /INPUT 1 "wen";
    .port_info 3 /INPUT 7 "waddr";
    .port_info 4 /INPUT 7 "raddr";
    .port_info 5 /INPUT 8 "din";
    .port_info 6 /OUTPUT 8 "dout";
v0x10d63fab0 .array "MEM", 0 127, 7 0;
v0x10d63fb40_0 .net "clk", 0 0, v0x10d6437c0_0;  alias, 1 drivers
v0x10d639ee0_0 .net "din", 7 0, v0x10d643860_0;  alias, 1 drivers
v0x10d63a090_0 .var "dout", 7 0;
v0x10d63ffe0_0 .net "raddr", 6 0, L_0x10d649640;  1 drivers
v0x10d640070_0 .net "ren", 0 0, v0x10d643a40_0;  alias, 1 drivers
v0x10d63a340_0 .net "waddr", 6 0, L_0x10d649520;  1 drivers
v0x10d640300_0 .net "wen", 0 0, L_0x10d649430;  1 drivers
S_0x10d6403b0 .scope module, "M3" "Memory_Unit" 3 37, 3 45 0, S_0x10d63ecf0;
 .timescale -9 -12;
    .port_info 0 /INPUT 1 "clk";
    .port_info 1 /INPUT 1 "ren";
    .port_info 2 /INPUT 1 "wen";
    .port_info 3 /INPUT 7 "waddr";
    .port_info 4 /INPUT 7 "raddr";
    .port_info 5 /INPUT 8 "din";
    .port_info 6 /OUTPUT 8 "dout";
v0x10d640620 .array "MEM", 0 127, 7 0;
v0x10d6406c0_0 .net "clk", 0 0, v0x10d6437c0_0;  alias, 1 drivers
v0x10d640760_0 .net "din", 7 0, v0x10d643860_0;  alias, 1 drivers
v0x10d640810_0 .var "dout", 7 0;
v0x10d6408b0_0 .net "raddr", 6 0, L_0x10d649ac0;  1 drivers
v0x10d6409a0_0 .net "ren", 0 0, v0x10d643a40_0;  alias, 1 drivers
v0x10d640a30_0 .net "waddr", 6 0, L_0x10d6499a0;  1 drivers
v0x10d640ae0_0 .net "wen", 0 0, L_0x10d6498f0;  1 drivers
S_0x10d640c30 .scope module, "M4" "Memory_Unit" 3 38, 3 45 0, S_0x10d63ecf0;
 .timescale -9 -12;
    .port_info 0 /INPUT 1 "clk";
    .port_info 1 /INPUT 1 "ren";
    .port_info 2 /INPUT 1 "wen";
    .port_info 3 /INPUT 7 "waddr";
    .port_info 4 /INPUT 7 "raddr";
    .port_info 5 /INPUT 8 "din";
    .port_info 6 /OUTPUT 8 "dout";
v0x10d640ea0 .array "MEM", 0 127, 7 0;
v0x10d640f30_0 .net "clk", 0 0, v0x10d6437c0_0;  alias, 1 drivers
v0x10d640fd0_0 .net "din", 7 0, v0x10d643860_0;  alias, 1 drivers
v0x10d641080_0 .var "dout", 7 0;
v0x10d641120_0 .net "raddr", 6 0, L_0x10d64a000;  1 drivers
v0x10d641210_0 .net "ren", 0 0, v0x10d643a40_0;  alias, 1 drivers
v0x10d6412a0_0 .net "waddr", 6 0, L_0x10d649e60;  1 drivers
v0x10d641350_0 .net "wen", 0 0, L_0x10d649d70;  1 drivers
    .scope S_0x10d6203f0;
T_0 ;
    %wait E_0x10d624560;
    %load/vec4 v0x10d635030_0;
    %flag_set/vec4 8;
    %jmp/0xz  T_0.0, 8;
    %load/vec4 v0x10d634f40_0;
    %pad/u 9;
    %ix/vec4 4;
    %load/vec4a v0x10d62b360, 4;
    %assign/vec4 v0x10d634e90_0, 0;
    %jmp T_0.1;
T_0.0 ;
    %pushi/vec4 0, 0, 8;
    %assign/vec4 v0x10d634e90_0, 0;
T_0.1 ;
    %load/vec4 v0x10d635180_0;
    %flag_set/vec4 9;
    %flag_get/vec4 9;
    %jmp/0 T_0.4, 9;
    %load/vec4 v0x10d635030_0;
    %nor/r;
    %and;
T_0.4;
    %flag_set/vec4 8;
    %jmp/0xz  T_0.2, 8;
    %load/vec4 v0x10d634dd0_0;
    %load/vec4 v0x10d6350d0_0;
    %pad/u 9;
    %ix/vec4 3;
    %ix/load 4, 0, 0; Constant delay
    %assign/vec4/a/d v0x10d62b360, 0, 4;
T_0.2 ;
    %jmp T_0;
    .thread T_0;
    .scope S_0x10d6352d0;
T_1 ;
    %wait E_0x10d624560;
    %load/vec4 v0x10d6358d0_0;
    %flag_set/vec4 8;
    %jmp/0xz  T_1.0, 8;
    %load/vec4 v0x10d6357f0_0;
    %pad/u 9;
    %ix/vec4 4;
    %load/vec4a v0x10d635540, 4;
    %assign/vec4 v0x10d635760_0, 0;
    %jmp T_1.1;
T_1.0 ;
    %pushi/vec4 0, 0, 8;
    %assign/vec4 v0x10d635760_0, 0;
T_1.1 ;
    %load/vec4 v0x10d635a00_0;
    %flag_set/vec4 9;
    %flag_get/vec4 9;
    %jmp/0 T_1.4, 9;
    %load/vec4 v0x10d6358d0_0;
    %nor/r;
    %and;
T_1.4;
    %flag_set/vec4 8;
    %jmp/0xz  T_1.2, 8;
    %load/vec4 v0x10d635690_0;
    %load/vec4 v0x10d635960_0;
    %pad/u 9;
    %ix/vec4 3;
    %ix/load 4, 0, 0; Constant delay
    %assign/vec4/a/d v0x10d635540, 0, 4;
T_1.2 ;
    %jmp T_1;
    .thread T_1;
    .scope S_0x10d635b50;
T_2 ;
    %wait E_0x10d624560;
    %load/vec4 v0x10d6361a0_0;
    %flag_set/vec4 8;
    %jmp/0xz  T_2.0, 8;
    %load/vec4 v0x10d6360d0_0;
    %pad/u 9;
    %ix/vec4 4;
    %load/vec4a v0x10d635de0, 4;
    %assign/vec4 v0x10d636030_0, 0;
    %jmp T_2.1;
T_2.0 ;
    %pushi/vec4 0, 0, 8;
    %assign/vec4 v0x10d636030_0, 0;
T_2.1 ;
    %load/vec4 v0x10d636300_0;
    %flag_set/vec4 9;
    %flag_get/vec4 9;
    %jmp/0 T_2.4, 9;
    %load/vec4 v0x10d6361a0_0;
    %nor/r;
    %and;
T_2.4;
    %flag_set/vec4 8;
    %jmp/0xz  T_2.2, 8;
    %load/vec4 v0x10d635f60_0;
    %load/vec4 v0x10d636270_0;
    %pad/u 9;
    %ix/vec4 3;
    %ix/load 4, 0, 0; Constant delay
    %assign/vec4/a/d v0x10d635de0, 0, 4;
T_2.2 ;
    %jmp T_2;
    .thread T_2;
    .scope S_0x10d636450;
T_3 ;
    %wait E_0x10d624560;
    %load/vec4 v0x10d636a30_0;
    %flag_set/vec4 8;
    %jmp/0xz  T_3.0, 8;
    %load/vec4 v0x10d636940_0;
    %pad/u 9;
    %ix/vec4 4;
    %load/vec4a v0x10d6366c0, 4;
    %assign/vec4 v0x10d6368a0_0, 0;
    %jmp T_3.1;
T_3.0 ;
    %pushi/vec4 0, 0, 8;
    %assign/vec4 v0x10d6368a0_0, 0;
T_3.1 ;
    %load/vec4 v0x10d636b70_0;
    %flag_set/vec4 9;
    %flag_get/vec4 9;
    %jmp/0 T_3.4, 9;
    %load/vec4 v0x10d636a30_0;
    %nor/r;
    %and;
T_3.4;
    %flag_set/vec4 8;
    %jmp/0xz  T_3.2, 8;
    %load/vec4 v0x10d6367f0_0;
    %load/vec4 v0x10d636ac0_0;
    %pad/u 9;
    %ix/vec4 3;
    %ix/load 4, 0, 0; Constant delay
    %assign/vec4/a/d v0x10d6366c0, 0, 4;
T_3.2 ;
    %jmp T_3;
    .thread T_3;
    .scope S_0x10d629c90;
T_4 ;
    %wait E_0x10d624560;
    %load/vec4 v0x10d637b10_0;
    %parti/s 2, 7, 4;
    %assign/vec4 v0x10d637ba0_0, 0;
    %jmp T_4;
    .thread T_4;
    .scope S_0x10d638180;
T_5 ;
    %wait E_0x10d624560;
    %load/vec4 v0x10d6387c0_0;
    %flag_set/vec4 8;
    %jmp/0xz  T_5.0, 8;
    %load/vec4 v0x10d6386d0_0;
    %pad/u 9;
    %ix/vec4 4;
    %load/vec4a v0x10d638430, 4;
    %assign/vec4 v0x10d638630_0, 0;
    %jmp T_5.1;
T_5.0 ;
    %pushi/vec4 0, 0, 8;
    %assign/vec4 v0x10d638630_0, 0;
T_5.1 ;
    %load/vec4 v0x10d638900_0;
    %flag_set/vec4 9;
    %flag_get/vec4 9;
    %jmp/0 T_5.4, 9;
    %load/vec4 v0x10d6387c0_0;
    %nor/r;
    %and;
T_5.4;
    %flag_set/vec4 8;
    %jmp/0xz  T_5.2, 8;
    %load/vec4 v0x10d638580_0;
    %load/vec4 v0x10d638850_0;
    %pad/u 9;
    %ix/vec4 3;
    %ix/load 4, 0, 0; Constant delay
    %assign/vec4/a/d v0x10d638430, 0, 4;
T_5.2 ;
    %jmp T_5;
    .thread T_5;
    .scope S_0x10d638a50;
T_6 ;
    %wait E_0x10d624560;
    %load/vec4 v0x10d639030_0;
    %flag_set/vec4 8;
    %jmp/0xz  T_6.0, 8;
    %load/vec4 v0x10d638f40_0;
    %pad/u 9;
    %ix/vec4 4;
    %load/vec4a v0x10d638cc0, 4;
    %assign/vec4 v0x10d638ea0_0, 0;
    %jmp T_6.1;
T_6.0 ;
    %pushi/vec4 0, 0, 8;
    %assign/vec4 v0x10d638ea0_0, 0;
T_6.1 ;
    %load/vec4 v0x10d639170_0;
    %flag_set/vec4 9;
    %flag_get/vec4 9;
    %jmp/0 T_6.4, 9;
    %load/vec4 v0x10d639030_0;
    %nor/r;
    %and;
T_6.4;
    %flag_set/vec4 8;
    %jmp/0xz  T_6.2, 8;
    %load/vec4 v0x10d638df0_0;
    %load/vec4 v0x10d6390c0_0;
    %pad/u 9;
    %ix/vec4 3;
    %ix/load 4, 0, 0; Constant delay
    %assign/vec4/a/d v0x10d638cc0, 0, 4;
T_6.2 ;
    %jmp T_6;
    .thread T_6;
    .scope S_0x10d6392c0;
T_7 ;
    %wait E_0x10d624560;
    %load/vec4 v0x10d6398b0_0;
    %flag_set/vec4 8;
    %jmp/0xz  T_7.0, 8;
    %load/vec4 v0x10d6397c0_0;
    %pad/u 9;
    %ix/vec4 4;
    %load/vec4a v0x10d639530, 4;
    %assign/vec4 v0x10d639720_0, 0;
    %jmp T_7.1;
T_7.0 ;
    %pushi/vec4 0, 0, 8;
    %assign/vec4 v0x10d639720_0, 0;
T_7.1 ;
    %load/vec4 v0x10d6399f0_0;
    %flag_set/vec4 9;
    %flag_get/vec4 9;
    %jmp/0 T_7.4, 9;
    %load/vec4 v0x10d6398b0_0;
    %nor/r;
    %and;
T_7.4;
    %flag_set/vec4 8;
    %jmp/0xz  T_7.2, 8;
    %load/vec4 v0x10d639670_0;
    %load/vec4 v0x10d639940_0;
    %pad/u 9;
    %ix/vec4 3;
    %ix/load 4, 0, 0; Constant delay
    %assign/vec4/a/d v0x10d639530, 0, 4;
T_7.2 ;
    %jmp T_7;
    .thread T_7;
    .scope S_0x10d639b40;
T_8 ;
    %wait E_0x10d624560;
    %load/vec4 v0x10d63a2b0_0;
    %flag_set/vec4 8;
    %jmp/0xz  T_8.0, 8;
    %load/vec4 v0x10d63a220_0;
    %pad/u 9;
    %ix/vec4 4;
    %load/vec4a v0x10d639db0, 4;
    %assign/vec4 v0x10d63a190_0, 0;
    %jmp T_8.1;
T_8.0 ;
    %pushi/vec4 0, 0, 8;
    %assign/vec4 v0x10d63a190_0, 0;
T_8.1 ;
    %load/vec4 v0x10d63a4d0_0;
    %flag_set/vec4 9;
    %flag_get/vec4 9;
    %jmp/0 T_8.4, 9;
    %load/vec4 v0x10d63a2b0_0;
    %nor/r;
    %and;
T_8.4;
    %flag_set/vec4 8;
    %jmp/0xz  T_8.2, 8;
    %load/vec4 v0x10d639fe0_0;
    %load/vec4 v0x10d63a440_0;
    %pad/u 9;
    %ix/vec4 3;
    %ix/load 4, 0, 0; Constant delay
    %assign/vec4/a/d v0x10d639db0, 0, 4;
T_8.2 ;
    %jmp T_8;
    .thread T_8;
    .scope S_0x10d637f00;
T_9 ;
    %wait E_0x10d624560;
    %load/vec4 v0x10d63b320_0;
    %parti/s 2, 7, 4;
    %assign/vec4 v0x10d63b3b0_0, 0;
    %jmp T_9;
    .thread T_9;
    .scope S_0x10d63b940;
T_10 ;
    %wait E_0x10d624560;
    %load/vec4 v0x10d63bf80_0;
    %flag_set/vec4 8;
    %jmp/0xz  T_10.0, 8;
    %load/vec4 v0x10d63be90_0;
    %pad/u 9;
    %ix/vec4 4;
    %load/vec4a v0x10d63bbf0, 4;
    %assign/vec4 v0x10d63bdf0_0, 0;
    %jmp T_10.1;
T_10.0 ;
    %pushi/vec4 0, 0, 8;
    %assign/vec4 v0x10d63bdf0_0, 0;
T_10.1 ;
    %load/vec4 v0x10d63c0c0_0;
    %flag_set/vec4 9;
    %flag_get/vec4 9;
    %jmp/0 T_10.4, 9;
    %load/vec4 v0x10d63bf80_0;
    %nor/r;
    %and;
T_10.4;
    %flag_set/vec4 8;
    %jmp/0xz  T_10.2, 8;
    %load/vec4 v0x10d63bd40_0;
    %load/vec4 v0x10d63c010_0;
    %pad/u 9;
    %ix/vec4 3;
    %ix/load 4, 0, 0; Constant delay
    %assign/vec4/a/d v0x10d63bbf0, 0, 4;
T_10.2 ;
    %jmp T_10;
    .thread T_10;
    .scope S_0x10d63c210;
T_11 ;
    %wait E_0x10d624560;
    %load/vec4 v0x10d63c7f0_0;
    %flag_set/vec4 8;
    %jmp/0xz  T_11.0, 8;
    %load/vec4 v0x10d63c700_0;
    %pad/u 9;
    %ix/vec4 4;
    %load/vec4a v0x10d63c480, 4;
    %assign/vec4 v0x10d63c660_0, 0;
    %jmp T_11.1;
T_11.0 ;
    %pushi/vec4 0, 0, 8;
    %assign/vec4 v0x10d63c660_0, 0;
T_11.1 ;
    %load/vec4 v0x10d63c930_0;
    %flag_set/vec4 9;
    %flag_get/vec4 9;
    %jmp/0 T_11.4, 9;
    %load/vec4 v0x10d63c7f0_0;
    %nor/r;
    %and;
T_11.4;
    %flag_set/vec4 8;
    %jmp/0xz  T_11.2, 8;
    %load/vec4 v0x10d63c5b0_0;
    %load/vec4 v0x10d63c880_0;
    %pad/u 9;
    %ix/vec4 3;
    %ix/load 4, 0, 0; Constant delay
    %assign/vec4/a/d v0x10d63c480, 0, 4;
T_11.2 ;
    %jmp T_11;
    .thread T_11;
    .scope S_0x10d63ca80;
T_12 ;
    %wait E_0x10d624560;
    %load/vec4 v0x10d63d070_0;
    %flag_set/vec4 8;
    %jmp/0xz  T_12.0, 8;
    %load/vec4 v0x10d63cf80_0;
    %pad/u 9;
    %ix/vec4 4;
    %load/vec4a v0x10d63ccf0, 4;
    %assign/vec4 v0x10d63cee0_0, 0;
    %jmp T_12.1;
T_12.0 ;
    %pushi/vec4 0, 0, 8;
    %assign/vec4 v0x10d63cee0_0, 0;
T_12.1 ;
    %load/vec4 v0x10d63d1b0_0;
    %flag_set/vec4 9;
    %flag_get/vec4 9;
    %jmp/0 T_12.4, 9;
    %load/vec4 v0x10d63d070_0;
    %nor/r;
    %and;
T_12.4;
    %flag_set/vec4 8;
    %jmp/0xz  T_12.2, 8;
    %load/vec4 v0x10d63ce30_0;
    %load/vec4 v0x10d63d100_0;
    %pad/u 9;
    %ix/vec4 3;
    %ix/load 4, 0, 0; Constant delay
    %assign/vec4/a/d v0x10d63ccf0, 0, 4;
T_12.2 ;
    %jmp T_12;
    .thread T_12;
    .scope S_0x10d63d300;
T_13 ;
    %wait E_0x10d624560;
    %load/vec4 v0x10d63d8e0_0;
    %flag_set/vec4 8;
    %jmp/0xz  T_13.0, 8;
    %load/vec4 v0x10d63d7f0_0;
    %pad/u 9;
    %ix/vec4 4;
    %load/vec4a v0x10d63d570, 4;
    %assign/vec4 v0x10d63d750_0, 0;
    %jmp T_13.1;
T_13.0 ;
    %pushi/vec4 0, 0, 8;
    %assign/vec4 v0x10d63d750_0, 0;
T_13.1 ;
    %load/vec4 v0x10d63da20_0;
    %flag_set/vec4 9;
    %flag_get/vec4 9;
    %jmp/0 T_13.4, 9;
    %load/vec4 v0x10d63d8e0_0;
    %nor/r;
    %and;
T_13.4;
    %flag_set/vec4 8;
    %jmp/0xz  T_13.2, 8;
    %load/vec4 v0x10d63d6a0_0;
    %load/vec4 v0x10d63d970_0;
    %pad/u 9;
    %ix/vec4 3;
    %ix/load 4, 0, 0; Constant delay
    %assign/vec4/a/d v0x10d63d570, 0, 4;
T_13.2 ;
    %jmp T_13;
    .thread T_13;
    .scope S_0x10d63b6b0;
T_14 ;
    %wait E_0x10d624560;
    %load/vec4 v0x10d63e960_0;
    %parti/s 2, 7, 4;
    %assign/vec4 v0x10d63e9f0_0, 0;
    %jmp T_14;
    .thread T_14;
    .scope S_0x10d63ef60;
T_15 ;
    %wait E_0x10d624560;
    %load/vec4 v0x10d63f5b0_0;
    %flag_set/vec4 8;
    %jmp/0xz  T_15.0, 8;
    %load/vec4 v0x10d63f4c0_0;
    %pad/u 9;
    %ix/vec4 4;
    %load/vec4a v0x10d63f220, 4;
    %assign/vec4 v0x10d63f420_0, 0;
    %jmp T_15.1;
T_15.0 ;
    %pushi/vec4 0, 0, 8;
    %assign/vec4 v0x10d63f420_0, 0;
T_15.1 ;
    %load/vec4 v0x10d63f6f0_0;
    %flag_set/vec4 9;
    %flag_get/vec4 9;
    %jmp/0 T_15.4, 9;
    %load/vec4 v0x10d63f5b0_0;
    %nor/r;
    %and;
T_15.4;
    %flag_set/vec4 8;
    %jmp/0xz  T_15.2, 8;
    %load/vec4 v0x10d63f370_0;
    %load/vec4 v0x10d63f640_0;
    %pad/u 9;
    %ix/vec4 3;
    %ix/load 4, 0, 0; Constant delay
    %assign/vec4/a/d v0x10d63f220, 0, 4;
T_15.2 ;
    %jmp T_15;
    .thread T_15;
    .scope S_0x10d63f840;
T_16 ;
    %wait E_0x10d624560;
    %load/vec4 v0x10d640070_0;
    %flag_set/vec4 8;
    %jmp/0xz  T_16.0, 8;
    %load/vec4 v0x10d63ffe0_0;
    %pad/u 9;
    %ix/vec4 4;
    %load/vec4a v0x10d63fab0, 4;
    %assign/vec4 v0x10d63a090_0, 0;
    %jmp T_16.1;
T_16.0 ;
    %pushi/vec4 0, 0, 8;
    %assign/vec4 v0x10d63a090_0, 0;
T_16.1 ;
    %load/vec4 v0x10d640300_0;
    %flag_set/vec4 9;
    %flag_get/vec4 9;
    %jmp/0 T_16.4, 9;
    %load/vec4 v0x10d640070_0;
    %nor/r;
    %and;
T_16.4;
    %flag_set/vec4 8;
    %jmp/0xz  T_16.2, 8;
    %load/vec4 v0x10d639ee0_0;
    %load/vec4 v0x10d63a340_0;
    %pad/u 9;
    %ix/vec4 3;
    %ix/load 4, 0, 0; Constant delay
    %assign/vec4/a/d v0x10d63fab0, 0, 4;
T_16.2 ;
    %jmp T_16;
    .thread T_16;
    .scope S_0x10d6403b0;
T_17 ;
    %wait E_0x10d624560;
    %load/vec4 v0x10d6409a0_0;
    %flag_set/vec4 8;
    %jmp/0xz  T_17.0, 8;
    %load/vec4 v0x10d6408b0_0;
    %pad/u 9;
    %ix/vec4 4;
    %load/vec4a v0x10d640620, 4;
    %assign/vec4 v0x10d640810_0, 0;
    %jmp T_17.1;
T_17.0 ;
    %pushi/vec4 0, 0, 8;
    %assign/vec4 v0x10d640810_0, 0;
T_17.1 ;
    %load/vec4 v0x10d640ae0_0;
    %flag_set/vec4 9;
    %flag_get/vec4 9;
    %jmp/0 T_17.4, 9;
    %load/vec4 v0x10d6409a0_0;
    %nor/r;
    %and;
T_17.4;
    %flag_set/vec4 8;
    %jmp/0xz  T_17.2, 8;
    %load/vec4 v0x10d640760_0;
    %load/vec4 v0x10d640a30_0;
    %pad/u 9;
    %ix/vec4 3;
    %ix/load 4, 0, 0; Constant delay
    %assign/vec4/a/d v0x10d640620, 0, 4;
T_17.2 ;
    %jmp T_17;
    .thread T_17;
    .scope S_0x10d640c30;
T_18 ;
    %wait E_0x10d624560;
    %load/vec4 v0x10d641210_0;
    %flag_set/vec4 8;
    %jmp/0xz  T_18.0, 8;
    %load/vec4 v0x10d641120_0;
    %pad/u 9;
    %ix/vec4 4;
    %load/vec4a v0x10d640ea0, 4;
    %assign/vec4 v0x10d641080_0, 0;
    %jmp T_18.1;
T_18.0 ;
    %pushi/vec4 0, 0, 8;
    %assign/vec4 v0x10d641080_0, 0;
T_18.1 ;
    %load/vec4 v0x10d641350_0;
    %flag_set/vec4 9;
    %flag_get/vec4 9;
    %jmp/0 T_18.4, 9;
    %load/vec4 v0x10d641210_0;
    %nor/r;
    %and;
T_18.4;
    %flag_set/vec4 8;
    %jmp/0xz  T_18.2, 8;
    %load/vec4 v0x10d640fd0_0;
    %load/vec4 v0x10d6412a0_0;
    %pad/u 9;
    %ix/vec4 3;
    %ix/load 4, 0, 0; Constant delay
    %assign/vec4/a/d v0x10d640ea0, 0, 4;
T_18.2 ;
    %jmp T_18;
    .thread T_18;
    .scope S_0x10d63ecf0;
T_19 ;
    %wait E_0x10d624560;
    %load/vec4 v0x10d642290_0;
    %parti/s 2, 7, 4;
    %assign/vec4 v0x10d642320_0, 0;
    %jmp T_19;
    .thread T_19;
    .scope S_0x10d60d1f0;
T_20 ;
    %wait E_0x10d624560;
    %load/vec4 v0x10d643430_0;
    %parti/s 2, 9, 5;
    %assign/vec4 v0x10d6434c0_0, 0;
    %jmp T_20;
    .thread T_20;
    .scope S_0x10d6075a0;
T_21 ;
    %pushi/vec4 0, 0, 1;
    %store/vec4 v0x10d6437c0_0, 0, 1;
    %pushi/vec4 0, 0, 1;
    %store/vec4 v0x10d643a40_0, 0, 1;
    %pushi/vec4 1, 0, 1;
    %store/vec4 v0x10d643ba0_0, 0, 1;
    %pushi/vec4 0, 0, 11;
    %store/vec4 v0x10d643b10_0, 0, 11;
    %pushi/vec4 0, 0, 11;
    %store/vec4 v0x10d643990_0, 0, 11;
    %pushi/vec4 0, 0, 8;
    %store/vec4 v0x10d643860_0, 0, 8;
    %end;
    .thread T_21;
    .scope S_0x10d6075a0;
T_22 ;
    %delay 5000, 0;
    %load/vec4 v0x10d6437c0_0;
    %nor/r;
    %store/vec4 v0x10d6437c0_0, 0, 1;
    %jmp T_22;
    .thread T_22;
    .scope S_0x10d6075a0;
T_23 ;
    %vpi_call 2 15 "$dumpfile", "a3.vcd" {0 0 0};
    %vpi_call 2 16 "$dumpvars", 32'sb00000000000000000000000000000000, S_0x10d6075a0 {0 0 0};
    %end;
    .thread T_23;
    .scope S_0x10d6075a0;
T_24 ;
    %delay 10000, 0;
    %pushi/vec4 0, 0, 1;
    %store/vec4 v0x10d643a40_0, 0, 1;
    %delay 20000, 0;
    %pushi/vec4 1, 0, 1;
    %store/vec4 v0x10d643a40_0, 0, 1;
    %delay 50000, 0;
    %pushi/vec4 0, 0, 1;
    %store/vec4 v0x10d643a40_0, 0, 1;
    %delay 10000, 0;
    %vpi_call 2 23 "$finish" {0 0 0};
    %end;
    .thread T_24;
    .scope S_0x10d6075a0;
T_25 ;
    %delay 10000, 0;
    %pushi/vec4 1, 0, 1;
    %store/vec4 v0x10d643ba0_0, 0, 1;
    %delay 10000, 0;
    %pushi/vec4 0, 0, 1;
    %store/vec4 v0x10d643ba0_0, 0, 1;
    %delay 20000, 0;
    %pushi/vec4 1, 0, 1;
    %store/vec4 v0x10d643ba0_0, 0, 1;
    %delay 30000, 0;
    %pushi/vec4 0, 0, 1;
    %store/vec4 v0x10d643ba0_0, 0, 1;
    %end;
    .thread T_25;
    .scope S_0x10d6075a0;
T_26 ;
    %delay 30000, 0;
    %pushi/vec4 87, 0, 11;
    %store/vec4 v0x10d643990_0, 0, 11;
    %delay 20000, 0;
    %pushi/vec4 655, 0, 11;
    %store/vec4 v0x10d643990_0, 0, 11;
    %delay 10000, 0;
    %pushi/vec4 665, 0, 11;
    %store/vec4 v0x10d643990_0, 0, 11;
    %delay 10000, 0;
    %pushi/vec4 1919, 0, 11;
    %store/vec4 v0x10d643990_0, 0, 11;
    %end;
    .thread T_26;
    .scope S_0x10d6075a0;
T_27 ;
    %delay 10000, 0;
    %pushi/vec4 87, 0, 11;
    %store/vec4 v0x10d643b10_0, 0, 11;
    %delay 30000, 0;
    %pushi/vec4 655, 0, 11;
    %store/vec4 v0x10d643b10_0, 0, 11;
    %delay 10000, 0;
    %pushi/vec4 665, 0, 11;
    %store/vec4 v0x10d643b10_0, 0, 11;
    %delay 10000, 0;
    %pushi/vec4 1407, 0, 11;
    %store/vec4 v0x10d643b10_0, 0, 11;
    %end;
    .thread T_27;
    .scope S_0x10d6075a0;
T_28 ;
    %delay 10000, 0;
    %pushi/vec4 87, 0, 8;
    %store/vec4 v0x10d643860_0, 0, 8;
    %delay 30000, 0;
    %pushi/vec4 85, 0, 8;
    %store/vec4 v0x10d643860_0, 0, 8;
    %delay 10000, 0;
    %pushi/vec4 100, 0, 8;
    %store/vec4 v0x10d643860_0, 0, 8;
    %delay 10000, 0;
    %pushi/vec4 77, 0, 8;
    %store/vec4 v0x10d643860_0, 0, 8;
    %end;
    .thread T_28;
# The file index is used to find the file name in the following table.
:file_names 4;
    "N/A";
    "<interactive>";
    "a3_Multi_Bank_Memory_t.v";
    "./a3_Multi_Bank_Memory.v";
