#! /opt/homebrew/Cellar/icarus-verilog/12.0/bin/vvp
:ivl_version "12.0 (stable)";
:ivl_delay_selection "TYPICAL";
:vpi_time_precision - 12;
:vpi_module "/opt/homebrew/Cellar/icarus-verilog/12.0/lib/ivl/system.vpi";
:vpi_module "/opt/homebrew/Cellar/icarus-verilog/12.0/lib/ivl/vhdl_sys.vpi";
:vpi_module "/opt/homebrew/Cellar/icarus-verilog/12.0/lib/ivl/vhdl_textio.vpi";
:vpi_module "/opt/homebrew/Cellar/icarus-verilog/12.0/lib/ivl/v2005_math.vpi";
:vpi_module "/opt/homebrew/Cellar/icarus-verilog/12.0/lib/ivl/va_math.vpi";
S_0x11c6042b0 .scope module, "Many_To_One_LFSR_t" "Many_To_One_LFSR_t" 2 4;
 .timescale -9 -12;
P_0x11c604180 .param/l "cyc" 0 2 10, +C4<00000000000000000000000000001010>;
v0x11c614a60_0 .var "clk", 0 0;
v0x11c614b00_0 .net "out", 7 0, v0x11c6148b0_0;  1 drivers
v0x11c614bb0_0 .var "rst_n", 0 0;
E_0x11c604460 .event negedge, v0x11c604800_0;
S_0x11c604510 .scope module, "m21lfsr" "Many_To_One_LFSR" 2 15, 3 3 0, S_0x11c6042b0;
 .timescale -9 -12;
    .port_info 0 /INPUT 1 "clk";
    .port_info 1 /INPUT 1 "rst_n";
    .port_info 2 /OUTPUT 8 "out";
P_0x11c6046d0 .param/l "S0" 0 3 8, C4<10111101>;
v0x11c604800_0 .net "clk", 0 0, v0x11c614a60_0;  1 drivers
v0x11c6148b0_0 .var "out", 7 0;
v0x11c614960_0 .net "rst_n", 0 0, v0x11c614bb0_0;  1 drivers
E_0x11c6047a0 .event posedge, v0x11c604800_0;
    .scope S_0x11c604510;
T_0 ;
    %wait E_0x11c6047a0;
    %load/vec4 v0x11c614960_0;
    %nor/r;
    %flag_set/vec4 8;
    %jmp/0xz  T_0.0, 8;
    %pushi/vec4 189, 0, 8;
    %assign/vec4 v0x11c6148b0_0, 0;
    %jmp T_0.1;
T_0.0 ;
    %load/vec4 v0x11c6148b0_0;
    %parti/s 1, 6, 4;
    %ix/load 4, 7, 0;
    %ix/load 5, 0, 0;
    %flag_set/imm 4, 0;
    %assign/vec4/off/d v0x11c6148b0_0, 4, 5;
    %load/vec4 v0x11c6148b0_0;
    %parti/s 1, 5, 4;
    %ix/load 4, 6, 0;
    %ix/load 5, 0, 0;
    %flag_set/imm 4, 0;
    %assign/vec4/off/d v0x11c6148b0_0, 4, 5;
    %load/vec4 v0x11c6148b0_0;
    %parti/s 1, 4, 4;
    %ix/load 4, 5, 0;
    %ix/load 5, 0, 0;
    %flag_set/imm 4, 0;
    %assign/vec4/off/d v0x11c6148b0_0, 4, 5;
    %load/vec4 v0x11c6148b0_0;
    %parti/s 1, 3, 3;
    %ix/load 4, 4, 0;
    %ix/load 5, 0, 0;
    %flag_set/imm 4, 0;
    %assign/vec4/off/d v0x11c6148b0_0, 4, 5;
    %load/vec4 v0x11c6148b0_0;
    %parti/s 1, 2, 3;
    %ix/load 4, 3, 0;
    %ix/load 5, 0, 0;
    %flag_set/imm 4, 0;
    %assign/vec4/off/d v0x11c6148b0_0, 4, 5;
    %load/vec4 v0x11c6148b0_0;
    %parti/s 1, 1, 2;
    %ix/load 4, 2, 0;
    %ix/load 5, 0, 0;
    %flag_set/imm 4, 0;
    %assign/vec4/off/d v0x11c6148b0_0, 4, 5;
    %load/vec4 v0x11c6148b0_0;
    %parti/s 1, 0, 2;
    %ix/load 4, 1, 0;
    %ix/load 5, 0, 0;
    %flag_set/imm 4, 0;
    %assign/vec4/off/d v0x11c6148b0_0, 4, 5;
    %load/vec4 v0x11c6148b0_0;
    %parti/s 1, 1, 2;
    %load/vec4 v0x11c6148b0_0;
    %parti/s 1, 2, 3;
    %xor;
    %load/vec4 v0x11c6148b0_0;
    %parti/s 1, 3, 3;
    %load/vec4 v0x11c6148b0_0;
    %parti/s 1, 7, 4;
    %xor;
    %xor;
    %ix/load 4, 0, 0;
    %ix/load 5, 0, 0;
    %flag_set/imm 4, 0;
    %assign/vec4/off/d v0x11c6148b0_0, 4, 5;
T_0.1 ;
    %jmp T_0;
    .thread T_0;
    .scope S_0x11c6042b0;
T_1 ;
    %pushi/vec4 0, 0, 1;
    %store/vec4 v0x11c614a60_0, 0, 1;
    %pushi/vec4 1, 0, 1;
    %store/vec4 v0x11c614bb0_0, 0, 1;
    %end;
    .thread T_1;
    .scope S_0x11c6042b0;
T_2 ;
    %delay 5000, 0;
    %load/vec4 v0x11c614a60_0;
    %nor/r;
    %store/vec4 v0x11c614a60_0, 0, 1;
    %jmp T_2;
    .thread T_2;
    .scope S_0x11c6042b0;
T_3 ;
    %wait E_0x11c604460;
    %pushi/vec4 0, 0, 1;
    %store/vec4 v0x11c614bb0_0, 0, 1;
    %wait E_0x11c604460;
    %pushi/vec4 1, 0, 1;
    %store/vec4 v0x11c614bb0_0, 0, 1;
    %vpi_call 2 32 "$display", "out: %b", v0x11c614b00_0 {0 0 0};
    %pushi/vec4 16, 0, 32;
T_3.0 %dup/vec4;
    %pushi/vec4 0, 0, 32;
    %cmp/s;
    %jmp/1xz T_3.1, 5;
    %jmp/1 T_3.1, 4;
    %pushi/vec4 1, 0, 32;
    %sub;
    %delay 10000, 0;
    %vpi_call 2 35 "$display", "out: %b", v0x11c614b00_0 {0 0 0};
    %jmp T_3.0;
T_3.1 ;
    %pop/vec4 1;
    %vpi_call 2 37 "$finish" {0 0 0};
    %end;
    .thread T_3;
    .scope S_0x11c6042b0;
T_4 ;
    %vpi_call 2 41 "$dumpfile", "b3.vcd" {0 0 0};
    %vpi_call 2 42 "$dumpvars", 32'sb00000000000000000000000000000000, S_0x11c6042b0 {0 0 0};
    %end;
    .thread T_4;
# The file index is used to find the file name in the following table.
:file_names 4;
    "N/A";
    "<interactive>";
    "b3_Many_To_One_LFSR_t.v";
    "./b3_Many_To_One_LFSR.v";
