#! /c/Source/iverilog-install/bin/vvp
:ivl_version "12.0 (devel)" "(s20150603-1110-g18392a46)";
:ivl_delay_selection "TYPICAL";
:vpi_time_precision - 12;
:vpi_module "C:\iverilog\lib\ivl\system.vpi";
:vpi_module "C:\iverilog\lib\ivl\vhdl_sys.vpi";
:vpi_module "C:\iverilog\lib\ivl\vhdl_textio.vpi";
:vpi_module "C:\iverilog\lib\ivl\v2005_math.vpi";
:vpi_module "C:\iverilog\lib\ivl\va_math.vpi";
S_000001c002c3bb40 .scope module, "One_To_Many_LFSR_t" "One_To_Many_LFSR_t" 2 4;
 .timescale -9 -12;
P_000001c002c3a540 .param/l "cyc" 0 2 10, +C4<00000000000000000000000000001010>;
v000001c002c3bf00_0 .var "clk", 0 0;
v000001c002b227b0_0 .net "out", 7 0, v000001c002c3dab0_0;  1 drivers
v000001c002b22850_0 .var "rst_n", 0 0;
E_000001c002c3a5c0 .event negedge, v000001c002c3b7c0_0;
S_000001c002c3bcd0 .scope module, "one2mlfsr" "One_TO_Many_LFSR" 2 15, 3 3 0, S_000001c002c3bb40;
 .timescale -9 -12;
    .port_info 0 /INPUT 1 "clk";
    .port_info 1 /INPUT 1 "rst_n";
    .port_info 2 /OUTPUT 8 "out";
P_000001c002c3b340 .param/l "S0" 0 3 8, C4<10111101>;
v000001c002c3b7c0_0 .net "clk", 0 0, v000001c002c3bf00_0;  1 drivers
v000001c002c3dab0_0 .var "out", 7 0;
v000001c002c3be60_0 .net "rst_n", 0 0, v000001c002b22850_0;  1 drivers
E_000001c002c3ad80 .event posedge, v000001c002c3b7c0_0;
    .scope S_000001c002c3bcd0;
T_0 ;
    %wait E_000001c002c3ad80;
    %load/vec4 v000001c002c3be60_0;
    %nor/r;
    %flag_set/vec4 8;
    %jmp/0xz  T_0.0, 8;
    %pushi/vec4 189, 0, 8;
    %assign/vec4 v000001c002c3dab0_0, 0;
    %jmp T_0.1;
T_0.0 ;
    %load/vec4 v000001c002c3dab0_0;
    %parti/s 1, 6, 4;
    %ix/load 4, 7, 0;
    %ix/load 5, 0, 0;
    %flag_set/imm 4, 0;
    %assign/vec4/off/d v000001c002c3dab0_0, 4, 5;
    %load/vec4 v000001c002c3dab0_0;
    %parti/s 1, 5, 4;
    %ix/load 4, 6, 0;
    %ix/load 5, 0, 0;
    %flag_set/imm 4, 0;
    %assign/vec4/off/d v000001c002c3dab0_0, 4, 5;
    %load/vec4 v000001c002c3dab0_0;
    %parti/s 1, 4, 4;
    %ix/load 4, 5, 0;
    %ix/load 5, 0, 0;
    %flag_set/imm 4, 0;
    %assign/vec4/off/d v000001c002c3dab0_0, 4, 5;
    %load/vec4 v000001c002c3dab0_0;
    %parti/s 1, 3, 3;
    %load/vec4 v000001c002c3dab0_0;
    %parti/s 1, 7, 4;
    %xor;
    %ix/load 4, 4, 0;
    %ix/load 5, 0, 0;
    %flag_set/imm 4, 0;
    %assign/vec4/off/d v000001c002c3dab0_0, 4, 5;
    %load/vec4 v000001c002c3dab0_0;
    %parti/s 1, 2, 3;
    %load/vec4 v000001c002c3dab0_0;
    %parti/s 1, 7, 4;
    %xor;
    %ix/load 4, 3, 0;
    %ix/load 5, 0, 0;
    %flag_set/imm 4, 0;
    %assign/vec4/off/d v000001c002c3dab0_0, 4, 5;
    %load/vec4 v000001c002c3dab0_0;
    %parti/s 1, 1, 2;
    %load/vec4 v000001c002c3dab0_0;
    %parti/s 1, 7, 4;
    %xor;
    %ix/load 4, 2, 0;
    %ix/load 5, 0, 0;
    %flag_set/imm 4, 0;
    %assign/vec4/off/d v000001c002c3dab0_0, 4, 5;
    %load/vec4 v000001c002c3dab0_0;
    %parti/s 1, 0, 2;
    %ix/load 4, 1, 0;
    %ix/load 5, 0, 0;
    %flag_set/imm 4, 0;
    %assign/vec4/off/d v000001c002c3dab0_0, 4, 5;
    %load/vec4 v000001c002c3dab0_0;
    %parti/s 1, 7, 4;
    %ix/load 4, 0, 0;
    %ix/load 5, 0, 0;
    %flag_set/imm 4, 0;
    %assign/vec4/off/d v000001c002c3dab0_0, 4, 5;
T_0.1 ;
    %jmp T_0;
    .thread T_0;
    .scope S_000001c002c3bb40;
T_1 ;
    %pushi/vec4 0, 0, 1;
    %store/vec4 v000001c002c3bf00_0, 0, 1;
    %pushi/vec4 1, 0, 1;
    %store/vec4 v000001c002b22850_0, 0, 1;
    %end;
    .thread T_1;
    .scope S_000001c002c3bb40;
T_2 ;
    %delay 5000, 0;
    %load/vec4 v000001c002c3bf00_0;
    %nor/r;
    %store/vec4 v000001c002c3bf00_0, 0, 1;
    %jmp T_2;
    .thread T_2;
    .scope S_000001c002c3bb40;
T_3 ;
    %vpi_call 2 22 "$dumpfile", "One_To_Many_LFSR_t.vcd" {0 0 0};
    %vpi_call 2 23 "$dumpvars", 32'sb00000000000000000000000000000000, S_000001c002c3bb40 {0 0 0};
    %end;
    .thread T_3;
    .scope S_000001c002c3bb40;
T_4 ;
    %wait E_000001c002c3a5c0;
    %pushi/vec4 0, 0, 1;
    %store/vec4 v000001c002b22850_0, 0, 1;
    %wait E_000001c002c3a5c0;
    %pushi/vec4 1, 0, 1;
    %store/vec4 v000001c002b22850_0, 0, 1;
    %delay 160000, 0;
    %vpi_call 2 32 "$finish" {0 0 0};
    %end;
    .thread T_4;
# The file index is used to find the file name in the following table.
:file_names 4;
    "N/A";
    "<interactive>";
    "One_To_Many_LFSR_t.v";
    "./Lab4_One_To_Many_LFSR.v";
