#! /c/Source/iverilog-install/bin/vvp
:ivl_version "12.0 (devel)" "(s20150603-1110-g18392a46)";
:ivl_delay_selection "TYPICAL";
:vpi_time_precision - 12;
:vpi_module "C:\iverilog\lib\ivl\system.vpi";
:vpi_module "C:\iverilog\lib\ivl\vhdl_sys.vpi";
:vpi_module "C:\iverilog\lib\ivl\vhdl_textio.vpi";
:vpi_module "C:\iverilog\lib\ivl\v2005_math.vpi";
:vpi_module "C:\iverilog\lib\ivl\va_math.vpi";
S_000001b9dc31be30 .scope module, "Sliding_Window_Sequence_Detector_t" "Sliding_Window_Sequence_Detector_t" 2 4;
 .timescale -9 -12;
v000001b9dc3c18f0_0 .var "clk", 0 0;
v000001b9dc3c1990_0 .net "dec", 0 0, v000001b9dc359580_0;  1 drivers
v000001b9dc3c1a30_0 .var "in", 0 0;
v000001b9dc3c1ad0_0 .var "rst_n", 0 0;
S_000001b9dc3697e0 .scope module, "SWSD" "Sliding_Window_Sequence_Detector" 2 7, 3 3 0, S_000001b9dc31be30;
 .timescale -9 -12;
    .port_info 0 /INPUT 1 "clk";
    .port_info 1 /INPUT 1 "rst_n";
    .port_info 2 /INPUT 1 "in";
    .port_info 3 /OUTPUT 1 "dec";
P_000001b9dc369970 .param/l "S0" 0 3 9, C4<00000000>;
P_000001b9dc3699a8 .param/l "S1" 0 3 10, C4<00000001>;
P_000001b9dc3699e0 .param/l "S2" 0 3 11, C4<00000011>;
P_000001b9dc369a18 .param/l "S3" 0 3 12, C4<00000111>;
P_000001b9dc369a50 .param/l "S4" 0 3 13, C4<00001110>;
P_000001b9dc369a88 .param/l "S5" 0 3 14, C4<00011100>;
P_000001b9dc369ac0 .param/l "S6" 0 3 15, C4<00111001>;
P_000001b9dc369af8 .param/l "S7" 0 3 17, C4<01110010>;
P_000001b9dc369b30 .param/l "S8" 0 3 18, C4<01110011>;
v000001b9dc31bcf0_0 .net "clk", 0 0, v000001b9dc3c18f0_0;  1 drivers
v000001b9dc359580_0 .var "dec", 0 0;
v000001b9dc332bd0_0 .net "in", 0 0, v000001b9dc3c1a30_0;  1 drivers
v000001b9dc369b70_0 .var "next_state", 7 0;
v000001b9dc369c10_0 .net "rst_n", 0 0, v000001b9dc3c1ad0_0;  1 drivers
v000001b9dc3c1850_0 .var "state", 7 0;
E_000001b9dc319d00 .event anyedge, v000001b9dc3c1850_0, v000001b9dc332bd0_0;
E_000001b9dc319900 .event posedge, v000001b9dc31bcf0_0;
    .scope S_000001b9dc3697e0;
T_0 ;
    %pushi/vec4 0, 0, 8;
    %store/vec4 v000001b9dc369b70_0, 0, 8;
    %end;
    .thread T_0;
    .scope S_000001b9dc3697e0;
T_1 ;
    %wait E_000001b9dc319900;
    %load/vec4 v000001b9dc369c10_0;
    %nor/r;
    %flag_set/vec4 8;
    %jmp/0xz  T_1.0, 8;
    %pushi/vec4 0, 0, 8;
    %assign/vec4 v000001b9dc3c1850_0, 0;
    %jmp T_1.1;
T_1.0 ;
    %load/vec4 v000001b9dc369b70_0;
    %assign/vec4 v000001b9dc3c1850_0, 0;
T_1.1 ;
    %jmp T_1;
    .thread T_1;
    .scope S_000001b9dc3697e0;
T_2 ;
    %wait E_000001b9dc319d00;
    %load/vec4 v000001b9dc3c1850_0;
    %dup/vec4;
    %pushi/vec4 0, 0, 8;
    %cmp/u;
    %jmp/1 T_2.0, 6;
    %dup/vec4;
    %pushi/vec4 1, 0, 8;
    %cmp/u;
    %jmp/1 T_2.1, 6;
    %dup/vec4;
    %pushi/vec4 3, 0, 8;
    %cmp/u;
    %jmp/1 T_2.2, 6;
    %dup/vec4;
    %pushi/vec4 7, 0, 8;
    %cmp/u;
    %jmp/1 T_2.3, 6;
    %dup/vec4;
    %pushi/vec4 14, 0, 8;
    %cmp/u;
    %jmp/1 T_2.4, 6;
    %dup/vec4;
    %pushi/vec4 28, 0, 8;
    %cmp/u;
    %jmp/1 T_2.5, 6;
    %dup/vec4;
    %pushi/vec4 57, 0, 8;
    %cmp/u;
    %jmp/1 T_2.6, 6;
    %dup/vec4;
    %pushi/vec4 114, 0, 8;
    %cmp/u;
    %jmp/1 T_2.7, 6;
    %load/vec4 v000001b9dc332bd0_0;
    %flag_set/vec4 8;
    %jmp/0xz  T_2.10, 8;
    %pushi/vec4 7, 0, 8;
    %store/vec4 v000001b9dc369b70_0, 0, 8;
    %jmp T_2.11;
T_2.10 ;
    %pushi/vec4 0, 0, 8;
    %store/vec4 v000001b9dc369b70_0, 0, 8;
T_2.11 ;
    %jmp T_2.9;
T_2.0 ;
    %load/vec4 v000001b9dc332bd0_0;
    %flag_set/vec4 8;
    %jmp/0xz  T_2.12, 8;
    %pushi/vec4 1, 0, 8;
    %store/vec4 v000001b9dc369b70_0, 0, 8;
    %jmp T_2.13;
T_2.12 ;
    %pushi/vec4 0, 0, 8;
    %store/vec4 v000001b9dc369b70_0, 0, 8;
T_2.13 ;
    %jmp T_2.9;
T_2.1 ;
    %load/vec4 v000001b9dc332bd0_0;
    %flag_set/vec4 8;
    %jmp/0xz  T_2.14, 8;
    %pushi/vec4 3, 0, 8;
    %store/vec4 v000001b9dc369b70_0, 0, 8;
    %jmp T_2.15;
T_2.14 ;
    %pushi/vec4 1, 0, 8;
    %store/vec4 v000001b9dc369b70_0, 0, 8;
T_2.15 ;
    %jmp T_2.9;
T_2.2 ;
    %load/vec4 v000001b9dc332bd0_0;
    %flag_set/vec4 8;
    %jmp/0xz  T_2.16, 8;
    %pushi/vec4 7, 0, 8;
    %store/vec4 v000001b9dc369b70_0, 0, 8;
    %jmp T_2.17;
T_2.16 ;
    %pushi/vec4 0, 0, 8;
    %store/vec4 v000001b9dc369b70_0, 0, 8;
T_2.17 ;
    %jmp T_2.9;
T_2.3 ;
    %load/vec4 v000001b9dc332bd0_0;
    %flag_set/vec4 8;
    %jmp/0xz  T_2.18, 8;
    %pushi/vec4 7, 0, 8;
    %store/vec4 v000001b9dc369b70_0, 0, 8;
    %jmp T_2.19;
T_2.18 ;
    %pushi/vec4 14, 0, 8;
    %store/vec4 v000001b9dc369b70_0, 0, 8;
T_2.19 ;
    %jmp T_2.9;
T_2.4 ;
    %load/vec4 v000001b9dc332bd0_0;
    %flag_set/vec4 8;
    %jmp/0xz  T_2.20, 8;
    %pushi/vec4 1, 0, 8;
    %store/vec4 v000001b9dc369b70_0, 0, 8;
    %jmp T_2.21;
T_2.20 ;
    %pushi/vec4 28, 0, 8;
    %store/vec4 v000001b9dc369b70_0, 0, 8;
T_2.21 ;
    %jmp T_2.9;
T_2.5 ;
    %load/vec4 v000001b9dc332bd0_0;
    %flag_set/vec4 8;
    %jmp/0xz  T_2.22, 8;
    %pushi/vec4 57, 0, 8;
    %store/vec4 v000001b9dc369b70_0, 0, 8;
    %jmp T_2.23;
T_2.22 ;
    %pushi/vec4 0, 0, 8;
    %store/vec4 v000001b9dc369b70_0, 0, 8;
T_2.23 ;
    %jmp T_2.9;
T_2.6 ;
    %load/vec4 v000001b9dc332bd0_0;
    %flag_set/vec4 8;
    %jmp/0xz  T_2.24, 8;
    %pushi/vec4 115, 0, 8;
    %store/vec4 v000001b9dc369b70_0, 0, 8;
    %jmp T_2.25;
T_2.24 ;
    %pushi/vec4 114, 0, 8;
    %store/vec4 v000001b9dc369b70_0, 0, 8;
T_2.25 ;
    %jmp T_2.9;
T_2.7 ;
    %load/vec4 v000001b9dc332bd0_0;
    %flag_set/vec4 8;
    %jmp/0xz  T_2.26, 8;
    %pushi/vec4 57, 0, 8;
    %store/vec4 v000001b9dc369b70_0, 0, 8;
    %jmp T_2.27;
T_2.26 ;
    %pushi/vec4 0, 0, 8;
    %store/vec4 v000001b9dc369b70_0, 0, 8;
T_2.27 ;
    %jmp T_2.9;
T_2.9 ;
    %pop/vec4 1;
    %jmp T_2;
    .thread T_2, $push;
    .scope S_000001b9dc3697e0;
T_3 ;
    %wait E_000001b9dc319d00;
    %load/vec4 v000001b9dc3c1850_0;
    %dup/vec4;
    %pushi/vec4 115, 0, 8;
    %cmp/u;
    %jmp/1 T_3.0, 6;
    %pushi/vec4 0, 0, 1;
    %assign/vec4 v000001b9dc359580_0, 0;
    %jmp T_3.2;
T_3.0 ;
    %load/vec4 v000001b9dc332bd0_0;
    %flag_set/vec4 8;
    %jmp/0xz  T_3.3, 8;
    %pushi/vec4 1, 0, 1;
    %assign/vec4 v000001b9dc359580_0, 0;
    %jmp T_3.4;
T_3.3 ;
    %pushi/vec4 0, 0, 1;
    %assign/vec4 v000001b9dc359580_0, 0;
T_3.4 ;
    %jmp T_3.2;
T_3.2 ;
    %pop/vec4 1;
    %jmp T_3;
    .thread T_3, $push;
    .scope S_000001b9dc31be30;
T_4 ;
    %pushi/vec4 0, 0, 1;
    %store/vec4 v000001b9dc3c18f0_0, 0, 1;
    %pushi/vec4 0, 0, 1;
    %store/vec4 v000001b9dc3c1ad0_0, 0, 1;
    %pushi/vec4 0, 0, 1;
    %store/vec4 v000001b9dc3c1a30_0, 0, 1;
    %end;
    .thread T_4;
    .scope S_000001b9dc31be30;
T_5 ;
    %delay 5000, 0;
    %load/vec4 v000001b9dc3c18f0_0;
    %inv;
    %store/vec4 v000001b9dc3c18f0_0, 0, 1;
    %jmp T_5;
    .thread T_5;
    .scope S_000001b9dc31be30;
T_6 ;
    %delay 10000, 0;
    %pushi/vec4 1, 0, 1;
    %store/vec4 v000001b9dc3c1ad0_0, 0, 1;
    %end;
    .thread T_6;
    .scope S_000001b9dc31be30;
T_7 ;
    %delay 10000, 0;
    %pushi/vec4 1, 0, 1;
    %store/vec4 v000001b9dc3c1a30_0, 0, 1;
    %delay 30000, 0;
    %pushi/vec4 0, 0, 1;
    %store/vec4 v000001b9dc3c1a30_0, 0, 1;
    %delay 20000, 0;
    %pushi/vec4 1, 0, 1;
    %store/vec4 v000001b9dc3c1a30_0, 0, 1;
    %delay 40000, 0;
    %pushi/vec4 0, 0, 1;
    %store/vec4 v000001b9dc3c1a30_0, 0, 1;
    %delay 20000, 0;
    %pushi/vec4 1, 0, 1;
    %store/vec4 v000001b9dc3c1a30_0, 0, 1;
    %delay 10000, 0;
    %pushi/vec4 0, 0, 1;
    %store/vec4 v000001b9dc3c1a30_0, 0, 1;
    %delay 10000, 0;
    %pushi/vec4 1, 0, 1;
    %store/vec4 v000001b9dc3c1a30_0, 0, 1;
    %delay 30000, 0;
    %pushi/vec4 0, 0, 1;
    %store/vec4 v000001b9dc3c1a30_0, 0, 1;
    %delay 30000, 0;
    %pushi/vec4 1, 0, 1;
    %store/vec4 v000001b9dc3c1a30_0, 0, 1;
    %delay 30000, 0;
    %pushi/vec4 0, 0, 1;
    %store/vec4 v000001b9dc3c1a30_0, 0, 1;
    %delay 10000, 0;
    %pushi/vec4 1, 0, 1;
    %store/vec4 v000001b9dc3c1a30_0, 0, 1;
    %delay 30000, 0;
    %pushi/vec4 0, 0, 1;
    %store/vec4 v000001b9dc3c1a30_0, 0, 1;
    %delay 20000, 0;
    %pushi/vec4 1, 0, 1;
    %store/vec4 v000001b9dc3c1a30_0, 0, 1;
    %delay 10000, 0;
    %pushi/vec4 0, 0, 1;
    %store/vec4 v000001b9dc3c1a30_0, 0, 1;
    %delay 50000, 0;
    %vpi_call 2 30 "$finish" {0 0 0};
    %end;
    .thread T_7;
    .scope S_000001b9dc31be30;
T_8 ;
    %vpi_call 2 34 "$dumpfile", "Sliding_Window_Sequence_Detector_t.vcd" {0 0 0};
    %vpi_call 2 35 "$dumpvars", 32'sb00000000000000000000000000000000, S_000001b9dc31be30 {0 0 0};
    %end;
    .thread T_8;
# The file index is used to find the file name in the following table.
:file_names 4;
    "N/A";
    "<interactive>";
    "Lab5_Team1_Sliding_Window_Sequence_Detector_t.v";
    "./Lab5_Team1_Sliding_Window_Sequence_Detector.v";
