#! /c/Source/iverilog-install/bin/vvp
:ivl_version "12.0 (devel)" "(s20150603-1110-g18392a46)";
:ivl_delay_selection "TYPICAL";
:vpi_time_precision - 12;
:vpi_module "C:\iverilog\lib\ivl\system.vpi";
:vpi_module "C:\iverilog\lib\ivl\vhdl_sys.vpi";
:vpi_module "C:\iverilog\lib\ivl\vhdl_textio.vpi";
:vpi_module "C:\iverilog\lib\ivl\v2005_math.vpi";
:vpi_module "C:\iverilog\lib\ivl\va_math.vpi";
S_00000216deddaeb0 .scope module, "Booth_Multiplier_4bit" "Booth_Multiplier_4bit" 2 3;
 .timescale -9 -12;
    .port_info 0 /INPUT 1 "clk";
    .port_info 1 /INPUT 1 "rst_n";
    .port_info 2 /INPUT 1 "start";
    .port_info 3 /INPUT 4 "a";
    .port_info 4 /INPUT 4 "b";
    .port_info 5 /OUTPUT 8 "p";
P_00000216deddb040 .param/l "CAL" 0 2 15, C4<010>;
P_00000216deddb078 .param/l "FINISH" 0 2 16, C4<100>;
P_00000216deddb0b0 .param/l "WAIT" 0 2 14, C4<001>;
L_00000216dee37c28 .functor BUFT 1, C4<010>, C4<0>, C4<0>, C4<0>;
v00000216dee36ee0_0 .net/2u *"_ivl_0", 2 0, L_00000216dee37c28;  1 drivers
o00000216dede60f8 .functor BUFZ 4, C4<zzzz>; HiZ drive
v00000216dee36f80_0 .net/s "a", 3 0, o00000216dede60f8;  0 drivers
o00000216dede6128 .functor BUFZ 4, C4<zzzz>; HiZ drive
v00000216dee370c0_0 .net/s "b", 3 0, o00000216dede6128;  0 drivers
o00000216dede6158 .functor BUFZ 1, C4<z>; HiZ drive
v00000216dee36da0_0 .net "clk", 0 0, o00000216dede6158;  0 drivers
v00000216dee37520_0 .var "cnt_CAL", 2 0;
v00000216dee37020_0 .var "cnt_FIN", 2 0;
v00000216dee36c60_0 .var "next_state", 2 0;
v00000216dee37160_0 .net/s "out", 7 0, L_00000216dee37200;  1 drivers
v00000216dee37480_0 .var/s "p", 7 0;
o00000216dede63f8 .functor BUFZ 1, C4<z>; HiZ drive
v00000216dee37700_0 .net "rst_n", 0 0, o00000216dede63f8;  0 drivers
o00000216dede6428 .functor BUFZ 1, C4<z>; HiZ drive
v00000216dee37ac0_0 .net "start", 0 0, o00000216dede6428;  0 drivers
v00000216dee377a0_0 .var "state", 2 0;
E_00000216deefa620 .event anyedge, v00000216dee377a0_0, v00000216dee37020_0, v00000216dee375c0_0, v00000216dee37480_0;
E_00000216deefa6a0 .event anyedge, v00000216dee377a0_0, v00000216dee37ac0_0, v00000216dee37520_0, v00000216dee37020_0;
L_00000216dee37340 .cmp/eq 3, v00000216dee377a0_0, L_00000216dee37c28;
S_00000216deddb0f0 .scope module, "BM" "booth_MUL" 2 18, 2 59 0, S_00000216deddaeb0;
 .timescale -9 -12;
    .port_info 0 /INPUT 1 "clk";
    .port_info 1 /INPUT 1 "rst_n";
    .port_info 2 /INPUT 4 "a";
    .port_info 3 /INPUT 4 "b";
    .port_info 4 /OUTPUT 8 "p";
v00000216dedc8e00_0 .var "A", 9 0;
v00000216deddb280_0 .net "ADD", 9 0, L_00000216dee372a0;  1 drivers
v00000216deda2b20_0 .var "P", 9 0;
v00000216dee36850_0 .var "S", 9 0;
v00000216dee368f0_0 .net "SUB", 9 0, L_00000216dee36e40;  1 drivers
v00000216dee36990_0 .net *"_ivl_1", 7 0, L_00000216dee37980;  1 drivers
v00000216dee36a30_0 .net "a", 3 0, o00000216dede60f8;  alias, 0 drivers
v00000216dee36ad0_0 .net "b", 3 0, o00000216dede6128;  alias, 0 drivers
v00000216dee36b70_0 .net "clk", 0 0, o00000216dede6158;  alias, 0 drivers
v00000216dee37660_0 .var "cnt", 2 0;
v00000216dee375c0_0 .net "p", 7 0, L_00000216dee37200;  alias, 1 drivers
v00000216dee36d00_0 .net "rst_n", 0 0, L_00000216dee37340;  1 drivers
E_00000216deefaaa0 .event posedge, v00000216dee36b70_0;
L_00000216dee37980 .part v00000216deda2b20_0, 1, 8;
L_00000216dee37200 .concat [ 8 0 0 0], L_00000216dee37980;
L_00000216dee372a0 .arith/sum 10, v00000216deda2b20_0, v00000216dedc8e00_0;
L_00000216dee36e40 .arith/sum 10, v00000216deda2b20_0, v00000216dee36850_0;
    .scope S_00000216deddb0f0;
T_0 ;
    %wait E_00000216deefaaa0;
    %load/vec4 v00000216dee36d00_0;
    %nor/r;
    %flag_set/vec4 8;
    %jmp/0xz  T_0.0, 8;
    %load/vec4 v00000216dee36a30_0;
    %parti/s 1, 3, 3;
    %load/vec4 v00000216dee36a30_0;
    %concat/vec4; draw_concat_vec4
    %concati/vec4 0, 0, 5;
    %assign/vec4 v00000216dedc8e00_0, 0;
    %load/vec4 v00000216dee36a30_0;
    %cmpi/e 8, 0, 4;
    %jmp/0xz  T_0.2, 4;
    %pushi/vec4 256, 0, 10;
    %assign/vec4 v00000216dee36850_0, 0;
    %jmp T_0.3;
T_0.2 ;
    %load/vec4 v00000216dee36a30_0;
    %parti/s 1, 3, 3;
    %inv;
    %load/vec4 v00000216dee36a30_0;
    %inv;
    %pushi/vec4 1, 0, 4;
    %add;
    %concat/vec4; draw_concat_vec4
    %concati/vec4 0, 0, 5;
    %assign/vec4 v00000216dee36850_0, 0;
T_0.3 ;
    %pushi/vec4 0, 0, 5;
    %load/vec4 v00000216dee36ad0_0;
    %concat/vec4; draw_concat_vec4
    %concati/vec4 0, 0, 1;
    %assign/vec4 v00000216deda2b20_0, 0;
    %pushi/vec4 4, 0, 3;
    %assign/vec4 v00000216dee37660_0, 0;
    %jmp T_0.1;
T_0.0 ;
    %load/vec4 v00000216deda2b20_0;
    %parti/s 1, 1, 2;
    %load/vec4 v00000216deda2b20_0;
    %parti/s 1, 0, 2;
    %concat/vec4; draw_concat_vec4
    %dup/vec4;
    %pushi/vec4 1, 0, 2;
    %cmp/u;
    %jmp/1 T_0.4, 6;
    %dup/vec4;
    %pushi/vec4 2, 0, 2;
    %cmp/u;
    %jmp/1 T_0.5, 6;
    %load/vec4 v00000216dedc8e00_0;
    %assign/vec4 v00000216dedc8e00_0, 0;
    %load/vec4 v00000216dee36850_0;
    %assign/vec4 v00000216dee36850_0, 0;
    %load/vec4 v00000216deda2b20_0;
    %parti/s 1, 9, 5;
    %load/vec4 v00000216deda2b20_0;
    %parti/s 9, 1, 2;
    %concat/vec4; draw_concat_vec4
    %assign/vec4 v00000216deda2b20_0, 0;
    %load/vec4 v00000216dee37660_0;
    %subi 1, 0, 3;
    %assign/vec4 v00000216dee37660_0, 0;
    %jmp T_0.7;
T_0.4 ;
    %load/vec4 v00000216dedc8e00_0;
    %assign/vec4 v00000216dedc8e00_0, 0;
    %load/vec4 v00000216dee36850_0;
    %assign/vec4 v00000216dee36850_0, 0;
    %load/vec4 v00000216deddb280_0;
    %parti/s 1, 9, 5;
    %load/vec4 v00000216deddb280_0;
    %parti/s 9, 1, 2;
    %concat/vec4; draw_concat_vec4
    %assign/vec4 v00000216deda2b20_0, 0;
    %load/vec4 v00000216dee37660_0;
    %subi 1, 0, 3;
    %assign/vec4 v00000216dee37660_0, 0;
    %jmp T_0.7;
T_0.5 ;
    %load/vec4 v00000216dedc8e00_0;
    %assign/vec4 v00000216dedc8e00_0, 0;
    %load/vec4 v00000216dee36850_0;
    %assign/vec4 v00000216dee36850_0, 0;
    %load/vec4 v00000216dee368f0_0;
    %parti/s 1, 9, 5;
    %load/vec4 v00000216dee368f0_0;
    %parti/s 9, 1, 2;
    %concat/vec4; draw_concat_vec4
    %assign/vec4 v00000216deda2b20_0, 0;
    %load/vec4 v00000216dee37660_0;
    %subi 1, 0, 3;
    %assign/vec4 v00000216dee37660_0, 0;
    %jmp T_0.7;
T_0.7 ;
    %pop/vec4 1;
T_0.1 ;
    %jmp T_0;
    .thread T_0;
    .scope S_00000216deddaeb0;
T_1 ;
    %pushi/vec4 1, 0, 3;
    %store/vec4 v00000216dee36c60_0, 0, 3;
    %end;
    .thread T_1;
    .scope S_00000216deddaeb0;
T_2 ;
    %wait E_00000216deefaaa0;
    %load/vec4 v00000216dee37700_0;
    %nor/r;
    %flag_set/vec4 8;
    %jmp/0xz  T_2.0, 8;
    %pushi/vec4 1, 0, 3;
    %assign/vec4 v00000216dee377a0_0, 0;
    %jmp T_2.1;
T_2.0 ;
    %load/vec4 v00000216dee36c60_0;
    %assign/vec4 v00000216dee377a0_0, 0;
T_2.1 ;
    %jmp T_2;
    .thread T_2;
    .scope S_00000216deddaeb0;
T_3 ;
    %wait E_00000216deefaaa0;
    %load/vec4 v00000216dee377a0_0;
    %cmpi/e 2, 0, 3;
    %jmp/0xz  T_3.0, 4;
    %load/vec4 v00000216dee37520_0;
    %addi 1, 0, 3;
    %assign/vec4 v00000216dee37520_0, 0;
    %jmp T_3.1;
T_3.0 ;
    %pushi/vec4 0, 0, 3;
    %assign/vec4 v00000216dee37520_0, 0;
T_3.1 ;
    %jmp T_3;
    .thread T_3;
    .scope S_00000216deddaeb0;
T_4 ;
    %wait E_00000216deefaaa0;
    %load/vec4 v00000216dee377a0_0;
    %cmpi/e 4, 0, 3;
    %jmp/0xz  T_4.0, 4;
    %load/vec4 v00000216dee37020_0;
    %addi 1, 0, 3;
    %assign/vec4 v00000216dee37020_0, 0;
    %jmp T_4.1;
T_4.0 ;
    %pushi/vec4 0, 0, 3;
    %assign/vec4 v00000216dee37020_0, 0;
T_4.1 ;
    %jmp T_4;
    .thread T_4;
    .scope S_00000216deddaeb0;
T_5 ;
    %wait E_00000216deefa6a0;
    %load/vec4 v00000216dee377a0_0;
    %dup/vec4;
    %pushi/vec4 1, 0, 3;
    %cmp/u;
    %jmp/1 T_5.0, 6;
    %dup/vec4;
    %pushi/vec4 2, 0, 3;
    %cmp/u;
    %jmp/1 T_5.1, 6;
    %dup/vec4;
    %pushi/vec4 4, 0, 3;
    %cmp/u;
    %jmp/1 T_5.2, 6;
    %jmp T_5.3;
T_5.0 ;
    %load/vec4 v00000216dee37ac0_0;
    %nor/r;
    %flag_set/vec4 8;
    %jmp/0xz  T_5.4, 8;
    %pushi/vec4 1, 0, 3;
    %store/vec4 v00000216dee36c60_0, 0, 3;
    %jmp T_5.5;
T_5.4 ;
    %pushi/vec4 2, 0, 3;
    %store/vec4 v00000216dee36c60_0, 0, 3;
T_5.5 ;
    %jmp T_5.3;
T_5.1 ;
    %load/vec4 v00000216dee37520_0;
    %pad/u 32;
    %cmpi/e 3, 0, 32;
    %jmp/0xz  T_5.6, 4;
    %pushi/vec4 4, 0, 3;
    %store/vec4 v00000216dee36c60_0, 0, 3;
    %jmp T_5.7;
T_5.6 ;
    %pushi/vec4 2, 0, 3;
    %store/vec4 v00000216dee36c60_0, 0, 3;
T_5.7 ;
    %jmp T_5.3;
T_5.2 ;
    %load/vec4 v00000216dee37020_0;
    %pad/u 32;
    %cmpi/e 1, 0, 32;
    %jmp/0xz  T_5.8, 4;
    %pushi/vec4 1, 0, 3;
    %store/vec4 v00000216dee36c60_0, 0, 3;
    %jmp T_5.9;
T_5.8 ;
    %pushi/vec4 4, 0, 3;
    %store/vec4 v00000216dee36c60_0, 0, 3;
T_5.9 ;
    %jmp T_5.3;
T_5.3 ;
    %pop/vec4 1;
    %jmp T_5;
    .thread T_5, $push;
    .scope S_00000216deddaeb0;
T_6 ;
    %wait E_00000216deefa620;
    %load/vec4 v00000216dee377a0_0;
    %cmpi/e 4, 0, 3;
    %jmp/0xz  T_6.0, 4;
    %load/vec4 v00000216dee37020_0;
    %nor/r;
    %flag_set/vec4 8;
    %jmp/0xz  T_6.2, 8;
    %load/vec4 v00000216dee37160_0;
    %store/vec4 v00000216dee37480_0, 0, 8;
    %jmp T_6.3;
T_6.2 ;
    %load/vec4 v00000216dee37480_0;
    %store/vec4 v00000216dee37480_0, 0, 8;
T_6.3 ;
    %jmp T_6.1;
T_6.0 ;
    %pushi/vec4 0, 0, 8;
    %store/vec4 v00000216dee37480_0, 0, 8;
T_6.1 ;
    %jmp T_6;
    .thread T_6, $push;
# The file index is used to find the file name in the following table.
:file_names 3;
    "N/A";
    "<interactive>";
    "Lab5_Team1_Booth_Multiplier_4bit.v";
