#! /c/Source/iverilog-install/bin/vvp
:ivl_version "12.0 (devel)" "(s20150603-1110-g18392a46)";
:ivl_delay_selection "TYPICAL";
:vpi_time_precision - 12;
:vpi_module "C:\iverilog\lib\ivl\system.vpi";
:vpi_module "C:\iverilog\lib\ivl\vhdl_sys.vpi";
:vpi_module "C:\iverilog\lib\ivl\vhdl_textio.vpi";
:vpi_module "C:\iverilog\lib\ivl\v2005_math.vpi";
:vpi_module "C:\iverilog\lib\ivl\va_math.vpi";
S_00000151440dbb50 .scope module, "Traffic_Light_Controller_t" "Traffic_Light_Controller_t" 2 4;
 .timescale -9 -12;
v00000151440f2c10_0 .var "clk", 0 0;
v00000151440f2cb0_0 .net "hw_light", 2 0, v00000151441245a0_0;  1 drivers
v00000151440f2d50_0 .var "lr_has_car", 0 0;
v00000151440f2df0_0 .net "lr_light", 2 0, v00000151441246e0_0;  1 drivers
v00000151440f2e90_0 .var "rst_n", 0 0;
S_0000015144118570 .scope module, "TLC" "Traffic_Light_Controller" 2 7, 3 3 0, S_00000151440dbb50;
 .timescale -9 -12;
    .port_info 0 /INPUT 1 "clk";
    .port_info 1 /INPUT 1 "rst_n";
    .port_info 2 /INPUT 1 "lr_has_car";
    .port_info 3 /OUTPUT 3 "hw_light";
    .port_info 4 /OUTPUT 3 "lr_light";
P_0000015144118700 .param/l "A" 0 3 9, C4<000>;
P_0000015144118738 .param/l "B" 0 3 10, C4<001>;
P_0000015144118770 .param/l "C" 0 3 11, C4<010>;
P_00000151441187a8 .param/l "D" 0 3 12, C4<011>;
P_00000151441187e0 .param/l "E" 0 3 13, C4<100>;
P_0000015144118818 .param/l "F" 0 3 14, C4<101>;
P_0000015144118850 .param/l "greentime" 0 3 16, C4<01000101>;
P_0000015144118888 .param/l "yellowtime" 0 3 17, C4<00011000>;
v00000151440d9d50_0 .net "clk", 0 0, v00000151440f2c10_0;  1 drivers
v0000015144131f30_0 .var "cnt", 7 0;
v00000151441245a0_0 .var "hw_light", 2 0;
v0000015144124640_0 .net "lr_has_car", 0 0, v00000151440f2d50_0;  1 drivers
v00000151441246e0_0 .var "lr_light", 2 0;
v0000015144124780_0 .var "next_state", 2 0;
v00000151440f2ad0_0 .net "rst_n", 0 0, v00000151440f2e90_0;  1 drivers
v00000151440f2b70_0 .var "state", 2 0;
E_0000015144117780 .event anyedge, v00000151440f2b70_0, v0000015144131f30_0, v0000015144124640_0;
E_0000015144116b40 .event posedge, v00000151440d9d50_0;
    .scope S_0000015144118570;
T_0 ;
    %pushi/vec4 0, 0, 3;
    %store/vec4 v0000015144124780_0, 0, 3;
    %end;
    .thread T_0;
    .scope S_0000015144118570;
T_1 ;
    %wait E_0000015144116b40;
    %load/vec4 v00000151440f2ad0_0;
    %nor/r;
    %flag_set/vec4 8;
    %jmp/0xz  T_1.0, 8;
    %pushi/vec4 0, 0, 3;
    %assign/vec4 v00000151440f2b70_0, 0;
    %jmp T_1.1;
T_1.0 ;
    %load/vec4 v0000015144124780_0;
    %assign/vec4 v00000151440f2b70_0, 0;
T_1.1 ;
    %jmp T_1;
    .thread T_1;
    .scope S_0000015144118570;
T_2 ;
    %wait E_0000015144116b40;
    %load/vec4 v00000151440f2ad0_0;
    %nor/r;
    %flag_set/vec4 8;
    %load/vec4 v00000151440f2b70_0;
    %load/vec4 v0000015144124780_0;
    %cmp/ne;
    %flag_or 4, 8;
    %jmp/0xz  T_2.0, 4;
    %pushi/vec4 0, 0, 8;
    %assign/vec4 v0000015144131f30_0, 0;
    %jmp T_2.1;
T_2.0 ;
    %load/vec4 v00000151440f2b70_0;
    %dup/vec4;
    %pushi/vec4 0, 0, 3;
    %cmp/u;
    %jmp/1 T_2.2, 6;
    %dup/vec4;
    %pushi/vec4 1, 0, 3;
    %cmp/u;
    %jmp/1 T_2.3, 6;
    %dup/vec4;
    %pushi/vec4 3, 0, 3;
    %cmp/u;
    %jmp/1 T_2.4, 6;
    %dup/vec4;
    %pushi/vec4 4, 0, 3;
    %cmp/u;
    %jmp/1 T_2.5, 6;
    %pushi/vec4 0, 0, 8;
    %assign/vec4 v0000015144131f30_0, 0;
    %jmp T_2.7;
T_2.2 ;
    %load/vec4 v0000015144131f30_0;
    %cmpi/e 69, 0, 8;
    %jmp/0xz  T_2.8, 4;
    %load/vec4 v0000015144131f30_0;
    %assign/vec4 v0000015144131f30_0, 0;
    %jmp T_2.9;
T_2.8 ;
    %load/vec4 v0000015144131f30_0;
    %addi 1, 0, 8;
    %assign/vec4 v0000015144131f30_0, 0;
T_2.9 ;
    %jmp T_2.7;
T_2.3 ;
    %load/vec4 v0000015144131f30_0;
    %cmpi/e 24, 0, 8;
    %jmp/0xz  T_2.10, 4;
    %load/vec4 v0000015144131f30_0;
    %assign/vec4 v0000015144131f30_0, 0;
    %jmp T_2.11;
T_2.10 ;
    %load/vec4 v0000015144131f30_0;
    %addi 1, 0, 8;
    %assign/vec4 v0000015144131f30_0, 0;
T_2.11 ;
    %jmp T_2.7;
T_2.4 ;
    %load/vec4 v0000015144131f30_0;
    %cmpi/e 69, 0, 8;
    %jmp/0xz  T_2.12, 4;
    %load/vec4 v0000015144131f30_0;
    %assign/vec4 v0000015144131f30_0, 0;
    %jmp T_2.13;
T_2.12 ;
    %load/vec4 v0000015144131f30_0;
    %addi 1, 0, 8;
    %assign/vec4 v0000015144131f30_0, 0;
T_2.13 ;
    %jmp T_2.7;
T_2.5 ;
    %load/vec4 v0000015144131f30_0;
    %cmpi/e 24, 0, 8;
    %jmp/0xz  T_2.14, 4;
    %load/vec4 v0000015144131f30_0;
    %assign/vec4 v0000015144131f30_0, 0;
    %jmp T_2.15;
T_2.14 ;
    %load/vec4 v0000015144131f30_0;
    %addi 1, 0, 8;
    %assign/vec4 v0000015144131f30_0, 0;
T_2.15 ;
    %jmp T_2.7;
T_2.7 ;
    %pop/vec4 1;
T_2.1 ;
    %jmp T_2;
    .thread T_2;
    .scope S_0000015144118570;
T_3 ;
    %wait E_0000015144117780;
    %load/vec4 v00000151440f2b70_0;
    %dup/vec4;
    %pushi/vec4 0, 0, 3;
    %cmp/u;
    %jmp/1 T_3.0, 6;
    %dup/vec4;
    %pushi/vec4 1, 0, 3;
    %cmp/u;
    %jmp/1 T_3.1, 6;
    %dup/vec4;
    %pushi/vec4 2, 0, 3;
    %cmp/u;
    %jmp/1 T_3.2, 6;
    %dup/vec4;
    %pushi/vec4 3, 0, 3;
    %cmp/u;
    %jmp/1 T_3.3, 6;
    %dup/vec4;
    %pushi/vec4 4, 0, 3;
    %cmp/u;
    %jmp/1 T_3.4, 6;
    %pushi/vec4 1, 0, 3;
    %store/vec4 v00000151441245a0_0, 0, 3;
    %pushi/vec4 1, 0, 3;
    %store/vec4 v00000151441246e0_0, 0, 3;
    %pushi/vec4 0, 0, 3;
    %store/vec4 v0000015144124780_0, 0, 3;
    %jmp T_3.6;
T_3.0 ;
    %pushi/vec4 4, 0, 3;
    %store/vec4 v00000151441245a0_0, 0, 3;
    %pushi/vec4 1, 0, 3;
    %store/vec4 v00000151441246e0_0, 0, 3;
    %load/vec4 v0000015144131f30_0;
    %pushi/vec4 69, 0, 8;
    %cmp/e;
    %flag_get/vec4 4;
    %load/vec4 v0000015144124640_0;
    %and;
    %flag_set/vec4 8;
    %jmp/0xz  T_3.7, 8;
    %pushi/vec4 1, 0, 3;
    %store/vec4 v0000015144124780_0, 0, 3;
    %jmp T_3.8;
T_3.7 ;
    %pushi/vec4 0, 0, 3;
    %store/vec4 v0000015144124780_0, 0, 3;
T_3.8 ;
    %jmp T_3.6;
T_3.1 ;
    %pushi/vec4 2, 0, 3;
    %store/vec4 v00000151441245a0_0, 0, 3;
    %pushi/vec4 1, 0, 3;
    %store/vec4 v00000151441246e0_0, 0, 3;
    %load/vec4 v0000015144131f30_0;
    %cmpi/e 24, 0, 8;
    %jmp/0xz  T_3.9, 4;
    %pushi/vec4 2, 0, 3;
    %store/vec4 v0000015144124780_0, 0, 3;
    %jmp T_3.10;
T_3.9 ;
    %pushi/vec4 1, 0, 3;
    %store/vec4 v0000015144124780_0, 0, 3;
T_3.10 ;
    %jmp T_3.6;
T_3.2 ;
    %pushi/vec4 1, 0, 3;
    %store/vec4 v00000151441245a0_0, 0, 3;
    %pushi/vec4 1, 0, 3;
    %store/vec4 v00000151441246e0_0, 0, 3;
    %pushi/vec4 3, 0, 3;
    %store/vec4 v0000015144124780_0, 0, 3;
    %jmp T_3.6;
T_3.3 ;
    %pushi/vec4 1, 0, 3;
    %store/vec4 v00000151441245a0_0, 0, 3;
    %pushi/vec4 4, 0, 3;
    %store/vec4 v00000151441246e0_0, 0, 3;
    %load/vec4 v0000015144131f30_0;
    %cmpi/e 69, 0, 8;
    %jmp/0xz  T_3.11, 4;
    %pushi/vec4 4, 0, 3;
    %store/vec4 v0000015144124780_0, 0, 3;
    %jmp T_3.12;
T_3.11 ;
    %pushi/vec4 3, 0, 3;
    %store/vec4 v0000015144124780_0, 0, 3;
T_3.12 ;
    %jmp T_3.6;
T_3.4 ;
    %pushi/vec4 1, 0, 3;
    %store/vec4 v00000151441245a0_0, 0, 3;
    %pushi/vec4 2, 0, 3;
    %store/vec4 v00000151441246e0_0, 0, 3;
    %load/vec4 v0000015144131f30_0;
    %cmpi/e 24, 0, 8;
    %jmp/0xz  T_3.13, 4;
    %pushi/vec4 5, 0, 3;
    %store/vec4 v0000015144124780_0, 0, 3;
    %jmp T_3.14;
T_3.13 ;
    %pushi/vec4 4, 0, 3;
    %store/vec4 v0000015144124780_0, 0, 3;
T_3.14 ;
    %jmp T_3.6;
T_3.6 ;
    %pop/vec4 1;
    %jmp T_3;
    .thread T_3, $push;
    .scope S_00000151440dbb50;
T_4 ;
    %pushi/vec4 0, 0, 1;
    %store/vec4 v00000151440f2c10_0, 0, 1;
    %pushi/vec4 0, 0, 1;
    %store/vec4 v00000151440f2e90_0, 0, 1;
    %pushi/vec4 0, 0, 1;
    %store/vec4 v00000151440f2d50_0, 0, 1;
    %end;
    .thread T_4;
    .scope S_00000151440dbb50;
T_5 ;
    %delay 5000, 0;
    %load/vec4 v00000151440f2c10_0;
    %inv;
    %store/vec4 v00000151440f2c10_0, 0, 1;
    %jmp T_5;
    .thread T_5;
    .scope S_00000151440dbb50;
T_6 ;
    %delay 5000, 0;
    %pushi/vec4 1, 0, 1;
    %store/vec4 v00000151440f2e90_0, 0, 1;
    %end;
    .thread T_6;
    .scope S_00000151440dbb50;
T_7 ;
    %delay 350000, 0;
    %pushi/vec4 1, 0, 1;
    %store/vec4 v00000151440f2d50_0, 0, 1;
    %delay 3000000, 0;
    %pushi/vec4 0, 0, 1;
    %store/vec4 v00000151440f2d50_0, 0, 1;
    %delay 100000, 0;
    %vpi_call 2 18 "$finish" {0 0 0};
    %end;
    .thread T_7;
    .scope S_00000151440dbb50;
T_8 ;
    %vpi_call 2 22 "$dumpfile", "Traffic_Light_Controller_t.vcd" {0 0 0};
    %vpi_call 2 23 "$dumpvars", 32'sb00000000000000000000000000000000, S_00000151440dbb50 {0 0 0};
    %end;
    .thread T_8;
# The file index is used to find the file name in the following table.
:file_names 4;
    "N/A";
    "<interactive>";
    "Lab5_Team1_Traffic_Light_Controller_t.v";
    "./Lab5_Team1_Traffic_Light_Controller.v";
